2025-01-07T09:00:26.582462+0800 INFO 表位 3 执行参数设置与查询试验...
2025-01-07T09:00:36.587702+0800 INFO 
2025-01-07T09:00:36.587702+0800 INFO =============================
2025-01-07T09:00:36.587702+0800 INFO 参数设置与查询试验
2025-01-07T09:00:36.595705+0800 INFO =============================
2025-01-07T09:00:36.595705+0800 INFO 
2025-01-07T09:00:36.595705+0800 INFO -----------------------------
2025-01-07T09:00:36.611334+0800 INFO 步骤1 上行通信方式RS-485
2025-01-07T09:00:36.611334+0800 INFO -----------------------------
2025-01-07T09:00:36.718442+0800 INFO 步骤1 执行成功
2025-01-07T09:00:36.718442+0800 INFO 
2025-01-07T09:00:36.726474+0800 INFO -----------------------------
2025-01-07T09:00:36.728983+0800 INFO 步骤2 通信协商 建立链接
2025-01-07T09:00:36.728983+0800 INFO -----------------------------
2025-01-07T09:00:36.728983+0800 INFO 【用例执行前序准备阶段】步骤0：获取表位配置
2025-01-07T09:00:36.728983+0800 INFO 【用例执行前序准备阶段】步骤1：读取通信地址（40010200）
2025-01-07T09:00:36.728983+0800 INFO 发送至被测设备的下行报文：6817004305030201052420a03a5a0501014001020000c60716

2025-01-07T09:00:37.144638+0800 INFO 执行结果：<mode.bean.DuringResult object at 0x00000224202418D0>
2025-01-07T09:00:37.144638+0800 INFO 接收的数据：682100C305030201052420A055F88501014001020001090620240501020300009EDA16
2025-01-07T09:00:37.144638+0800 INFO 接收到被测设备的上行报文：682100C305030201052420A055F88501014001020001090620240501020300009EDA16

2025-01-07T09:00:37.144638+0800 INFO 【用例执行前序准备阶段】步骤1：读取通信地址（40010200）,读取通信地址成功

2025-01-07T09:00:37.144638+0800 INFO 通信地址:202405010203

2025-01-07T09:00:37.160265+0800 INFO 【用例执行前序准备阶段】步骤2：读取表号（40020200）
2025-01-07T09:00:37.160265+0800 INFO 发送至被测设备的下行报文：6817004305030201052420a03a5a05010140020200000b2216

2025-01-07T09:00:37.567296+0800 INFO 执行结果：<mode.bean.DuringResult object at 0x0000022420243A10>
2025-01-07T09:00:37.567296+0800 INFO 接收的数据：682100C305030201052420A055F885010140020200010906FFFFFFFFFFFF0000A95D16
2025-01-07T09:00:37.573341+0800 INFO 接收到被测设备的上行报文：682100C305030201052420A055F885010140020200010906FFFFFFFFFFFF0000A95D16

2025-01-07T09:00:37.573341+0800 INFO 【用例执行前序准备阶段】步骤2：读取表号（40020200）,读取表号成功

2025-01-07T09:00:37.573341+0800 INFO 表号:0000FFFFFFFFFFFF

2025-01-07T09:00:37.579351+0800 INFO 【用例执行前序准备阶段】步骤3：读取ESAM序列号（F1000200）
2025-01-07T09:00:37.581362+0800 INFO 发送至被测设备的下行报文：6817004305030201052420a03a5a050101f100020000bd4e16

2025-01-07T09:00:37.985546+0800 INFO 执行结果：<mode.bean.DuringResult object at 0x000002242133A990>
2025-01-07T09:00:37.989090+0800 INFO 接收的数据：682300C305030201052420A07753850101F10002000109086F0100000003CDD9000017A616
2025-01-07T09:00:37.990630+0800 INFO 接收到被测设备的上行报文：682300C305030201052420A07753850101F10002000109086F0100000003CDD9000017A616

2025-01-07T09:00:37.990630+0800 INFO 【用例执行前序准备阶段】步骤3：读取ESAM序列号（F1000200）,读取ESAM序列号成功

2025-01-07T09:00:37.990630+0800 INFO ESAM序列号:6F0100000003CDD9

2025-01-07T09:00:37.990630+0800 INFO 【用例执行前序准备阶段】步骤4：读取对称密钥版本（F1000400）
2025-01-07T09:00:37.990630+0800 INFO 发送至被测设备的下行报文：6817004305030201052420a03a5a050101f100040000649816

2025-01-07T09:00:38.404141+0800 INFO 执行结果：<mode.bean.DuringResult object at 0x00000224202418D0>
2025-01-07T09:00:38.404141+0800 INFO 接收的数据：682B00C305030201052420A0DDEF850101F1000400010910000000000000000000000000000000000000F99B16
2025-01-07T09:00:38.404141+0800 INFO 接收到被测设备的上行报文：682B00C305030201052420A0DDEF850101F1000400010910000000000000000000000000000000000000F99B16

2025-01-07T09:00:38.404141+0800 INFO 【用例执行前序准备阶段】步骤4：读取对称密钥版本（F1000400）,读取对称密钥版本成功

2025-01-07T09:00:38.404141+0800 INFO 对称密钥版本:00000000000000000000

2025-01-07T09:00:38.404141+0800 INFO 【用例执行前序准备阶段】步骤5：读取计数器（F1000700）
2025-01-07T09:00:38.404141+0800 INFO 发送至被测设备的下行报文：6817004305030201052420a03a5a050101f100070000007716

2025-01-07T09:00:38.820949+0800 INFO 执行结果：<mode.bean.DuringResult object at 0x0000022420258A10>
2025-01-07T09:00:38.824962+0800 INFO 接收的数据：682A00C305030201052420A04CBA850101F1000700010203060000000806000000000600000000000025D616
2025-01-07T09:00:38.824962+0800 INFO 接收到被测设备的上行报文：682A00C305030201052420A04CBA850101F1000700010203060000000806000000000600000000000025D616

2025-01-07T09:00:38.824962+0800 INFO 【用例执行前序准备阶段】步骤5：读取计数器（F1000700）,读取计数器成功

2025-01-07T09:00:38.824962+0800 INFO 计数器:00000009

2025-01-07T09:00:38.832994+0800 INFO 【用例执行前序准备阶段】步骤6：读取安全模式参数（F1010200）
2025-01-07T09:00:38.832994+0800 INFO 发送至被测设备的下行报文：6817004305030201052420a03a5a050101f101020000065216

2025-01-07T09:00:39.139445+0800 INFO 执行结果：<mode.bean.DuringResult object at 0x000002242023F710>
2025-01-07T09:00:39.141956+0800 INFO 接收的数据：681B00C305030201052420A0127C850101F101020001160100007CF616
2025-01-07T09:00:39.143984+0800 INFO 接收到被测设备的上行报文：681B00C305030201052420A0127C850101F101020001160100007CF616

2025-01-07T09:00:39.143984+0800 INFO 【用例执行前序准备阶段】步骤6：读取安全模式参数（F1010200）,读取安全模式参数成功

2025-01-07T09:00:39.146986+0800 INFO 安全模式参数:01

2025-01-07T09:00:39.146986+0800 INFO 【用例执行前序准备阶段】步骤7：与加密机主站会话协商
2025-01-07T09:00:39.326047+0800 INFO 建立应用连接开始
2025-01-07T09:00:39.326047+0800 INFO 【用例执行前序准备阶段】步骤8：建立应用连接
2025-01-07T09:00:39.335568+0800 INFO 发送至被测设备的下行报文：685e004305030201052420a0047e02000010ffffffffffffffffffffffffffffffffffffffffffffffff020002000107d0000151800220d55b496381b1191dfa01bcea67ceedd77c38c6a06d0cc90899f9fe6009d84c79046941fa450089bf16

2025-01-07T09:00:40.242381+0800 INFO 执行结果：<mode.bean.DuringResult object at 0x00000224202418D0>
2025-01-07T09:00:40.242381+0800 INFO 接收的数据：689000C305030201052420A010AC820000000000000000000000000000000000000000000000000000000000000000000016FFFFFFFFC0000000FFFEC400000000000000000000000000080008000107D00000070800013087487B2D45F4091289718E22EFE96DAAF4B1ED771379CA285B434EC2C2B9B3738E70A80830EF05E4B1BAA87B19907E460467666F08000046BC16
2025-01-07T09:00:40.242381+0800 INFO 接收到被测设备的上行报文：689000C305030201052420A010AC820000000000000000000000000000000000000000000000000000000000000000000016FFFFFFFFC0000000FFFEC400000000000000000000000000080008000107D00000070800013087487B2D45F4091289718E22EFE96DAAF4B1ED771379CA285B434EC2C2B9B3738E70A80830EF05E4B1BAA87B19907E460467666F08000046BC16

2025-01-07T09:00:40.249403+0800 INFO 【用例执行前序准备阶段】步骤8：建立应用连接,应用连接请求成功
2025-01-07T09:00:40.250422+0800 INFO 【用例执行前序准备阶段】步骤9：加密机协商验证
2025-01-07T09:00:40.441769+0800 INFO 【用例执行前序准备阶段】步骤9：加密机协商验证,密钥协商成功

2025-01-07T09:00:40.444759+0800 INFO 安全模式已启用，无需设置

2025-01-07T09:00:40.446752+0800 INFO 密钥协商成功
2025-01-07T09:00:40.448746+0800 INFO 步骤2 执行成功
2025-01-07T09:00:40.451525+0800 INFO 
2025-01-07T09:00:40.452518+0800 INFO -----------------------------
2025-01-07T09:00:40.454511+0800 INFO 步骤3 读取被测样机资产管理编码
2025-01-07T09:00:40.456506+0800 INFO -----------------------------
2025-01-07T09:00:40.458503+0800 INFO 发送至安全服务的明文APDU：0501004103020000

2025-01-07T09:00:40.898141+0800 INFO 安全服务返回的密文APDU：1001105A93450E1FD8FAD19257F4D8AC32D24B00811C33100200140499E9CE2F

2025-01-07T09:00:40.904677+0800 INFO 发送至被测设备的下行报文：682f004305030201052420a05f751001105a93450e1fd8fad19257f4d8ac32d24b00811c33100200140499e9ce2fc9a716

2025-01-07T09:00:41.513707+0800 INFO 安全传输执行结果：{'ProtocolData': '684900C305030201052420A0706B9001301290B581B7144CC296B1E1F1E19DF2DBD05CF196493448EEA5D6D4C67305CE93DD73EDA54433B72A3E522261B3A77C370100048B8C54BE41FD16'}
2025-01-07T09:00:41.513707+0800 INFO 接收到被测设备的上行报文：684900C305030201052420A0706B9001301290B581B7144CC296B1E1F1E19DF2DBD05CF196493448EEA5D6D4C67305CE93DD73EDA54433B72A3E522261B3A77C370100048B8C54BE41FD16

2025-01-07T09:00:41.513707+0800 INFO 安全传输接收的数据：684900C305030201052420A0706B9001301290B581B7144CC296B1E1F1E19DF2DBD05CF196493448EEA5D6D4C67305CE93DD73EDA54433B72A3E522261B3A77C370100048B8C54BE41FD16
2025-01-07T09:00:41.513707+0800 INFO 发送至安全服务的密文APDU：9001301290B581B7144CC296B1E1F1E19DF2DBD05CF196493448EEA5D6D4C67305CE93DD73EDA54433B72A3E522261B3A77C370100048B8C54BE

2025-01-07T09:00:42.072101+0800 INFO 安全服务返回的明文APDU：85010041030200010A2030303030303030303030303030303030303030303030303030303030303030300000

2025-01-07T09:00:42.072101+0800 INFO common_stop结果(0, '85010041030200010A2030303030303030303030303030303030303030303030303030303030303030300000', '安全传输成功')
2025-01-07T09:00:42.072101+0800 INFO 原始值:00000000000000000000000000000000
2025-01-07T09:00:42.072101+0800 INFO 步骤3 执行成功
2025-01-07T09:00:42.072101+0800 INFO 
2025-01-07T09:00:42.087734+0800 INFO -----------------------------
2025-01-07T09:00:42.087734+0800 INFO 步骤4 设置被测样机资产管理编码
2025-01-07T09:00:42.087734+0800 INFO -----------------------------
2025-01-07T09:00:42.087734+0800 INFO 发送至安全服务的明文APDU：060101410302000a20414243444546474831323334353637386162636465666768313233343536373800

2025-01-07T09:00:42.524093+0800 INFO 安全服务返回的密文APDU：100130B09B0994C1EBC3843BB44E97D2A484660DB48345CC9117D9CC1120B85227AB5C4CED984186072EA292CDDB9BE59F3AEC00811C3310020034048D1CDEE4

2025-01-07T09:00:42.535598+0800 INFO 发送至被测设备的下行报文：684f004305030201052420a0d05a100130b09b0994c1ebc3843bb44e97d2a484660db48345cc9117d9cc1120b85227ab5c4ced984186072ea292cddb9be59f3aec00811c3310020034048d1cdee4324b16

2025-01-07T09:00:43.141316+0800 INFO 安全传输执行结果：{'ProtocolData': '682900C305030201052420A0FF44900110B9B18D4508D3E5EA63DCC276AA3710EA0100047DA0CC2BD23F16'}
2025-01-07T09:00:43.141316+0800 INFO 接收到被测设备的上行报文：682900C305030201052420A0FF44900110B9B18D4508D3E5EA63DCC276AA3710EA0100047DA0CC2BD23F16

2025-01-07T09:00:43.141316+0800 INFO 安全传输接收的数据：682900C305030201052420A0FF44900110B9B18D4508D3E5EA63DCC276AA3710EA0100047DA0CC2BD23F16
2025-01-07T09:00:43.141316+0800 INFO 发送至安全服务的密文APDU：900110B9B18D4508D3E5EA63DCC276AA3710EA0100047DA0CC2B

2025-01-07T09:00:43.541978+0800 INFO 安全服务返回的明文APDU：86010141030200000000

2025-01-07T09:00:43.557658+0800 INFO common_stop结果(0, '86010141030200000000', '安全传输成功')
2025-01-07T09:00:43.560206+0800 INFO 步骤4 执行成功
2025-01-07T09:00:43.560206+0800 INFO 
2025-01-07T09:00:43.560206+0800 INFO -----------------------------
2025-01-07T09:00:43.560206+0800 INFO 步骤5 读取被测样机资产管理编码
2025-01-07T09:00:43.560206+0800 INFO -----------------------------
2025-01-07T09:00:43.560206+0800 INFO 发送至安全服务的明文APDU：0501024103020000

2025-01-07T09:00:43.985678+0800 INFO 安全服务返回的密文APDU：10011043E553DD7E87C4EE7FBB5B76E439E08A00811C33100200140438F7B801

2025-01-07T09:00:43.985678+0800 INFO 发送至被测设备的下行报文：682f004305030201052420a05f7510011043e553dd7e87c4ee7fbb5b76e439e08a00811c33100200140438f7b8011f0816

2025-01-07T09:00:44.497980+0800 INFO 安全传输执行结果：{'ProtocolData': '684900C305030201052420A0706B900130545691EB3B02AA22CFD1668689965C34E7B7D3B836C0D653C0DF6343B5C787157309CF4C1F353C83D1B4FD3ABA4D89FD01000418B82A1DEBFA16'}
2025-01-07T09:00:44.497980+0800 INFO 接收到被测设备的上行报文：684900C305030201052420A0706B900130545691EB3B02AA22CFD1668689965C34E7B7D3B836C0D653C0DF6343B5C787157309CF4C1F353C83D1B4FD3ABA4D89FD01000418B82A1DEBFA16

2025-01-07T09:00:44.497980+0800 INFO 安全传输接收的数据：684900C305030201052420A0706B900130545691EB3B02AA22CFD1668689965C34E7B7D3B836C0D653C0DF6343B5C787157309CF4C1F353C83D1B4FD3ABA4D89FD01000418B82A1DEBFA16
2025-01-07T09:00:44.497980+0800 INFO 发送至安全服务的密文APDU：900130545691EB3B02AA22CFD1668689965C34E7B7D3B836C0D653C0DF6343B5C787157309CF4C1F353C83D1B4FD3ABA4D89FD01000418B82A1D

2025-01-07T09:00:45.012948+0800 INFO 安全服务返回的明文APDU：85010241030200010A2041424344454647483132333435363738616263646566676831323334353637380000

2025-01-07T09:00:45.012948+0800 INFO common_stop结果(0, '85010241030200010A2041424344454647483132333435363738616263646566676831323334353637380000', '安全传输成功')
2025-01-07T09:00:45.029576+0800 INFO 修改后的资产码:ABCDEFGH12345678abcdefgh12345678
2025-01-07T09:00:45.031081+0800 INFO 步骤5 执行成功
2025-01-07T09:00:45.031081+0800 INFO 
2025-01-07T09:00:45.031081+0800 INFO -----------------------------
2025-01-07T09:00:45.031081+0800 INFO 步骤6 判断读取到的资产管理编码
2025-01-07T09:00:45.042095+0800 INFO -----------------------------
2025-01-07T09:00:45.044119+0800 INFO 步骤6 执行成功
2025-01-07T09:00:45.044119+0800 INFO 
2025-01-07T09:00:45.046620+0800 INFO -----------------------------
2025-01-07T09:00:45.046620+0800 INFO 步骤7 恢复被测样机资产管理编码
2025-01-07T09:00:45.046620+0800 INFO -----------------------------
2025-01-07T09:00:45.046620+0800 INFO 发送至安全服务的明文APDU：060103410302000a20303030303030303030303030303030303030303030303030303030303030303000

2025-01-07T09:00:45.481572+0800 INFO 安全服务返回的密文APDU：1001309F050D024734BC76E22E42231F2DD77D432AC1573A542ACDD612775FEA260FC340E881802E47DAEF848A5763D4BBE41600811C33100200340426A72CEE

2025-01-07T09:00:45.485570+0800 INFO 发送至被测设备的下行报文：684f004305030201052420a0d05a1001309f050d024734bc76e22e42231f2dd77d432ac1573a542acdd612775fea260fc340e881802e47daef848a5763d4bbe41600811c33100200340426a72cee8a8a16

2025-01-07T09:00:46.092566+0800 INFO 安全传输执行结果：{'ProtocolData': '682900C305030201052420A0FF44900110D3544734BCD6A894A19626993DC5EB84010004FAFD79B42F2C16'}
2025-01-07T09:00:46.092566+0800 INFO 接收到被测设备的上行报文：682900C305030201052420A0FF44900110D3544734BCD6A894A19626993DC5EB84010004FAFD79B42F2C16

2025-01-07T09:00:46.098580+0800 INFO 安全传输接收的数据：682900C305030201052420A0FF44900110D3544734BCD6A894A19626993DC5EB84010004FAFD79B42F2C16
2025-01-07T09:00:46.100590+0800 INFO 发送至安全服务的密文APDU：900110D3544734BCD6A894A19626993DC5EB84010004FAFD79B4

2025-01-07T09:00:46.335461+0800 INFO 安全服务返回的明文APDU：86010341030200000000

2025-01-07T09:00:46.350799+0800 INFO common_stop结果(0, '86010341030200000000', '安全传输成功')
2025-01-07T09:00:46.353116+0800 INFO 步骤7 执行成功
2025-01-07T09:00:46.353116+0800 INFO 
2025-01-07T09:00:46.353116+0800 INFO -----------------------------
2025-01-07T09:00:46.353116+0800 INFO 步骤8 读取被测样机地理位置
2025-01-07T09:00:46.353116+0800 INFO -----------------------------
2025-01-07T09:00:46.368802+0800 INFO 发送至安全服务的明文APDU：0501044004020000

2025-01-07T09:00:46.512073+0800 INFO 安全服务返回的密文APDU：100110A3610144EC09D01C9918F98743C4704800811C331002001404B6E671F6

2025-01-07T09:00:46.512073+0800 INFO 发送至被测设备的下行报文：682f004305030201052420a05f75100110a3610144ec09d01c9918f98743c4704800811c331002001404b6e671f6202b16

2025-01-07T09:00:47.017927+0800 INFO 安全传输执行结果：{'ProtocolData': '684900C305030201052420A0706B900130CA9CCF28720D5855B01555797013D3EBC8F76A3531321E1D9B2D12F73D9D8B174494D038BA3A30BEA1D42CB70CDB2622010004F339E523766716'}
2025-01-07T09:00:47.017927+0800 INFO 接收到被测设备的上行报文：684900C305030201052420A0706B900130CA9CCF28720D5855B01555797013D3EBC8F76A3531321E1D9B2D12F73D9D8B174494D038BA3A30BEA1D42CB70CDB2622010004F339E523766716

2025-01-07T09:00:47.017927+0800 INFO 安全传输接收的数据：684900C305030201052420A0706B900130CA9CCF28720D5855B01555797013D3EBC8F76A3531321E1D9B2D12F73D9D8B174494D038BA3A30BEA1D42CB70CDB2622010004F339E523766716
2025-01-07T09:00:47.033555+0800 INFO 发送至安全服务的密文APDU：900130CA9CCF28720D5855B01555797013D3EBC8F76A3531321E1D9B2D12F73D9D8B174494D038BA3A30BEA1D42CB70CDB2622010004F339E523

2025-01-07T09:00:47.376136+0800 INFO 安全服务返回的明文APDU：8501044004020001020302031600120000170000000002031600120000170000000005000000000000

2025-01-07T09:00:47.376136+0800 INFO common_stop结果(0, '8501044004020001020302031600120000170000000002031600120000170000000005000000000000', '安全传输成功')
2025-01-07T09:00:47.376136+0800 INFO 步骤8 执行成功
2025-01-07T09:00:47.376136+0800 INFO 
2025-01-07T09:00:47.387648+0800 INFO -----------------------------
2025-01-07T09:00:47.387648+0800 INFO 步骤9 设置被测样机地理位置
2025-01-07T09:00:47.387648+0800 INFO -----------------------------
2025-01-07T09:00:47.387648+0800 INFO 发送至安全服务的明文APDU：06010540040200020302031600120070173dfcb92402031600120023173dfcb924050000007b00

2025-01-07T09:00:47.510918+0800 INFO 安全服务返回的密文APDU：100130BE530056F935983C8C00D199DBBAAA0CA7A1433E9A784D97CACD86F755296BAB219AF04862A390FE1A0FF1834F5B2E3B00811C33100200340416C402A2

2025-01-07T09:00:47.510918+0800 INFO 发送至被测设备的下行报文：684f004305030201052420a0d05a100130be530056f935983c8c00d199dbbaaa0ca7a1433e9a784d97cacd86f755296bab219af04862a390fe1a0ff1834f5b2e3b00811c33100200340416c402a21d2c16

2025-01-07T09:00:48.119010+0800 INFO 安全传输执行结果：{'ProtocolData': '682900C305030201052420A0FF44900110D87171F0BD0CD4B103CFD0796B0DE7340100045637D838E5D816'}
2025-01-07T09:00:48.119010+0800 INFO 接收到被测设备的上行报文：682900C305030201052420A0FF44900110D87171F0BD0CD4B103CFD0796B0DE7340100045637D838E5D816

2025-01-07T09:00:48.119010+0800 INFO 安全传输接收的数据：682900C305030201052420A0FF44900110D87171F0BD0CD4B103CFD0796B0DE7340100045637D838E5D816
2025-01-07T09:00:48.119010+0800 INFO 发送至安全服务的密文APDU：900110D87171F0BD0CD4B103CFD0796B0DE7340100045637D838

2025-01-07T09:00:48.216648+0800 INFO 安全服务返回的明文APDU：86010540040200000000

2025-01-07T09:00:48.216648+0800 INFO common_stop结果(0, '86010540040200000000', '安全传输成功')
2025-01-07T09:00:48.232275+0800 INFO 步骤9 执行成功
2025-01-07T09:00:48.232275+0800 INFO 
2025-01-07T09:00:48.232275+0800 INFO -----------------------------
2025-01-07T09:00:48.232275+0800 INFO 步骤10 读取被测样机地理位置
2025-01-07T09:00:48.232275+0800 INFO -----------------------------
2025-01-07T09:00:48.232275+0800 INFO 发送至安全服务的明文APDU：0501064004020000

2025-01-07T09:00:48.920503+0800 INFO 安全服务返回的密文APDU：1001101EF3ED770172F5FBA4188676B3E1ECE100811C331002001404F9BC2D04

2025-01-07T09:00:48.920503+0800 INFO 发送至被测设备的下行报文：682f004305030201052420a05f751001101ef3ed770172f5fba4188676b3e1ece100811c331002001404f9bc2d04fc5616

2025-01-07T09:00:49.438277+0800 INFO 安全传输执行结果：{'ProtocolData': '684900C305030201052420A0706B9001305976FA26201F7531DD2E7ACA9BDBC7671C1748017CD336BE22B1BA305DA23E25D32E5A39C9513C0E4B53F7C5E6B1F98C0100047947390684AD16'}
2025-01-07T09:00:49.441779+0800 INFO 接收到被测设备的上行报文：684900C305030201052420A0706B9001305976FA26201F7531DD2E7ACA9BDBC7671C1748017CD336BE22B1BA305DA23E25D32E5A39C9513C0E4B53F7C5E6B1F98C0100047947390684AD16

2025-01-07T09:00:49.441779+0800 INFO 安全传输接收的数据：684900C305030201052420A0706B9001305976FA26201F7531DD2E7ACA9BDBC7671C1748017CD336BE22B1BA305DA23E25D32E5A39C9513C0E4B53F7C5E6B1F98C0100047947390684AD16
2025-01-07T09:00:49.441779+0800 INFO 发送至安全服务的密文APDU：9001305976FA26201F7531DD2E7ACA9BDBC7671C1748017CD336BE22B1BA305DA23E25D32E5A39C9513C0E4B53F7C5E6B1F98C01000479473906

2025-01-07T09:00:49.943448+0800 INFO 安全服务返回的明文APDU：8501064004020001020302031600120070173DFCB92402031600120023173DFCB924050000007B0000

2025-01-07T09:00:49.954464+0800 INFO common_stop结果(0, '8501064004020001020302031600120070173DFCB92402031600120023173DFCB924050000007B0000', '安全传输成功')
2025-01-07T09:00:49.954464+0800 INFO 步骤10 执行成功
2025-01-07T09:00:49.954464+0800 INFO 
2025-01-07T09:00:49.965488+0800 INFO -----------------------------
2025-01-07T09:00:49.965488+0800 INFO 步骤11 判断读取到的地理位置
2025-01-07T09:00:49.965488+0800 INFO -----------------------------
2025-01-07T09:00:49.965488+0800 INFO 步骤11 执行成功
2025-01-07T09:00:49.977019+0800 INFO 
2025-01-07T09:00:49.978021+0800 INFO -----------------------------
2025-01-07T09:00:49.978021+0800 INFO 步骤12 恢复被测样机地理位置
2025-01-07T09:00:49.978021+0800 INFO -----------------------------
2025-01-07T09:00:49.978021+0800 INFO 发送至安全服务的明文APDU：060107400402000203020316001200001700000000020316001200001700000000050000000000

2025-01-07T09:00:50.502148+0800 INFO 安全服务返回的密文APDU：100130FBD1AC3370C6552E9969130E6DDFFB2CC29A98F132A82C4BBA8EE5F82A4BB433E312CAAA965843FBE68489397B334A6100811C3310020034043A77A3CC

2025-01-07T09:00:50.517690+0800 INFO 发送至被测设备的下行报文：684f004305030201052420a0d05a100130fbd1ac3370c6552e9969130e6ddffb2cc29a98f132a82c4bba8ee5f82a4bb433e312caaa965843fbe68489397b334a6100811c3310020034043a77a3ccfbc916

2025-01-07T09:00:51.025093+0800 INFO 安全传输执行结果：{'ProtocolData': '682900C305030201052420A0FF4490011040232D7979BA2CA8B04914C97DA091BD0100047918ACB69F7E16'}
2025-01-07T09:00:51.025093+0800 INFO 接收到被测设备的上行报文：682900C305030201052420A0FF4490011040232D7979BA2CA8B04914C97DA091BD0100047918ACB69F7E16

2025-01-07T09:00:51.025093+0800 INFO 安全传输接收的数据：682900C305030201052420A0FF4490011040232D7979BA2CA8B04914C97DA091BD0100047918ACB69F7E16
2025-01-07T09:00:51.025093+0800 INFO 发送至安全服务的密文APDU：90011040232D7979BA2CA8B04914C97DA091BD0100047918ACB6

2025-01-07T09:00:51.242400+0800 INFO 安全服务返回的明文APDU：86010740040200000000

2025-01-07T09:00:51.242400+0800 INFO common_stop结果(0, '86010740040200000000', '安全传输成功')
2025-01-07T09:00:51.242400+0800 INFO 步骤12 执行成功
2025-01-07T09:00:51.242400+0800 INFO 
2025-01-07T09:00:51.258029+0800 INFO =============================
2025-01-07T09:00:51.258029+0800 INFO 参数设置与查询试验完成 耗时14.65 秒
2025-01-07T09:00:51.258029+0800 INFO 成功步数:12 失败步数：0
2025-01-07T09:00:51.258029+0800 INFO 测试结论: 合格
2025-01-07T09:00:51.270040+0800 INFO 执行结果: 测试结论: 合格
2025-01-07T09:00:51.276064+0800 INFO 执行时间: 14.65秒
2025-01-07T09:00:51.276064+0800 INFO 表位 3 完成执行测试用例: 参数设置与查询试验
