2025-01-07T08:55:00.353073+0800 INFO 表位 3 执行时钟召测和对时试验...
2025-01-07T08:55:00.353073+0800 INFO 表位 1 执行时钟召测和对时试验...
2025-01-07T08:55:10.777280+0800 INFO 切换逆变器为标准逆变器成功
2025-01-07T08:55:10.790450+0800 INFO 【用例执行前序准备阶段】步骤0：获取表位配置
2025-01-07T08:55:10.795025+0800 INFO 接收的数据：FEFEFEFE682100C305080201052420A0D78E85010140010200010906202405010208000038F316

【表位3】--被测设备读取EEPROM中的地址
2025-01-07T08:55:10.807794+0800 INFO 【用例执行前序准备阶段】步骤1：读取通信地址（40010200）
2025-01-07T08:55:10.811303+0800 INFO 发送至被测设备的下行报文：6817004305030201052420a03a5a0501014001020000c60716

2025-01-07T08:55:11.225939+0800 INFO 执行结果：<mode.bean.DuringResult object at 0x0000022420207990>
2025-01-07T08:55:11.225939+0800 INFO 接收的数据：682100C305030201052420A055F88501014001020001090620240501020300009EDA16
2025-01-07T08:55:11.225939+0800 INFO 接收到被测设备的上行报文：682100C305030201052420A055F88501014001020001090620240501020300009EDA16

2025-01-07T08:55:11.225939+0800 INFO 【用例执行前序准备阶段】步骤1：读取通信地址（40010200）,读取通信地址成功

2025-01-07T08:55:11.225939+0800 INFO 通信地址:202405010203

【表位3】
2025-01-07T08:55:11.225939+0800 INFO 【用例执行前序准备阶段】步骤2：读取表号（40020200）
2025-01-07T08:55:11.225939+0800 INFO 发送至被测设备的下行报文：6817004305030201052420a03a5a05010140020200000b2216

2025-01-07T08:55:11.659690+0800 INFO 执行结果：<mode.bean.DuringResult object at 0x000002242026C910>
2025-01-07T08:55:11.666708+0800 INFO 接收的数据：682100C305030201052420A055F885010140020200010906FFFFFFFFFFFF0000A95D16
2025-01-07T08:55:11.679244+0800 INFO 接收到被测设备的上行报文：682100C305030201052420A055F885010140020200010906FFFFFFFFFFFF0000A95D16

2025-01-07T08:55:11.679745+0800 INFO 【用例执行前序准备阶段】步骤2：读取表号（40020200）,读取表号成功

2025-01-07T08:55:11.695370+0800 INFO 表号:0000FFFFFFFFFFFF

【表位1】
2025-01-07T08:55:11.679745+0800 INFO 【用例执行前序准备阶段】步骤4：读取对称密钥版本（F1000400）
2025-01-07T08:55:11.679745+0800 INFO 发送至被测设备的下行报文：6817004305010201052420a0816d050101f100040000649816


【表位3】
2025-01-07T08:55:11.695370+0800 INFO 【用例执行前序准备阶段】步骤3：读取ESAM序列号（F1000200）
2025-01-07T08:55:11.695370+0800 INFO 发送至被测设备的下行报文：6817004305030201052420a03a5a050101f100020000bd4e16

2025-01-07T08:55:12.116075+0800 INFO 执行结果：<mode.bean.DuringResult object at 0x000002242023D390>
2025-01-07T08:55:12.119582+0800 INFO 接收的数据：682300C305030201052420A07753850101F10002000109086F0100000003CDD9000017A616
2025-01-07T08:55:12.129600+0800 INFO 接收到被测设备的上行报文：682300C305030201052420A07753850101F10002000109086F0100000003CDD9000017A616

2025-01-07T08:55:12.131624+0800 INFO 【用例执行前序准备阶段】步骤3：读取ESAM序列号（F1000200）,读取ESAM序列号成功

2025-01-07T08:55:12.131624+0800 INFO ESAM序列号:6F0100000003CDD9

【表位3】
2025-01-07T08:55:12.142629+0800 INFO 【用例执行前序准备阶段】步骤4：读取对称密钥版本（F1000400）
2025-01-07T08:55:12.142629+0800 INFO 发送至被测设备的下行报文：6817004305030201052420a03a5a050101f100040000649816

2025-01-07T08:55:12.569272+0800 INFO 执行结果：<mode.bean.DuringResult object at 0x000002242024E390>
2025-01-07T08:55:12.572311+0800 INFO 接收的数据：682B00C305030201052420A0DDEF850101F1000400010910000000000000000000000000000000000000F99B16
2025-01-07T08:55:12.578356+0800 INFO 接收到被测设备的上行报文：682B00C305030201052420A0DDEF850101F1000400010910000000000000000000000000000000000000F99B16

2025-01-07T08:55:12.584404+0800 INFO 【用例执行前序准备阶段】步骤4：读取对称密钥版本（F1000400）,读取对称密钥版本成功

2025-01-07T08:55:12.584404+0800 INFO 对称密钥版本:00000000000000000000

2025-01-07T08:55:12.584404+0800 INFO 【用例执行前序准备阶段】步骤5：读取计数器（F1000700）
2025-01-07T08:55:12.584404+0800 INFO 发送至被测设备的下行报文：6817004305030201052420a03a5a050101f100070000007716

2025-01-07T08:55:13.001125+0800 INFO 执行结果：<mode.bean.DuringResult object at 0x000002242026DFD0>
2025-01-07T08:55:13.001125+0800 INFO 接收的数据：682A00C305030201052420A04CBA850101F10007000102030600000004060000000006000000000000F9ED16
2025-01-07T08:55:13.001125+0800 INFO 接收到被测设备的上行报文：682A00C305030201052420A04CBA850101F10007000102030600000004060000000006000000000000F9ED16

2025-01-07T08:55:13.001125+0800 INFO 【用例执行前序准备阶段】步骤5：读取计数器（F1000700）,读取计数器成功

2025-01-07T08:55:13.016755+0800 INFO 计数器:00000005

2025-01-07T08:55:13.016755+0800 INFO 【用例执行前序准备阶段】步骤6：读取安全模式参数（F1010200）
2025-01-07T08:55:13.022332+0800 INFO 发送至被测设备的下行报文：6817004305030201052420a03a5a050101f101020000065216

2025-01-07T08:55:13.429804+0800 INFO 执行结果：<mode.bean.DuringResult object at 0x000002242025DC50>
2025-01-07T08:55:13.429804+0800 INFO 接收的数据：681B00C305030201052420A0127C850101F10102000116000000A0AC16
2025-01-07T08:55:13.435289+0800 INFO 接收到被测设备的上行报文：681B00C305030201052420A0127C850101F10102000116000000A0AC16

2025-01-07T08:55:13.437284+0800 INFO 【用例执行前序准备阶段】步骤6：读取安全模式参数（F1010200）,读取安全模式参数成功

2025-01-07T08:55:13.439280+0800 INFO 安全模式参数:00

2025-01-07T08:55:13.440812+0800 INFO 【用例执行前序准备阶段】步骤7：与加密机主站会话协商
2025-01-07T08:55:13.743314+0800 INFO 建立应用连接开始
2025-01-07T08:55:13.743314+0800 INFO 【用例执行前序准备阶段】步骤8：建立应用连接
2025-01-07T08:55:13.754321+0800 INFO 发送至被测设备的下行报文：685e004305030201052420a0047e02000010ffffffffffffffffffffffffffffffffffffffffffffffff020002000107d0000151800220a0270a20b882d4f8368ac828a3df01a4ab32139f535a43125f2b9af09f3eb17a04bf396e8000ab1b16

2025-01-07T08:55:14.663930+0800 INFO 执行结果：<mode.bean.DuringResult object at 0x00000224201B1010>
2025-01-07T08:55:14.663930+0800 INFO 接收的数据：689000C305030201052420A010AC820000000000000000000000000000000000000000000000000000000000000000000016FFFFFFFFC0000000FFFEC400000000000000000000000000080008000107D0000007080001302B9CB89552C17CBB77AFD44C0D76B50FA7CAC0A57212276B0AB13C59CE69F5DD726F9C1788DC7F12B0A2579640E2965E04D627B8A30000696A16
2025-01-07T08:55:14.663930+0800 INFO 接收到被测设备的上行报文：689000C305030201052420A010AC820000000000000000000000000000000000000000000000000000000000000000000016FFFFFFFFC0000000FFFEC400000000000000000000000000080008000107D0000007080001302B9CB89552C17CBB77AFD44C0D76B50FA7CAC0A57212276B0AB13C59CE69F5DD726F9C1788DC7F12B0A2579640E2965E04D627B8A30000696A16

2025-01-07T08:55:14.679558+0800 INFO 【用例执行前序准备阶段】步骤8：建立应用连接,应用连接请求成功
2025-01-07T08:55:14.679558+0800 INFO 【用例执行前序准备阶段】步骤9：加密机协商验证
2025-01-07T08:55:14.964379+0800 INFO 【用例执行前序准备阶段】步骤9：加密机协商验证,密钥协商成功

2025-01-07T08:55:14.972919+0800 INFO 发送至安全服务的明文APDU：060102F1010200160100

2025-01-07T08:55:15.975325+0800 INFO 安全服务返回的密文APDU：10011085943B56C6510AEA91A8A20A8D41433F00811C331002001404C7B2B224

2025-01-07T08:55:15.991885+0800 INFO 发送至被测设备的下行报文：682f004305030201052420a05f7510011085943b56c6510aea91a8a20a8d41433f00811c331002001404c7b2b224f56216

2025-01-07T08:55:16.505591+0800 INFO 安全传输执行结果：{'ProtocolData': '682900C305030201052420A0FF449001108130016240039BD6A32B39EBC0124DA40100042C25B8182B1816'}
2025-01-07T08:55:16.505591+0800 INFO 接收到被测设备的上行报文：682900C305030201052420A0FF449001108130016240039BD6A32B39EBC0124DA40100042C25B8182B1816

2025-01-07T08:55:16.511598+0800 INFO 安全传输接收的数据：682900C305030201052420A0FF449001108130016240039BD6A32B39EBC0124DA40100042C25B8182B1816
2025-01-07T08:55:16.513614+0800 INFO 发送至安全服务的密文APDU：9001108130016240039BD6A32B39EBC0124DA40100042C25B818

2025-01-07T08:55:16.892170+0800 INFO 安全服务返回的明文APDU：860102F1010200000000

2025-01-07T08:55:16.896182+0800 INFO 安全模式设置成功

2025-01-07T08:55:16.904256+0800 INFO 密钥协商成功,安全模式设置成功
2025-01-07T08:55:16.904256+0800 INFO 【用例执行前序准备阶段】步骤0：获取表位配置
2025-01-07T08:55:16.914272+0800 INFO 【用例执行前序准备阶段】步骤1：读取通信地址（40010200）
2025-01-07T08:55:16.917537+0800 INFO 发送至被测设备的下行报文：6817004305030201052420a03a5a0501014001020000c60716

2025-01-07T08:55:17.324322+0800 INFO 执行结果：<mode.bean.DuringResult object at 0x0000022420272350>
2025-01-07T08:55:17.331328+0800 INFO 接收的数据：682100C305030201052420A055F88501014001020001090620240501020300009EDA16
2025-01-07T08:55:17.331328+0800 INFO 发送至被测设备的下行报文：685e004305040201052420a01cb902000010ffffffffffffffffffffffffffffffffffffffffffffffff020002000107d0000151800220c97759f45b0d498ba267690507fdba2f1e097553da2ea17c10d597df10b9c48a040f991bbc00b0a216

2025-01-07T08:55:17.331328+0800 INFO 接收到被测设备的上行报文：682100C305030201052420A055F88501014001020001090620240501020300009EDA16

2025-01-07T08:55:17.343341+0800 INFO 【用例执行前序准备阶段】步骤1：读取通信地址（40010200）,读取通信地址成功

2025-01-07T08:55:17.343341+0800 INFO 通信地址:202405010203

2025-01-07T08:55:17.343341+0800 INFO 【用例执行前序准备阶段】步骤2：读取表号（40020200）
2025-01-07T08:55:17.348347+0800 INFO 发送至被测设备的下行报文：6817004305030201052420a03a5a05010140020200000b2216

2025-01-07T08:55:17.754079+0800 INFO 执行结果：<mode.bean.DuringResult object at 0x0000022421328410>
2025-01-07T08:55:17.759095+0800 INFO 接收的数据：682100C305030201052420A055F885010140020200010906FFFFFFFFFFFF0000A95D16
2025-01-07T08:55:17.761100+0800 INFO 接收到被测设备的上行报文：682100C305030201052420A055F885010140020200010906FFFFFFFFFFFF0000A95D16

2025-01-07T08:55:17.771625+0800 INFO 【用例执行前序准备阶段】步骤2：读取表号（40020200）,读取表号成功

2025-01-07T08:55:17.773639+0800 INFO 表号:0000FFFFFFFFFFFF

2025-01-07T08:55:17.773639+0800 INFO 【用例执行前序准备阶段】步骤3：读取ESAM序列号（F1000200）
2025-01-07T08:55:17.773639+0800 INFO 发送至被测设备的下行报文：6817004305030201052420a03a5a050101f100020000bd4e16

2025-01-07T08:55:18.186434+0800 INFO 执行结果：<mode.bean.DuringResult object at 0x00000224202705D0>
2025-01-07T08:55:18.186434+0800 INFO 接收的数据：682300C305030201052420A07753850101F10002000109086F0100000003CDD9000017A616
2025-01-07T08:55:18.186434+0800 INFO 接收到被测设备的上行报文：682300C305030201052420A07753850101F10002000109086F0100000003CDD9000017A616

2025-01-07T08:55:18.186434+0800 INFO 【用例执行前序准备阶段】步骤3：读取ESAM序列号（F1000200）,读取ESAM序列号成功

2025-01-07T08:55:18.186434+0800 INFO ESAM序列号:6F0100000003CDD9

2025-01-07T08:55:18.186434+0800 INFO 【用例执行前序准备阶段】步骤4：读取对称密钥版本（F1000400）
2025-01-07T08:55:18.186434+0800 INFO 发送至被测设备的下行报文：6817004305030201052420a03a5a050101f100040000649816

2025-01-07T08:55:18.604392+0800 INFO 执行结果：<mode.bean.DuringResult object at 0x000002242025C750>
2025-01-07T08:55:18.604392+0800 INFO 接收的数据：682B00C305030201052420A0DDEF850101F1000400010910000000000000000000000000000000000000F99B16
2025-01-07T08:55:18.604392+0800 INFO 接收到被测设备的上行报文：682B00C305030201052420A0DDEF850101F1000400010910000000000000000000000000000000000000F99B16

2025-01-07T08:55:18.613981+0800 INFO 【用例执行前序准备阶段】步骤4：读取对称密钥版本（F1000400）,读取对称密钥版本成功

2025-01-07T08:55:18.613981+0800 INFO 对称密钥版本:00000000000000000000

2025-01-07T08:55:18.613981+0800 INFO 【用例执行前序准备阶段】步骤5：读取计数器（F1000700）
2025-01-07T08:55:18.613981+0800 INFO 发送至被测设备的下行报文：6817004305030201052420a03a5a050101f100070000007716

2025-01-07T08:55:19.024584+0800 INFO 执行结果：<mode.bean.DuringResult object at 0x00000224213389D0>
2025-01-07T08:55:19.029596+0800 INFO 接收的数据：682A00C305030201052420A04CBA850101F1000700010203060000000506000000000600000000000054E816
2025-01-07T08:55:19.031112+0800 INFO 接收到被测设备的上行报文：682A00C305030201052420A04CBA850101F1000700010203060000000506000000000600000000000054E816

2025-01-07T08:55:19.033631+0800 INFO 【用例执行前序准备阶段】步骤5：读取计数器（F1000700）,读取计数器成功

2025-01-07T08:55:19.033631+0800 INFO 计数器:00000006

2025-01-07T08:55:19.033631+0800 INFO 【用例执行前序准备阶段】步骤6：读取安全模式参数（F1010200）
2025-01-07T08:55:19.033631+0800 INFO 发送至被测设备的下行报文：6817004305030201052420a03a5a050101f101020000065216

2025-01-07T08:55:19.445235+0800 INFO 执行结果：<mode.bean.DuringResult object at 0x000002242022F390>
2025-01-07T08:55:19.448742+0800 INFO 接收的数据：681B00C305030201052420A0127C850101F101020001160100007CF616
2025-01-07T08:55:19.455944+0800 INFO 接收到被测设备的上行报文：681B00C305030201052420A0127C850101F101020001160100007CF616

2025-01-07T08:55:19.461924+0800 INFO 【用例执行前序准备阶段】步骤6：读取安全模式参数（F1010200）,读取安全模式参数成功

2025-01-07T08:55:19.467524+0800 INFO 安全模式参数:01

2025-01-07T08:55:19.473504+0800 INFO 【用例执行前序准备阶段】步骤7：与加密机主站会话协商
2025-01-07T08:55:19.584194+0800 INFO 建立应用连接开始
2025-01-07T08:55:19.587710+0800 INFO 【用例执行前序准备阶段】步骤8：建立应用连接
2025-01-07T08:55:19.590212+0800 INFO 发送至被测设备的下行报文：685e004305030201052420a0047e02000010ffffffffffffffffffffffffffffffffffffffffffffffff020002000107d0000151800220cf6ca6c5f28d7b0f473df29b82fc42d20ccff4252aa0a77f8352200da7006ead04c6d3df0d00f7b016

2025-01-07T08:55:20.504691+0800 INFO 执行结果：<mode.bean.DuringResult object at 0x00000224201B0690>
2025-01-07T08:55:20.504691+0800 INFO 接收的数据：689000C305030201052420A010AC820000000000000000000000000000000000000000000000000000000000000000000016FFFFFFFFC0000000FFFEC400000000000000000000000000080008000107D00000070800013097ABB5F5560C14210150811DA955D987A083103241171630F908FF70D89CCCCD8372A143CA5D65251A32D194B2BECD29040A57FE10000030D616
2025-01-07T08:55:20.504691+0800 INFO 接收到被测设备的上行报文：689000C305030201052420A010AC820000000000000000000000000000000000000000000000000000000000000000000016FFFFFFFFC0000000FFFEC400000000000000000000000000080008000107D00000070800013097ABB5F5560C14210150811DA955D987A083103241171630F908FF70D89CCCCD8372A143CA5D65251A32D194B2BECD29040A57FE10000030D616

2025-01-07T08:55:20.504691+0800 INFO 【用例执行前序准备阶段】步骤8：建立应用连接,应用连接请求成功
2025-01-07T08:55:20.504691+0800 INFO 【用例执行前序准备阶段】步骤9：加密机协商验证
2025-01-07T08:55:20.594188+0800 INFO 【用例执行前序准备阶段】步骤9：加密机协商验证,密钥协商成功

2025-01-07T08:55:20.594188+0800 INFO 安全模式已启用，无需设置

2025-01-07T08:55:20.594188+0800 INFO 密钥协商成功
2025-01-07T08:55:20.609818+0800 INFO 【用例执行前序准备阶段】步骤0：获取表位配置
2025-01-07T08:55:20.609818+0800 INFO 【用例执行前序准备阶段】步骤1：读取通信地址（40010200）
2025-01-07T08:55:20.609818+0800 INFO 发送至被测设备的下行报文：6817004305030201052420a03a5a0501014001020000c60716

2025-01-07T08:55:21.030761+0800 INFO 执行结果：<mode.bean.DuringResult object at 0x000002242025AC50>
2025-01-07T08:55:21.044866+0800 INFO 接收的数据：682100C305030201052420A055F88501014001020001090620240501020300009EDA16
2025-01-07T08:55:21.053380+0800 INFO 接收到被测设备的上行报文：682100C305030201052420A055F88501014001020001090620240501020300009EDA16

2025-01-07T08:55:21.053380+0800 INFO 【用例执行前序准备阶段】步骤0：获取表位配置
2025-01-07T08:55:21.053380+0800 INFO 【用例执行前序准备阶段】步骤1：读取通信地址（40010200）,读取通信地址成功

2025-01-07T08:55:21.053380+0800 INFO 通信地址:202405010203

2025-01-07T08:55:21.069006+0800 INFO 【用例执行前序准备阶段】步骤2：读取表号（40020200）
2025-01-07T08:55:21.071513+0800 INFO 发送至被测设备的下行报文：6817004305030201052420a03a5a05010140020200000b2216

2025-01-07T08:55:21.477471+0800 INFO 执行结果：<mode.bean.DuringResult object at 0x0000022420275D10>
2025-01-07T08:55:21.479470+0800 INFO 接收的数据：682100C305030201052420A055F885010140020200010906FFFFFFFFFFFF0000A95D16
2025-01-07T08:55:21.481464+0800 INFO 接收到被测设备的上行报文：682100C305030201052420A055F885010140020200010906FFFFFFFFFFFF0000A95D16

2025-01-07T08:55:21.483457+0800 INFO 【用例执行前序准备阶段】步骤2：读取表号（40020200）,读取表号成功

2025-01-07T08:55:21.485463+0800 INFO 表号:0000FFFFFFFFFFFF

2025-01-07T08:55:21.485463+0800 INFO 【用例执行前序准备阶段】步骤3：读取ESAM序列号（F1000200）
2025-01-07T08:55:21.485463+0800 INFO 发送至被测设备的下行报文：6817004305030201052420a03a5a050101f100020000bd4e16

2025-01-07T08:55:21.892824+0800 INFO 执行结果：<mode.bean.DuringResult object at 0x000002242021B290>
2025-01-07T08:55:21.901405+0800 INFO 接收的数据：682300C305030201052420A07753850101F10002000109086F0100000003CDD9000017A616
2025-01-07T08:55:21.902858+0800 INFO 接收到被测设备的上行报文：682300C305030201052420A07753850101F10002000109086F0100000003CDD9000017A616

2025-01-07T08:55:21.902858+0800 INFO 【用例执行前序准备阶段】步骤3：读取ESAM序列号（F1000200）,读取ESAM序列号成功

2025-01-07T08:55:21.907959+0800 INFO ESAM序列号:6F0100000003CDD9

2025-01-07T08:55:21.907959+0800 INFO 【用例执行前序准备阶段】步骤4：读取对称密钥版本（F1000400）
2025-01-07T08:55:21.907959+0800 INFO 发送至被测设备的下行报文：6817004305030201052420a03a5a050101f100040000649816

2025-01-07T08:55:22.322087+0800 INFO 执行结果：<mode.bean.DuringResult object at 0x000002242133ED90>
2025-01-07T08:55:22.322087+0800 INFO 接收的数据：682B00C305030201052420A0DDEF850101F1000400010910000000000000000000000000000000000000F99B16
2025-01-07T08:55:22.322087+0800 INFO 接收到被测设备的上行报文：682B00C305030201052420A0DDEF850101F1000400010910000000000000000000000000000000000000F99B16

2025-01-07T08:55:22.336797+0800 INFO 【用例执行前序准备阶段】步骤4：读取对称密钥版本（F1000400）,读取对称密钥版本成功

2025-01-07T08:55:22.339833+0800 INFO 对称密钥版本:00000000000000000000

2025-01-07T08:55:22.345876+0800 INFO 【用例执行前序准备阶段】步骤5：读取计数器（F1000700）
2025-01-07T08:55:22.350872+0800 INFO 发送至被测设备的下行报文：6817004305030201052420a03a5a050101f100070000007716

2025-01-07T08:55:22.757644+0800 INFO 执行结果：<mode.bean.DuringResult object at 0x000002242133BA10>
2025-01-07T08:55:22.766666+0800 INFO 接收的数据：682A00C305030201052420A04CBA850101F10007000102030600000006060000000006000000000000A3E616
2025-01-07T08:55:22.766666+0800 INFO UI_NOTIFY: 日志类型-NOTIFY_LOG，日志数据-主站会话协商验证
2025-01-07T08:55:22.766666+0800 INFO 【用例执行前序准备阶段】步骤3：读取ESAM序列号（F1000200）,读取ESAM序列号成功

2025-01-07T08:55:22.774669+0800 INFO 接收到被测设备的上行报文：682A00C305030201052420A04CBA850101F10007000102030600000006060000000006000000000000A3E616

2025-01-07T08:55:22.774669+0800 INFO 执行结果：<mode.bean.DuringResult object at 0x00000224201AEBD0>
2025-01-07T08:55:22.792103+0800 INFO 【用例执行前序准备阶段】步骤5：读取计数器（F1000700）,读取计数器成功

2025-01-07T08:55:22.793112+0800 INFO 接收的数据：FEFEFEFE682100C305080201052420A0D78E85010140010200010906202405010208000038F316
2025-01-07T08:55:22.793112+0800 INFO 计数器:00000007

2025-01-07T08:55:22.793112+0800 INFO 发送至被测设备的下行报文：6817004305060201052420a099aa050101f100040000649816

2025-01-07T08:55:22.812200+0800 INFO 【用例执行前序准备阶段】步骤6：读取安全模式参数（F1010200）
2025-01-07T08:55:22.817864+0800 INFO 发送至被测设备的下行报文：6817004305030201052420a03a5a050101f101020000065216

2025-01-07T08:55:22.817864+0800 INFO 通信地址:202405010208

2025-01-07T08:55:22.817864+0800 INFO 上行数据data:：cmd=1007,ret=0,data=7;1;682100C305070201052420A02397850101400202000109062024050102070000C13A16
2025-01-07T08:55:23.135152+0800 INFO 执行结果：<mode.bean.DuringResult object at 0x000002242133B590>
2025-01-07T08:55:23.136520+0800 INFO 接收的数据：681B00C305030201052420A0127C850101F101020001160100007CF616
2025-01-07T08:55:23.146048+0800 INFO 接收到被测设备的上行报文：681B00C305030201052420A0127C850101F101020001160100007CF616

2025-01-07T08:55:23.152275+0800 INFO 【用例执行前序准备阶段】步骤6：读取安全模式参数（F1010200）,读取安全模式参数成功

2025-01-07T08:55:23.162320+0800 INFO 安全模式参数:01

2025-01-07T08:55:23.162320+0800 INFO 上行数据data:：cmd=1007,ret=0,data=7;1;682300C305070201052420A0013C850101F10002000109086F010000000054B200009C8016
2025-01-07T08:55:23.169048+0800 INFO 【用例执行前序准备阶段】步骤7：与加密机主站会话协商
2025-01-07T08:55:23.169048+0800 INFO 执行结果：<mode.bean.DuringResult object at 0x00000224202412D0>
2025-01-07T08:55:23.169048+0800 INFO 【用例执行前序准备阶段】步骤2：读取表号（40020200）,读取表号成功

2025-01-07T08:55:23.323261+0800 INFO 建立应用连接开始
2025-01-07T08:55:23.323261+0800 INFO 【用例执行前序准备阶段】步骤8：建立应用连接
2025-01-07T08:55:23.335229+0800 INFO 发送至被测设备的下行报文：685e004305030201052420a0047e02000010ffffffffffffffffffffffffffffffffffffffffffffffff020002000107d00001518002208975cdf9820207f0ec63de04e54b0f73ddbe833dd1ef06993cd3f14f613d975504dddac56c00332116

2025-01-07T08:55:24.242750+0800 INFO 执行结果：<mode.bean.DuringResult object at 0x00000224202427D0>
2025-01-07T08:55:24.242750+0800 INFO 接收的数据：689000C305030201052420A010AC820000000000000000000000000000000000000000000000000000000000000000000016FFFFFFFFC0000000FFFEC400000000000000000000000000080008000107D000000708000130918F03B6A82961A1B7422061D868A9F3E5BD2DCFE9BEA0184858A62D861454B9838A6CC5876F90FD696FC34945EEAB62043443BA370000094F16
2025-01-07T08:55:24.251861+0800 INFO 接收到被测设备的上行报文：689000C305030201052420A010AC820000000000000000000000000000000000000000000000000000000000000000000016FFFFFFFFC0000000FFFEC400000000000000000000000000080008000107D000000708000130918F03B6A82961A1B7422061D868A9F3E5BD2DCFE9BEA0184858A62D861454B9838A6CC5876F90FD696FC34945EEAB62043443BA370000094F16

2025-01-07T08:55:24.251861+0800 INFO 【用例执行前序准备阶段】步骤8：建立应用连接,应用连接请求成功
2025-01-07T08:55:24.257367+0800 INFO 【用例执行前序准备阶段】步骤9：加密机协商验证
2025-01-07T08:55:24.339364+0800 INFO 【用例执行前序准备阶段】步骤9：加密机协商验证,密钥协商成功

2025-01-07T08:55:24.352397+0800 INFO 安全模式已启用，无需设置

2025-01-07T08:55:24.352397+0800 INFO 密钥协商成功
2025-01-07T08:55:24.361408+0800 INFO 【用例执行前序准备阶段】步骤0：获取表位配置
2025-01-07T08:55:24.361408+0800 INFO 【用例执行前序准备阶段】步骤1：读取通信地址（40010200）
2025-01-07T08:55:24.368952+0800 INFO 发送至被测设备的下行报文：6817004305030201052420a03a5a0501014001020000c60716

2025-01-07T08:55:24.776837+0800 INFO 执行结果：<mode.bean.DuringResult object at 0x0000022420259F10>
2025-01-07T08:55:24.776837+0800 INFO 接收的数据：682100C305030201052420A055F88501014001020001090620240501020300009EDA16
2025-01-07T08:55:24.776837+0800 INFO 接收到被测设备的上行报文：682100C305030201052420A055F88501014001020001090620240501020300009EDA16

2025-01-07T08:55:24.785579+0800 INFO 【用例执行前序准备阶段】步骤1：读取通信地址（40010200）,读取通信地址成功

2025-01-07T08:55:24.785579+0800 INFO 通信地址:202405010203

2025-01-07T08:55:24.785579+0800 INFO 【用例执行前序准备阶段】步骤2：读取表号（40020200）
2025-01-07T08:55:24.793600+0800 INFO 发送至被测设备的下行报文：6817004305030201052420a03a5a05010140020200000b2216

2025-01-07T08:55:25.198627+0800 INFO 执行结果：<mode.bean.DuringResult object at 0x000002242132BD10>
2025-01-07T08:55:25.207159+0800 INFO 接收的数据：682100C305030201052420A055F885010140020200010906FFFFFFFFFFFF0000A95D16
2025-01-07T08:55:25.208681+0800 INFO 接收到被测设备的上行报文：682100C305030201052420A055F885010140020200010906FFFFFFFFFFFF0000A95D16

2025-01-07T08:55:25.208681+0800 INFO 【用例执行前序准备阶段】步骤2：读取表号（40020200）,读取表号成功

2025-01-07T08:55:25.212691+0800 INFO 表号:0000FFFFFFFFFFFF

2025-01-07T08:55:25.212691+0800 INFO 【用例执行前序准备阶段】步骤3：读取ESAM序列号（F1000200）
2025-01-07T08:55:25.212691+0800 INFO 发送至被测设备的下行报文：6817004305030201052420a03a5a050101f100020000bd4e16

2025-01-07T08:55:25.624109+0800 INFO 执行结果：<mode.bean.DuringResult object at 0x0000022420274050>
2025-01-07T08:55:25.625138+0800 INFO 接收的数据：682300C305030201052420A07753850101F10002000109086F0100000003CDD9000017A616
2025-01-07T08:55:25.627756+0800 INFO 接收到被测设备的上行报文：682300C305030201052420A07753850101F10002000109086F0100000003CDD9000017A616

2025-01-07T08:55:25.629776+0800 INFO 【用例执行前序准备阶段】步骤3：读取ESAM序列号（F1000200）,读取ESAM序列号成功

2025-01-07T08:55:25.631345+0800 INFO ESAM序列号:6F0100000003CDD9

2025-01-07T08:55:25.632369+0800 INFO 【用例执行前序准备阶段】步骤4：读取对称密钥版本（F1000400）
2025-01-07T08:55:25.635826+0800 INFO 发送至被测设备的下行报文：6817004305030201052420a03a5a050101f100040000649816

2025-01-07T08:55:26.042298+0800 INFO 执行结果：<mode.bean.DuringResult object at 0x000002242023E810>
2025-01-07T08:55:26.042298+0800 INFO 接收的数据：682B00C305030201052420A0DDEF850101F1000400010910000000000000000000000000000000000000F99B16
2025-01-07T08:55:26.042298+0800 INFO 接收到被测设备的上行报文：682B00C305030201052420A0DDEF850101F1000400010910000000000000000000000000000000000000F99B16

2025-01-07T08:55:26.057964+0800 INFO 【用例执行前序准备阶段】步骤4：读取对称密钥版本（F1000400）,读取对称密钥版本成功

2025-01-07T08:55:26.057964+0800 INFO 对称密钥版本:00000000000000000000

2025-01-07T08:55:26.057964+0800 INFO 【用例执行前序准备阶段】步骤5：读取计数器（F1000700）
2025-01-07T08:55:26.063487+0800 INFO 发送至被测设备的下行报文：6817004305030201052420a03a5a050101f100070000007716

2025-01-07T08:55:26.471562+0800 INFO 执行结果：<mode.bean.DuringResult object at 0x000002242025C0D0>
2025-01-07T08:55:26.477543+0800 INFO 接收的数据：682A00C305030201052420A04CBA850101F100070001020306000000070600000000060000000000000EE316
2025-01-07T08:55:26.482526+0800 INFO 接收到被测设备的上行报文：682A00C305030201052420A04CBA850101F100070001020306000000070600000000060000000000000EE316

2025-01-07T08:55:26.486104+0800 INFO 【用例执行前序准备阶段】步骤5：读取计数器（F1000700）,读取计数器成功

2025-01-07T08:55:26.489858+0800 INFO 计数器:00000008

2025-01-07T08:55:26.493843+0800 INFO 【用例执行前序准备阶段】步骤6：读取安全模式参数（F1010200）
2025-01-07T08:55:26.495837+0800 INFO 发送至被测设备的下行报文：6817004305030201052420a03a5a050101f101020000065216

2025-01-07T08:55:26.801640+0800 INFO 执行结果：<mode.bean.DuringResult object at 0x000002242022D990>
2025-01-07T08:55:26.801640+0800 INFO 接收的数据：681B00C305030201052420A0127C850101F101020001160100007CF616
2025-01-07T08:55:26.801640+0800 INFO 接收到被测设备的上行报文：681B00C305030201052420A0127C850101F101020001160100007CF616

2025-01-07T08:55:26.801640+0800 INFO 【用例执行前序准备阶段】步骤6：读取安全模式参数（F1010200）,读取安全模式参数成功

2025-01-07T08:55:26.809147+0800 INFO 安全模式参数:01

2025-01-07T08:55:26.809147+0800 INFO 【用例执行前序准备阶段】步骤7：与加密机主站会话协商
2025-01-07T08:55:27.020437+0800 INFO 建立应用连接开始
2025-01-07T08:55:27.020437+0800 INFO 接收到被测设备的上行报文：682900C305040201052420A0E78390011063F983A2EC4689A7967F700EA13BF0C2010004156DA4E4FA9816

2025-01-07T08:55:27.029507+0800 INFO 【用例执行前序准备阶段】步骤8：建立应用连接
2025-01-07T08:55:27.034563+0800 INFO 发送至被测设备的下行报文：685e004305030201052420a0047e02000010ffffffffffffffffffffffffffffffffffffffffffffffff020002000107d0000151800220e52c3a65a28e6cd67ba13cdfba255a2d551b8905619bf7df251aff283953663c049c42ed6500511316

2025-01-07T08:55:27.949458+0800 INFO 执行结果：<mode.bean.DuringResult object at 0x000002241FB7F710>
2025-01-07T08:55:27.949458+0800 INFO 接收的数据：689000C305030201052420A010AC820000000000000000000000000000000000000000000000000000000000000000000016FFFFFFFFC0000000FFFEC400000000000000000000000000080008000107D000000708000130DECF5B582B74E762C95A1FFF23C3FA90CF30AB92181580575C4C07E2231B2AC21691467E22CEB319BBD50AD65075972104D0D04F890000E14916
2025-01-07T08:55:27.949458+0800 INFO 接收到被测设备的上行报文：689000C305030201052420A010AC820000000000000000000000000000000000000000000000000000000000000000000016FFFFFFFFC0000000FFFEC400000000000000000000000000080008000107D000000708000130DECF5B582B74E762C95A1FFF23C3FA90CF30AB92181580575C4C07E2231B2AC21691467E22CEB319BBD50AD65075972104D0D04F890000E14916

2025-01-07T08:55:27.949458+0800 INFO 【用例执行前序准备阶段】步骤8：建立应用连接,应用连接请求成功
2025-01-07T08:55:27.965084+0800 INFO 【用例执行前序准备阶段】步骤9：加密机协商验证
2025-01-07T08:55:28.186215+0800 INFO 【用例执行前序准备阶段】步骤9：加密机协商验证,密钥协商成功

2025-01-07T08:55:28.201253+0800 INFO 安全模式已启用，无需设置

2025-01-07T08:55:28.205274+0800 INFO 密钥协商成功
2025-01-07T08:55:28.318032+0800 INFO 发送至安全服务的明文APDU：060102400002001C07e9010708371c00

2025-01-07T08:55:28.469492+0800 INFO 安全服务返回的密文APDU：100120C18263DD86ACAF34B8D202BFE6521C3B45B4646CD6F0A2F2D5F746C13A2A4ACD00811C3310020024046B936BDA

2025-01-07T08:55:28.475003+0800 INFO 发送至被测设备的下行报文：683f004305030201052420a01a04100120c18263dd86acaf34b8d202bfe6521c3b45b4646cd6f0a2f2d5f746c13a2a4acd00811c3310020024046b936bda97e816

2025-01-07T08:55:29.089139+0800 INFO 安全传输执行结果：{'ProtocolData': '682900C305030201052420A0FF44900110E158021652B1491D43BC07F21E0652EC0100046C0340559C9916'}
2025-01-07T08:55:29.104768+0800 INFO 接收到被测设备的上行报文：682900C305030201052420A0FF44900110E158021652B1491D43BC07F21E0652EC0100046C0340559C9916

2025-01-07T08:55:29.109306+0800 INFO 安全传输接收的数据：682900C305030201052420A0FF44900110E158021652B1491D43BC07F21E0652EC0100046C0340559C9916
2025-01-07T08:55:29.110317+0800 INFO 发送至安全服务的密文APDU：900110E158021652B1491D43BC07F21E0652EC0100046C034055

2025-01-07T08:55:29.253091+0800 INFO 安全服务返回的明文APDU：86010240000200000000

2025-01-07T08:55:29.258107+0800 INFO 开始测试前设置时钟成功
2025-01-07T08:55:29.261170+0800 INFO 5.设置事件有效标志为有效
2025-01-07T08:55:29.265183+0800 INFO 发送至安全服务的明文APDU：06010230160900030100

2025-01-07T08:55:29.378208+0800 INFO 安全服务返回的密文APDU：1001109A505D9F644EE52A60D0371D290DF54F00811C3310020014042ADFD38D

2025-01-07T08:55:29.378208+0800 INFO 发送至被测设备的下行报文：682f004305030201052420a05f751001109a505d9f644ee52a60d0371d290df54f00811c3310020014042adfd38d091f16

2025-01-07T08:55:29.886596+0800 INFO 安全传输执行结果：{'ProtocolData': '682900C305030201052420A0FF44900110F3CE8263585A8DA2C72CF7153782447E0100043ABCCF413F3816'}
2025-01-07T08:55:29.891606+0800 INFO 接收到被测设备的上行报文：682900C305030201052420A0FF44900110F3CE8263585A8DA2C72CF7153782447E0100043ABCCF413F3816

2025-01-07T08:55:29.891606+0800 INFO 安全传输接收的数据：682900C305030201052420A0FF44900110F3CE8263585A8DA2C72CF7153782447E0100043ABCCF413F3816
2025-01-07T08:55:29.891606+0800 INFO 发送至安全服务的密文APDU：900110F3CE8263585A8DA2C72CF7153782447E0100043ABCCF41

2025-01-07T08:55:30.135603+0800 INFO 安全服务返回的明文APDU：86010230160900000000

2025-01-07T08:55:30.143627+0800 INFO 设置事件有效标志为有效成功,合格
2025-01-07T08:55:40.148414+0800 INFO 6.事件初始化
2025-01-07T08:55:40.157447+0800 INFO 发送至安全服务的明文APDU：07010a43000500000107e9010708372800000A

2025-01-07T08:55:40.258268+0800 INFO 安全服务返回的密文APDU：100120414E85B50375448C45FACBDD551C1AAAF69CE9B7B1E7AAFD1C8166597341F1CB00811C3310020024044839DE73

2025-01-07T08:55:40.268815+0800 INFO 发送至被测设备的下行报文：683f004305030201052420a01a04100120414e85b50375448c45facbdd551c1aaaf69ce9b7b1e7aafd1c8166597341f1cb00811c3310020024044839de73daad16

2025-01-07T08:55:40.883146+0800 INFO 安全传输执行结果：{'ProtocolData': '682900C305030201052420A0FF44900110401DC2382922D5417CA939CC45F5A1C1010004BC535CB9DC3316'}
2025-01-07T08:55:40.883146+0800 INFO 接收到被测设备的上行报文：682900C305030201052420A0FF44900110401DC2382922D5417CA939CC45F5A1C1010004BC535CB9DC3316

2025-01-07T08:55:40.890162+0800 INFO 安全传输接收的数据：682900C305030201052420A0FF44900110401DC2382922D5417CA939CC45F5A1C1010004BC535CB9DC3316
2025-01-07T08:55:40.894185+0800 INFO 发送至安全服务的密文APDU：900110401DC2382922D5417CA939CC45F5A1C1010004BC535CB9

2025-01-07T08:55:41.028566+0800 INFO 安全服务返回的明文APDU：87010A4300050000000000

2025-01-07T08:55:41.041591+0800 INFO 事件初始化成功，延时等待30秒
2025-01-07T08:56:11.047692+0800 INFO 7.设置时钟（40000200），对时到当前时间
2025-01-07T08:56:11.047692+0800 INFO 发送至安全服务的明文APDU：060102400002001C07e9010708380b00

2025-01-07T08:56:11.163965+0800 INFO 安全服务返回的密文APDU：100120DA40CCFB46DED2A85AF9F462107CCD11A12E753A01698442241F09A25DED897F00811C331002002404700399FE

2025-01-07T08:56:11.163965+0800 INFO 发送至被测设备的下行报文：683f004305030201052420a01a04100120da40ccfb46ded2a85af9f462107ccd11a12e753a01698442241f09a25ded897f00811c331002002404700399feef3516

2025-01-07T08:56:11.789670+0800 INFO 安全传输执行结果：{'ProtocolData': '682900C305030201052420A0FF44900110E158021652B1491D43BC07F21E0652EC0100046C0340559C9916'}
2025-01-07T08:56:11.789670+0800 INFO 接收到被测设备的上行报文：682900C305030201052420A0FF44900110E158021652B1491D43BC07F21E0652EC0100046C0340559C9916

2025-01-07T08:56:11.789670+0800 INFO 安全传输接收的数据：682900C305030201052420A0FF44900110E158021652B1491D43BC07F21E0652EC0100046C0340559C9916
2025-01-07T08:56:11.804741+0800 INFO 发送至安全服务的密文APDU：900110E158021652B1491D43BC07F21E0652EC0100046C034055

2025-01-07T08:56:11.921792+0800 INFO 安全服务返回的明文APDU：86010240000200000000

2025-01-07T08:56:11.932809+0800 INFO 7.设置时钟成功，下面延时等待60秒
2025-01-07T08:57:11.939766+0800 INFO 8.读取时钟（40000200）
2025-01-07T08:57:11.939766+0800 INFO 发送至安全服务的明文APDU：0501014000020000

2025-01-07T08:57:12.091656+0800 INFO 安全服务返回的密文APDU：10011064F5B8F6F93D0CAF43A5AA2D806F918400811C3310020014049628B376

2025-01-07T08:57:12.091656+0800 INFO 发送至被测设备的下行报文：682f004305030201052420a05f7510011064f5b8f6f93d0caf43a5aa2d806f918400811c3310020014049628b37672af16

2025-01-07T08:57:12.608703+0800 INFO 安全传输执行结果：{'ProtocolData': '683900C305030201052420A0BA359001201DB606BA6D30D289380D50CFA6858F226688BEA5E998AEEB749E86858286CC2B01000462E8BBD6A3C116'}
2025-01-07T08:57:12.608703+0800 INFO 接收到被测设备的上行报文：683900C305030201052420A0BA359001201DB606BA6D30D289380D50CFA6858F226688BEA5E998AEEB749E86858286CC2B01000462E8BBD6A3C116

2025-01-07T08:57:12.626410+0800 INFO 安全传输接收的数据：683900C305030201052420A0BA359001201DB606BA6D30D289380D50CFA6858F226688BEA5E998AEEB749E86858286CC2B01000462E8BBD6A3C116
2025-01-07T08:57:12.631249+0800 INFO 发送至安全服务的密文APDU：9001201DB606BA6D30D289380D50CFA6858F226688BEA5E998AEEB749E86858286CC2B01000462E8BBD6

2025-01-07T08:57:12.759181+0800 INFO 安全服务返回的明文APDU：85010140000200011C07E9010708390B0000

2025-01-07T08:57:12.774812+0800 INFO 通过读取时钟（40000200），被测样机时钟误差在10秒范围内合格
2025-01-07T08:57:12.780843+0800 INFO 9.读取校时事件
2025-01-07T08:57:12.782387+0800 INFO 发送至安全服务的明文APDU：05030830160200090102002022020000201E020000

2025-01-07T08:57:12.898880+0800 INFO 安全服务返回的密文APDU：100120B9F1E64544C123E58EF2A37C37572BF45DDB59ACEB0A7620C942932E4214D45800811C331002002404F3AE65DF

2025-01-07T08:57:12.898880+0800 INFO 发送至被测设备的下行报文：683f004305030201052420a01a04100120b9f1e64544c123e58ef2a37c37572bf45ddb59aceb0a7620c942932e4214d45800811c331002002404f3ae65df9ae916

2025-01-07T08:57:13.514431+0800 INFO 安全传输执行结果：{'ProtocolData': '684900C305030201052420A0706B900130F0AF75C91CC42EC05483164E1845253AF9712A552F3611076D8E8877D63D70603BA76B99F1BBB1F1414D76EAA22901AC01000440C476C10BFD16'}
2025-01-07T08:57:13.514431+0800 INFO 接收到被测设备的上行报文：684900C305030201052420A0706B900130F0AF75C91CC42EC05483164E1845253AF9712A552F3611076D8E8877D63D70603BA76B99F1BBB1F1414D76EAA22901AC01000440C476C10BFD16

2025-01-07T08:57:13.530060+0800 INFO 安全传输接收的数据：684900C305030201052420A0706B900130F0AF75C91CC42EC05483164E1845253AF9712A552F3611076D8E8877D63D70603BA76B99F1BBB1F1414D76EAA22901AC01000440C476C10BFD16
2025-01-07T08:57:13.530060+0800 INFO 发送至安全服务的密文APDU：900130F0AF75C91CC42EC05483164E1845253AF9712A552F3611076D8E8877D63D70603BA76B99F1BBB1F1414D76EAA22901AC01000440C476C1

2025-01-07T08:57:13.662691+0800 INFO 安全服务返回的明文APDU：8503083016020002002022020000201E0200010106000000001C07E9010708380A0000

2025-01-07T08:57:13.662691+0800 INFO 校时事件发生时间为：2025-1-7 8:56:10,校时时间为：2025-1-7 8:56:11,事件发生时间正确
2025-01-07T08:57:13.662691+0800 INFO 设置时钟为当前时间后，校对校时事件合格
2025-01-07T08:57:13.662691+0800 INFO 10.延时等待10秒
2025-01-07T08:57:23.678354+0800 INFO 11.广播设置时钟（40007f00）
2025-01-07T08:57:23.691442+0800 INFO 发送至被测设备的下行报文：681a0043c0aaa0545207010240007f001c07e90107090717002bd516

2025-01-07T08:57:53.802298+0800 INFO 安全传输执行结果：{}
2025-01-07T08:57:53.802298+0800 INFO 12.延时等待30秒
2025-01-07T08:58:23.821097+0800 INFO 13.通过读取时钟（40000200），被测样机时钟不响应，不响应则合格
2025-01-07T08:58:23.827616+0800 INFO 发送至安全服务的明文APDU：0501014000020000

2025-01-07T08:58:23.967931+0800 INFO 安全服务返回的密文APDU：10011064F5B8F6F93D0CAF43A5AA2D806F918400811C3310020014049628B376

2025-01-07T08:58:23.967931+0800 INFO 发送至被测设备的下行报文：682f004305030201052420a05f7510011064f5b8f6f93d0caf43a5aa2d806f918400811c3310020014049628b37672af16

2025-01-07T08:58:24.489258+0800 INFO 安全传输执行结果：{'ProtocolData': '683900C305030201052420A0BA359001201DB606BA6D30D289380D50CFA6858F22F13222BC1593C38A62CD9A2EE32CD0100100048513FF9F92AA16'}
2025-01-07T08:58:24.500807+0800 INFO 接收到被测设备的上行报文：683900C305030201052420A0BA359001201DB606BA6D30D289380D50CFA6858F22F13222BC1593C38A62CD9A2EE32CD0100100048513FF9F92AA16

2025-01-07T08:58:24.500807+0800 INFO 安全传输接收的数据：683900C305030201052420A0BA359001201DB606BA6D30D289380D50CFA6858F22F13222BC1593C38A62CD9A2EE32CD0100100048513FF9F92AA16
2025-01-07T08:58:24.500807+0800 INFO 发送至安全服务的密文APDU：9001201DB606BA6D30D289380D50CFA6858F22F13222BC1593C38A62CD9A2EE32CD0100100048513FF9F

2025-01-07T08:58:24.601365+0800 INFO 安全服务返回的明文APDU：85010140000200011C07E90107083A170000

2025-01-07T08:58:24.601365+0800 INFO 通过读取时钟（40000200），被测样机时间未被修改
2025-01-07T08:58:24.601365+0800 INFO 14.通过明文广播命令对时，对时时间和当前时间相差1-5分钟
2025-01-07T08:58:24.616993+0800 INFO 发送至被测设备的下行报文：681a0043c0aaa0545207010240007f001c07e90107090118003a8016

2025-01-07T08:58:54.749727+0800 INFO 安全传输执行结果：{}
2025-01-07T08:58:54.756738+0800 INFO 15.延时等待30秒
2025-01-07T08:59:24.766185+0800 INFO 16.读取时钟（40000200）
2025-01-07T08:59:24.777755+0800 INFO 发送至安全服务的明文APDU：0501014000020000

2025-01-07T08:59:24.920326+0800 INFO 安全服务返回的密文APDU：10011064F5B8F6F93D0CAF43A5AA2D806F918400811C3310020014049628B376

2025-01-07T08:59:24.935873+0800 INFO 发送至被测设备的下行报文：682f004305030201052420a05f7510011064f5b8f6f93d0caf43a5aa2d806f918400811c3310020014049628b37672af16

2025-01-07T08:59:25.456356+0800 INFO 安全传输执行结果：{'ProtocolData': '683900C305030201052420A0BA3590012071971BB4153D2043DEA9DFAFE1B45B849855822744647BD95DF19DCC6922ABBB0100046CCAECEAF55016'}
2025-01-07T08:59:25.456356+0800 INFO 接收到被测设备的上行报文：683900C305030201052420A0BA3590012071971BB4153D2043DEA9DFAFE1B45B849855822744647BD95DF19DCC6922ABBB0100046CCAECEAF55016

2025-01-07T08:59:25.471986+0800 INFO 安全传输接收的数据：683900C305030201052420A0BA3590012071971BB4153D2043DEA9DFAFE1B45B849855822744647BD95DF19DCC6922ABBB0100046CCAECEAF55016
2025-01-07T08:59:25.471986+0800 INFO 发送至安全服务的密文APDU：90012071971BB4153D2043DEA9DFAFE1B45B849855822744647BD95DF19DCC6922ABBB0100046CCAECEA

2025-01-07T08:59:25.582656+0800 INFO 安全服务返回的明文APDU：85010140000200011C07E901070902180000

2025-01-07T08:59:25.598286+0800 INFO 通过读取时钟（40000200），被测样机时钟误差在10秒范围内，合格
2025-01-07T08:59:25.606850+0800 INFO 17.通过明文广播命令校时，对时时间和当前时间相差1-5分钟
2025-01-07T08:59:25.610886+0800 INFO 发送至被测设备的下行报文：681a0043c0aaa0545207010240007f001c07e90107090319005a2c16

2025-01-07T08:59:55.743257+0800 INFO 安全传输执行结果：{}
2025-01-07T08:59:55.750805+0800 INFO 18.延时等待30秒
2025-01-07T09:00:25.762264+0800 INFO 通过读取时钟（40000200），判断被测样机时钟不响应，不响应则合格
2025-01-07T09:00:25.762264+0800 INFO 发送至安全服务的明文APDU：0501014000020000

2025-01-07T09:00:25.913563+0800 INFO 安全服务返回的密文APDU：10011064F5B8F6F93D0CAF43A5AA2D806F918400811C3310020014049628B376

2025-01-07T09:00:25.913563+0800 INFO 发送至被测设备的下行报文：682f004305030201052420a05f7510011064f5b8f6f93d0caf43a5aa2d806f918400811c3310020014049628b37672af16

2025-01-07T09:00:26.422680+0800 INFO 安全传输执行结果：{'ProtocolData': '683900C305030201052420A0BA3590012071971BB4153D2043DEA9DFAFE1B45B847EABBA6DBE5509B4E25E775B3B48BFE901000462BE16DC8D0C16'}
2025-01-07T09:00:26.422680+0800 INFO 接收到被测设备的上行报文：683900C305030201052420A0BA3590012071971BB4153D2043DEA9DFAFE1B45B847EABBA6DBE5509B4E25E775B3B48BFE901000462BE16DC8D0C16

2025-01-07T09:00:26.422680+0800 INFO 安全传输接收的数据：683900C305030201052420A0BA3590012071971BB4153D2043DEA9DFAFE1B45B847EABBA6DBE5509B4E25E775B3B48BFE901000462BE16DC8D0C16
2025-01-07T09:00:26.422680+0800 INFO 发送至安全服务的密文APDU：90012071971BB4153D2043DEA9DFAFE1B45B847EABBA6DBE5509B4E25E775B3B48BFE901000462BE16DC

2025-01-07T09:00:26.556322+0800 INFO 安全服务返回的明文APDU：85010140000200011C07E901070903190000

2025-01-07T09:00:26.556322+0800 INFO 通过读取时钟（40000200），被测样机时钟误差在10秒范围内，合格
2025-01-07T09:00:26.571950+0800 INFO 执行结果: 测试时钟召测和对时试验结束，合格
2025-01-07T09:00:26.571950+0800 INFO 执行时间: 309.652秒
2025-01-07T09:00:26.582462+0800 INFO 表位 3 完成执行测试用例: 时钟召测和对时试验
