2025-01-07T15:00:38.204668+0800 INFO 执行失电数据和时钟保持试验...
2025-01-07T15:00:38.204668+0800 INFO 执行失电数据和时钟保持试验...
2025-01-07T15:00:38.220294+0800 INFO 开始切换485通讯方式
2025-01-07T15:00:38.233307+0800 INFO 开始切换485通讯方式
2025-01-07T15:00:38.233307+0800 INFO 开始切换485通讯方式
2025-01-07T15:00:38.348217+0800 INFO 切换485通讯方式结束
2025-01-07T15:00:38.356264+0800 INFO 开始切换标准逆变器服务
2025-01-07T15:00:38.356264+0800 INFO 开始切换标准逆变器服务
2025-01-07T15:00:38.575635+0800 INFO 切换标准逆变器成功
2025-01-07T15:00:38.577147+0800 INFO 用例:失电数据和时钟保持试验
2025-01-07T15:00:38.577147+0800 INFO 切换标准逆变器成功
2025-01-07T15:00:38.592702+0800 INFO 【用例执行前序准备阶段】步骤0：获取表位配置
2025-01-07T15:00:38.600714+0800 INFO 【用例执行前序准备阶段】步骤1：读取通信地址（40010200）
2025-01-07T15:00:38.606228+0800 INFO 发送至被测设备的下行报文：6817004305030201052420a03a5a0501014001020000c60716

2025-01-07T15:00:38.606228+0800 INFO 发送至被测设备的下行报文：6817004305050201052420a0f7020501014001020000c60716

2025-01-07T15:00:39.027973+0800 INFO 执行结果：<mode.bean.DuringResult object at 0x00000224213E0690>
2025-01-07T15:00:39.027973+0800 INFO 接收的数据：682100C305030201052420A055F88501014001020001090620240501020300009EDA16
2025-01-07T15:00:39.027973+0800 INFO 接收到被测设备的上行报文：682100C305030201052420A055F88501014001020001090620240501020300009EDA16

2025-01-07T15:00:39.027973+0800 INFO 【用例执行前序准备阶段】步骤1：读取通信地址（40010200）,读取通信地址成功

2025-01-07T15:00:39.027973+0800 INFO 通信地址:202405010203

2025-01-07T15:00:39.027973+0800 INFO 【用例执行前序准备阶段】步骤2：读取表号（40020200）
2025-01-07T15:00:39.040501+0800 INFO 发送至被测设备的下行报文：6817004305030201052420a03a5a05010140020200000b2216

2025-01-07T15:00:39.446504+0800 INFO 执行结果：<mode.bean.DuringResult object at 0x0000022421374E10>
2025-01-07T15:00:39.448493+0800 INFO 接收的数据：682100C305030201052420A055F885010140020200010906FFFFFFFFFFFF0000A95D16
2025-01-07T15:00:39.450487+0800 INFO 接收到被测设备的上行报文：682100C305030201052420A055F885010140020200010906FFFFFFFFFFFF0000A95D16

2025-01-07T15:00:39.452481+0800 INFO 【用例执行前序准备阶段】步骤2：读取表号（40020200）,读取表号成功

2025-01-07T15:00:39.454473+0800 INFO 表号:0000FFFFFFFFFFFF

2025-01-07T15:00:39.456392+0800 INFO 【用例执行前序准备阶段】步骤3：读取ESAM序列号（F1000200）
2025-01-07T15:00:39.458385+0800 INFO 发送至被测设备的下行报文：6817004305030201052420a03a5a050101f100020000bd4e16

2025-01-07T15:00:39.868029+0800 INFO 执行结果：<mode.bean.DuringResult object at 0x00000224213E1A90>
2025-01-07T15:00:39.868029+0800 INFO 接收的数据：682300C305030201052420A07753850101F10002000109086F0100000003CDD9000017A616
2025-01-07T15:00:39.868029+0800 INFO 接收到被测设备的上行报文：682300C305030201052420A07753850101F10002000109086F0100000003CDD9000017A616

2025-01-07T15:00:39.868029+0800 INFO 【用例执行前序准备阶段】步骤3：读取ESAM序列号（F1000200）,读取ESAM序列号成功

2025-01-07T15:00:39.878541+0800 INFO ESAM序列号:6F0100000003CDD9

2025-01-07T15:00:39.878541+0800 INFO 【用例执行前序准备阶段】步骤4：读取对称密钥版本（F1000400）
2025-01-07T15:00:39.878541+0800 INFO 发送至被测设备的下行报文：6817004305030201052420a03a5a050101f100040000649816

2025-01-07T15:00:40.292046+0800 INFO 执行结果：<mode.bean.DuringResult object at 0x0000022420207050>
2025-01-07T15:00:40.300960+0800 INFO 接收的数据：682B00C305030201052420A0DDEF850101F1000400010910000000000000000000000000000000000000F99B16
2025-01-07T15:00:40.300960+0800 INFO 上行数据data:：cmd=1007,ret=0,data=7;1;681B00C305070201052420A06413850101F101020001160100007CF616
2025-01-07T15:00:40.303082+0800 INFO 接收到被测设备的上行报文：682B00C305030201052420A0DDEF850101F1000400010910000000000000000000000000000000000000F99B16

2025-01-07T15:00:40.316752+0800 INFO 【用例执行前序准备阶段】步骤4：读取对称密钥版本（F1000400）,读取对称密钥版本成功

2025-01-07T15:00:40.322851+0800 INFO 对称密钥版本:00000000000000000000

2025-01-07T15:00:40.322851+0800 INFO 【用例执行前序准备阶段】步骤6：读取安全模式参数（F1010200）,读取安全模式参数成功

2025-01-07T15:00:40.322851+0800 INFO 【用例执行前序准备阶段】步骤5：读取计数器（F1000700）
2025-01-07T15:00:40.322851+0800 INFO 发送至被测设备的下行报文：685e004305080201052420a0860802000010ffffffffffffffffffffffffffffffffffffffffffffffff020002000107d00001518002209f69c69cd9911b705bf3b4bf2779bb2ff184a55484c03f501b781abdf0dbf90a04b288eb72002c4e16

2025-01-07T15:00:40.332858+0800 INFO 发送至被测设备的下行报文：6817004305030201052420a03a5a050101f100070000007716

2025-01-07T15:00:40.742685+0800 INFO 执行结果：<mode.bean.DuringResult object at 0x00000224225CB0D0>
2025-01-07T15:00:40.753217+0800 INFO 接收的数据：682A00C305030201052420A04CBA850101F100070001020306000000B506000000000600000000000086C116
2025-01-07T15:00:40.761255+0800 INFO 接收到被测设备的上行报文：682A00C305030201052420A04CBA850101F100070001020306000000B506000000000600000000000086C116

2025-01-07T15:00:40.769767+0800 INFO 【用例执行前序准备阶段】步骤5：读取计数器（F1000700）,读取计数器成功

2025-01-07T15:00:40.769767+0800 INFO 计数器:000000b6

2025-01-07T15:00:40.769767+0800 INFO 【用例执行前序准备阶段】步骤6：读取安全模式参数（F1010200）
2025-01-07T15:00:40.769767+0800 INFO 发送至被测设备的下行报文：6817004305030201052420a03a5a050101f101020000065216

2025-01-07T15:00:41.089564+0800 INFO 执行结果：<mode.bean.DuringResult object at 0x000002242025F590>
2025-01-07T15:00:41.089564+0800 INFO 接收的数据：681B00C305030201052420A0127C850101F101020001160100007CF616
2025-01-07T15:00:41.089564+0800 INFO 接收到被测设备的上行报文：681B00C305030201052420A0127C850101F101020001160100007CF616

2025-01-07T15:00:41.095575+0800 INFO 【用例执行前序准备阶段】步骤6：读取安全模式参数（F1010200）,读取安全模式参数成功

2025-01-07T15:00:41.095575+0800 INFO 安全模式参数:01

2025-01-07T15:00:41.095575+0800 INFO 【用例执行前序准备阶段】步骤7：与加密机主站会话协商
2025-01-07T15:00:41.338560+0800 INFO 建立应用连接开始
2025-01-07T15:00:41.356639+0800 INFO 【用例执行前序准备阶段】步骤8：建立应用连接
2025-01-07T15:00:41.358156+0800 INFO 发送至被测设备的下行报文：685e004305030201052420a0047e02000010ffffffffffffffffffffffffffffffffffffffffffffffff020002000107d0000151800220f49a5edea539e5f1f69c85749e63be0c7cc304a51cd2a666c812aefbcc255f100459124997000d8216

2025-01-07T15:00:42.270345+0800 INFO 执行结果：<mode.bean.DuringResult object at 0x0000022421377350>
2025-01-07T15:00:42.281410+0800 INFO 接收的数据：689000C305030201052420A010AC820000000000000000000000000000000000000000000000000000000000000000000016FFFFFFFFC0000000FFFEC400000000000000000000000000080008000107D000000708000130ACC62CF571E4169E164269059259CB01B041014BF8B597D37C5FF6FCE0490A7D73A8705A981C12109FBC6F63D4E8627304962F463500008F5516
2025-01-07T15:00:42.281410+0800 INFO 接收到被测设备的上行报文：689000C305030201052420A010AC820000000000000000000000000000000000000000000000000000000000000000000016FFFFFFFFC0000000FFFEC400000000000000000000000000080008000107D000000708000130ACC62CF571E4169E164269059259CB01B041014BF8B597D37C5FF6FCE0490A7D73A8705A981C12109FBC6F63D4E8627304962F463500008F5516

2025-01-07T15:00:42.281410+0800 INFO 【用例执行前序准备阶段】步骤8：建立应用连接,应用连接请求成功
2025-01-07T15:00:42.281410+0800 INFO 【用例执行前序准备阶段】步骤9：加密机协商验证
2025-01-07T15:00:42.744125+0800 INFO 【用例执行前序准备阶段】步骤9：加密机协商验证,密钥协商成功

2025-01-07T15:00:42.744125+0800 INFO 安全模式已启用，无需设置

2025-01-07T15:00:42.759757+0800 INFO 密钥协商成功
2025-01-07T15:00:42.759757+0800 INFO 建立应用连接成功
2025-01-07T15:00:42.767788+0800 INFO 执行:用例执行前校时
2025-01-07T15:00:42.768298+0800 INFO 执行:设置时钟:2025-01-07 15:00:42.768298
2025-01-07T15:00:42.768298+0800 INFO Send:06011B400002001C07E901070F002A00
2025-01-07T15:00:42.768298+0800 INFO 发送至安全服务的明文APDU：06011B400002001C07E901070F002A00

2025-01-07T15:00:43.542021+0800 INFO 安全服务返回的密文APDU：100120EE19F064B1E6BFAD132251AB43DC15BE1D68565257ED0AE8D9F3239EED4926F800811C331002002404C38630E2

2025-01-07T15:00:43.542021+0800 INFO 发送至被测设备的下行报文：683f004305030201052420a01a04100120ee19f064b1e6bfad132251ab43dc15be1d68565257ed0ae8d9f3239eed4926f800811c331002002404c38630e2e2a616

2025-01-07T15:00:44.165535+0800 INFO 安全传输执行结果：{'ProtocolData': '682900C305030201052420A0FF4490011030ED2DBFCAEEDF180C780A3AEF44995A01000434A7822BAF6D16'}
2025-01-07T15:00:44.173045+0800 INFO 接收到被测设备的上行报文：682900C305030201052420A0FF4490011030ED2DBFCAEEDF180C780A3AEF44995A01000434A7822BAF6D16

2025-01-07T15:00:44.173045+0800 INFO 安全传输接收的数据：682900C305030201052420A0FF4490011030ED2DBFCAEEDF180C780A3AEF44995A01000434A7822BAF6D16
2025-01-07T15:00:44.180069+0800 INFO 发送至安全服务的密文APDU：90011030ED2DBFCAEEDF180C780A3AEF44995A01000434A7822B

2025-01-07T15:00:45.186995+0800 INFO 安全服务返回的明文APDU：86011B40000200000000

2025-01-07T15:00:45.188539+0800 INFO Recv:86011B40000200000000
2025-01-07T15:00:45.188539+0800 INFO 执行:设置时钟完成
2025-01-07T15:00:45.188539+0800 INFO 执行:设置校时事件有效标志
2025-01-07T15:00:45.205722+0800 INFO Send:06012330160900030100
2025-01-07T15:00:45.211303+0800 INFO 发送至安全服务的明文APDU：06012330160900030100

2025-01-07T15:00:45.808599+0800 INFO 安全服务返回的密文APDU：100110045D9453C358FBC63E10B8BD6F98592900811C3310020014041446FD4D

2025-01-07T15:00:45.816133+0800 INFO 发送至被测设备的下行报文：682f004305030201052420a05f75100110045d9453c358fbc63e10b8bd6f98592900811c3310020014041446fd4d65e216

2025-01-07T15:00:46.327120+0800 INFO 安全传输执行结果：{'ProtocolData': '682900C305030201052420A0FF449001107CB315A87053F7552054D59C59BFE07201000495A41B59EBDB16'}
2025-01-07T15:00:46.336637+0800 INFO 接收到被测设备的上行报文：682900C305030201052420A0FF449001107CB315A87053F7552054D59C59BFE07201000495A41B59EBDB16

2025-01-07T15:00:46.336637+0800 INFO 安全传输接收的数据：682900C305030201052420A0FF449001107CB315A87053F7552054D59C59BFE07201000495A41B59EBDB16
2025-01-07T15:00:46.336637+0800 INFO 发送至安全服务的密文APDU：9001107CB315A87053F7552054D59C59BFE07201000495A41B59

2025-01-07T15:00:46.839630+0800 INFO 安全服务返回的明文APDU：86012330160900000000

2025-01-07T15:00:46.839630+0800 INFO Recv:86012330160900000000
2025-01-07T15:00:46.851209+0800 INFO 执行:设置校时事件有效标志完成
2025-01-07T15:00:46.851209+0800 INFO 执行:设置事件初始化
2025-01-07T15:00:46.851209+0800 INFO Send:07012743000500000107E901070F002E0000FF
2025-01-07T15:00:46.851209+0800 INFO 发送至安全服务的明文APDU：07012743000500000107E901070F002E0000FF

2025-01-07T15:00:47.290266+0800 INFO 安全服务返回的密文APDU：100120D388908EC8E2847B5875D90C547B288941D7866AC7506545616F8F7B57A9804600811C331002002404F5BE1D8D

2025-01-07T15:00:47.304336+0800 INFO 发送至被测设备的下行报文：683f004305030201052420a01a04100120d388908ec8e2847b5875d90c547b288941d7866ac7506545616f8f7b57a9804600811c331002002404f5be1d8daf0616

2025-01-07T15:00:47.918067+0800 INFO 安全传输执行结果：{'ProtocolData': '682900C305030201052420A0FF4490011015ED9A279C429446CEBEA9369422DB0B010004C11D4BFD98FB16'}
2025-01-07T15:00:47.926180+0800 INFO 接收到被测设备的上行报文：682900C305030201052420A0FF4490011015ED9A279C429446CEBEA9369422DB0B010004C11D4BFD98FB16

2025-01-07T15:00:47.932325+0800 INFO 安全传输接收的数据：682900C305030201052420A0FF4490011015ED9A279C429446CEBEA9369422DB0B010004C11D4BFD98FB16
2025-01-07T15:00:47.932325+0800 INFO 发送至安全服务的密文APDU：90011015ED9A279C429446CEBEA9369422DB0B010004C11D4BFD

2025-01-07T15:00:48.389326+0800 INFO 安全服务返回的明文APDU：8701274300050000000000

2025-01-07T15:00:48.396872+0800 INFO Recv:8701274300050000000000
2025-01-07T15:00:48.404888+0800 INFO 执行:设置事件初始化完成
2025-01-07T15:00:48.404888+0800 INFO 等待30s...
2025-01-07T15:01:18.415143+0800 INFO 执行：初次读取事件个数
2025-01-07T15:01:18.425147+0800 INFO Send:0501333016040000
2025-01-07T15:01:18.425147+0800 INFO 发送至安全服务的明文APDU：0501333016040000

2025-01-07T15:01:18.525480+0800 INFO 安全服务返回的密文APDU：100110CE81613DC28589303E38B068FD9EB8E200811C331002001404424AD309

2025-01-07T15:01:18.525480+0800 INFO 发送至被测设备的下行报文：682f004305030201052420a05f75100110ce81613dc28589303e38b068fd9eb8e200811c331002001404424ad30918bf16

2025-01-07T15:01:19.049227+0800 INFO 安全传输执行结果：{'ProtocolData': '682900C305030201052420A0FF44900110E45AA04C529CE6A7ADB6C7E9CF29AB6D0100041FAA15C83E1A16'}
2025-01-07T15:01:19.049227+0800 INFO 接收到被测设备的上行报文：682900C305030201052420A0FF44900110E45AA04C529CE6A7ADB6C7E9CF29AB6D0100041FAA15C83E1A16

2025-01-07T15:01:19.067369+0800 INFO 安全传输接收的数据：682900C305030201052420A0FF44900110E45AA04C529CE6A7ADB6C7E9CF29AB6D0100041FAA15C83E1A16
2025-01-07T15:01:19.069895+0800 INFO 发送至安全服务的密文APDU：900110E45AA04C529CE6A7ADB6C7E9CF29AB6D0100041FAA15C8

2025-01-07T15:01:19.268935+0800 INFO 安全服务返回的明文APDU：85013330160400011200000000

2025-01-07T15:01:19.271972+0800 INFO Recv:85013330160400011200000000
2025-01-07T15:01:19.271972+0800 INFO 30160400事件个数:0
2025-01-07T15:01:19.271972+0800 INFO 执行：初次读取事件个数结束
2025-01-07T15:01:19.271972+0800 INFO 执行校时时间:2025-01-07 15:01:19.271972
2025-01-07T15:01:19.271972+0800 INFO 执行:设置时钟:2025-01-07 15:01:19.271972
2025-01-07T15:01:19.271972+0800 INFO Send:060136400002001C07E901070F011300
2025-01-07T15:01:19.271972+0800 INFO 发送至安全服务的明文APDU：060136400002001C07E901070F011300

2025-01-07T15:01:19.545134+0800 INFO 安全服务返回的密文APDU：100120AFAF3ADCCAF17D4AD5D6818724F67AD4598470D91FA490E775E6EBC2C4A6E29700811C33100200240444F00A32

2025-01-07T15:01:19.553644+0800 INFO 发送至被测设备的下行报文：683f004305030201052420a01a04100120afaf3adccaf17d4ad5d6818724f67ad4598470d91fa490e775e6ebc2c4a6e29700811c33100200240444f00a32f40f16

2025-01-07T15:01:20.179327+0800 INFO 安全传输执行结果：{'ProtocolData': '682900C305030201052420A0FF44900110B9F275488EBFCED022B05FA2131A0AB001000480BF290D85FA16'}
2025-01-07T15:01:20.179881+0800 INFO 接收到被测设备的上行报文：682900C305030201052420A0FF44900110B9F275488EBFCED022B05FA2131A0AB001000480BF290D85FA16

2025-01-07T15:01:20.179881+0800 INFO 安全传输接收的数据：682900C305030201052420A0FF44900110B9F275488EBFCED022B05FA2131A0AB001000480BF290D85FA16
2025-01-07T15:01:20.179881+0800 INFO 发送至安全服务的密文APDU：900110B9F275488EBFCED022B05FA2131A0AB001000480BF290D

2025-01-07T15:01:20.381834+0800 INFO 安全服务返回的明文APDU：86013640000200000000

2025-01-07T15:01:20.381834+0800 INFO Recv:86013640000200000000
2025-01-07T15:01:20.381834+0800 INFO 执行:设置时钟完成
2025-01-07T15:01:20.397464+0800 INFO 等待60s...
2025-01-07T15:02:20.402879+0800 INFO 执行：读取待测设备时钟
2025-01-07T15:02:20.402879+0800 INFO 发送至安全服务的明文APDU:0501064000020000
2025-01-07T15:02:20.764911+0800 INFO 安全服务返回的密文APDU:100110CF86FB4E2602A350090722E7EB1DBDF200811C331002001404E7D366E8
2025-01-07T15:02:20.767422+0800 INFO 当前调用secure_transmission_encryption 线程: 12616
2025-01-07T15:02:20.774450+0800 INFO 发送至被测设备的下行报文:682f004305030201052420a05f75100110cf86fb4e2602a350090722e7eb1dbdf200811c331002001404e7d366e87eee16
2025-01-07T15:02:21.282047+0800 INFO 安全传输执行结果：{'ProtocolData': '683900C305030201052420A0BA359001206B139082757374F9F788D72E2136903E1E73A08959C8F185BF8DBF4C14233AFF010004B36DF50E938216'}
2025-01-07T15:02:21.282047+0800 INFO 接收到被测设备的上行报文:683900C305030201052420A0BA359001206B139082757374F9F788D72E2136903E1E73A08959C8F185BF8DBF4C14233AFF010004B36DF50E938216
2025-01-07T15:02:21.291576+0800 INFO 安全传输接收的数据:683900C305030201052420A0BA359001206B139082757374F9F788D72E2136903E1E73A08959C8F185BF8DBF4C14233AFF010004B36DF50E938216
2025-01-07T15:02:21.294579+0800 INFO 发送至安全服务的密文APDU:9001206B139082757374F9F788D72E2136903E1E73A08959C8F185BF8DBF4C14233AFF010004B36DF50E
2025-01-07T15:02:21.605786+0800 INFO 安全服务返回的明文APDU:85010640000200011C07E901070F02140000
2025-01-07T15:02:21.605786+0800 INFO 安全传输成功
2025-01-07T15:02:21.623903+0800 INFO 执行：读取待测设备时钟完成
2025-01-07T15:02:21.626474+0800 INFO 系统时间：2025-01-07 15:02:21, 读取时间：2025-01-07 15:02:20, 系统时间减读取时间差值：1.0
2025-01-07T15:02:21.631630+0800 INFO 执行：读取事件个数
2025-01-07T15:02:21.633359+0800 INFO Send:05010A3016040000
2025-01-07T15:02:21.636958+0800 INFO 发送至安全服务的明文APDU：05010A3016040000

2025-01-07T15:02:21.872025+0800 INFO 安全服务返回的密文APDU：100110D43A2EE4C81EDDE666FF63076913917000811C3310020014041C798E52

2025-01-07T15:02:21.885173+0800 INFO 发送至被测设备的下行报文：682f004305030201052420a05f75100110d43a2ee4c81edde666ff63076913917000811c3310020014041c798e523efe16

2025-01-07T15:02:22.402668+0800 INFO 安全传输执行结果：{'ProtocolData': '682900C305030201052420A0FF44900110C1869B33A99C940233E846F1A6DF1EB30100041D9CAAA8CCA016'}
2025-01-07T15:02:22.402668+0800 INFO 接收到被测设备的上行报文：682900C305030201052420A0FF44900110C1869B33A99C940233E846F1A6DF1EB30100041D9CAAA8CCA016

2025-01-07T15:02:22.402668+0800 INFO 安全传输接收的数据：682900C305030201052420A0FF44900110C1869B33A99C940233E846F1A6DF1EB30100041D9CAAA8CCA016
2025-01-07T15:02:22.419814+0800 INFO 发送至安全服务的密文APDU：900110C1869B33A99C940233E846F1A6DF1EB30100041D9CAAA8

2025-01-07T15:02:22.604276+0800 INFO 安全服务返回的明文APDU：85010A30160400011200010000

2025-01-07T15:02:22.604276+0800 INFO Recv:85010A30160400011200010000
2025-01-07T15:02:22.604276+0800 INFO 30160400事件个数:1
2025-01-07T15:02:22.622917+0800 INFO 执行：读取事件个数结束
2025-01-07T15:02:22.622917+0800 INFO 执行：读取事件内容
2025-01-07T15:02:22.630435+0800 INFO Send:05030D3016020009010300201E02000020200200002022020000
2025-01-07T15:02:22.633443+0800 INFO 发送至安全服务的明文APDU：05030D3016020009010300201E02000020200200002022020000

2025-01-07T15:02:22.738379+0800 INFO 安全服务返回的密文APDU：100120155870C5D9A72169E9F4126BD8D78369179677A7F1D44A036A7EAB3742BA02E700811C331002002404F4B508AA

2025-01-07T15:02:22.741449+0800 INFO 发送至被测设备的下行报文：683f004305030201052420a01a04100120155870c5d9a72169e9f4126bd8d78369179677a7f1d44a036a7eab3742ba02e700811c331002002404f4b508aae81716

2025-01-07T15:02:23.360930+0800 INFO 安全传输执行结果：{'ProtocolData': '685900C305030201052420A0351A9001407F1BB4CCAA68BC16475B7538B9F4775B56D3C1D60B29B30C38F129A468977C13B0F4CDDB74065DE7A178EBAE8E7BAAA524B5C0DD856B298451FAD02DF9F77A85010004A5C8994FC75C16'}
2025-01-07T15:02:23.367434+0800 INFO 接收到被测设备的上行报文：685900C305030201052420A0351A9001407F1BB4CCAA68BC16475B7538B9F4775B56D3C1D60B29B30C38F129A468977C13B0F4CDDB74065DE7A178EBAE8E7BAAA524B5C0DD856B298451FAD02DF9F77A85010004A5C8994FC75C16

2025-01-07T15:02:23.367434+0800 INFO 安全传输接收的数据：685900C305030201052420A0351A9001407F1BB4CCAA68BC16475B7538B9F4775B56D3C1D60B29B30C38F129A468977C13B0F4CDDB74065DE7A178EBAE8E7BAAA524B5C0DD856B298451FAD02DF9F77A85010004A5C8994FC75C16
2025-01-07T15:02:23.367434+0800 INFO 发送至安全服务的密文APDU：9001407F1BB4CCAA68BC16475B7538B9F4775B56D3C1D60B29B30C38F129A468977C13B0F4CDDB74065DE7A178EBAE8E7BAAA524B5C0DD856B298451FAD02DF9F77A85010004A5C8994F

2025-01-07T15:02:23.497460+0800 INFO 安全服务返回的明文APDU：85030D301602000300201E02000020200200002022020001011C07E901070F01111C07E901070F011306000000000000

2025-01-07T15:02:23.497460+0800 INFO Recv:85030D301602000300201E02000020200200002022020001011C07E901070F01111C07E901070F011306000000000000
2025-01-07T15:02:23.512043+0800 INFO 事件记录号:0,事件发生时间:2025-01-07 15:01:17,事件结束时间:2025-01-07 15:01:19
2025-01-07T15:02:23.512043+0800 INFO 执行：验证事件内容结束
2025-01-07T15:02:23.512043+0800 INFO 执行：断开供电电源，等待10分钟
2025-01-07T15:12:59.349572+0800 INFO 执行:恢复电源
2025-01-07T15:12:59.365209+0800 INFO 执行:恢复电源
2025-01-07T15:12:59.365209+0800 INFO 执行:恢复电源
2025-01-07T15:12:59.365209+0800 INFO 执行:恢复电源
2025-01-07T15:12:59.381785+0800 INFO 执行:恢复电源
2025-01-07T15:12:59.384305+0800 INFO 执行:恢复电源
2025-01-07T15:12:59.384305+0800 INFO 执行:恢复电源
2025-01-07T15:13:32.311992+0800 INFO 执行：已恢复供电电源，1分钟后即将重新读取时钟
2025-01-07T15:13:32.311992+0800 INFO 执行：已恢复供电电源，1分钟后即将重新读取时钟
2025-01-07T15:13:32.311992+0800 INFO 执行：已恢复供电电源，1分钟后即将重新读取时钟
2025-01-07T15:13:32.311992+0800 INFO 执行：已恢复供电电源，1分钟后即将重新读取时钟
2025-01-07T15:14:32.354383+0800 INFO 开始读取标准表电压
2025-01-07T15:14:32.354383+0800 INFO 开始读取标准表电压
2025-01-07T15:14:33.334913+0800 INFO 读取标准表电压值为219.990829，读取标准表电压结束
2025-01-07T15:14:33.334913+0800 INFO 读取标准表电压值为219.990829，读取标准表电压结束
2025-01-07T15:14:33.334913+0800 INFO 读取标准表电压值为219.990829，读取标准表电压结束
2025-01-07T15:14:33.344424+0800 INFO 读取标准表电压值为219.990829，读取标准表电压结束
2025-01-07T15:14:33.344424+0800 INFO 读取标准表电压值为219.990829，读取标准表电压结束
2025-01-07T15:14:33.344424+0800 INFO 读取标准表电压值为219.990829，读取标准表电压结束
2025-01-07T15:14:33.344424+0800 INFO 读取标准表电压值为219.990829，读取标准表电压结束
2025-01-07T15:14:33.362493+0800 INFO 台体升源电压与设定值相符
2025-01-07T15:14:33.362493+0800 INFO 台体升源电压与设定值相符
2025-01-07T15:14:33.365995+0800 INFO 台体升源电压与设定值相符
2025-01-07T15:14:33.381622+0800 INFO 执行：重新供电后读取待测设备时钟，判断差值
2025-01-07T15:14:33.381622+0800 INFO 执行：重新供电后读取待测设备时钟，判断差值
2025-01-07T15:14:33.381622+0800 INFO 执行：重新供电后读取待测设备时钟，判断差值
2025-01-07T15:14:33.406702+0800 INFO 执行：读取待测设备时钟
2025-01-07T15:14:33.406702+0800 INFO 执行：读取待测设备时钟
2025-01-07T15:14:33.406702+0800 INFO 执行：读取待测设备时钟
2025-01-07T15:14:33.428342+0800 INFO 发送至安全服务的明文APDU:05011E4000020000
2025-01-07T15:14:33.428342+0800 INFO 发送至安全服务的明文APDU:0501194000020000
2025-01-07T15:14:34.574903+0800 INFO 安全服务返回的密文APDU:10011072A74D67EF514B1B79869D1C347721FF00811C33100200140449F9ED01
2025-01-07T15:14:34.588429+0800 INFO 发送至被测设备的下行报文:682f004305030201052420a05f7510011072a74d67ef514b1b79869d1c347721ff00811c33100200140449f9ed01156216
2025-01-07T15:14:35.097479+0800 INFO 安全传输执行结果：{'ProtocolData': '683900C305030201052420A0BA35900120CC1BBA013B36456DB356EEAD70258940C38C7C3D6049A4F2346B06FECB60B0DD010004123EFE2D533A16'}
2025-01-07T15:14:35.097479+0800 INFO 接收到被测设备的上行报文:683900C305030201052420A0BA35900120CC1BBA013B36456DB356EEAD70258940C38C7C3D6049A4F2346B06FECB60B0DD010004123EFE2D533A16
2025-01-07T15:14:35.108021+0800 INFO 安全传输接收的数据:683900C305030201052420A0BA35900120CC1BBA013B36456DB356EEAD70258940C38C7C3D6049A4F2346B06FECB60B0DD010004123EFE2D533A16
2025-01-07T15:14:35.108021+0800 INFO 发送至安全服务的密文APDU:900120CC1BBA013B36456DB356EEAD70258940C38C7C3D6049A4F2346B06FECB60B0DD010004123EFE2D
2025-01-07T15:14:36.166522+0800 INFO 安全服务返回的明文APDU:85011E40000200011C07E901070F0E210000
2025-01-07T15:14:36.176034+0800 INFO 安全传输成功
2025-01-07T15:14:36.178062+0800 INFO 执行：读取待测设备时钟完成
2025-01-07T15:14:36.182582+0800 INFO 系统时间：2025-01-07 15:14:35, 读取时间：2025-01-07 15:14:33, 系统时间减读取时间差值：2.0
2025-01-07T15:14:36.187597+0800 INFO 断电前时差：1.0, 断电后时差：2.0, 时间差值变化：1.0
2025-01-07T15:14:36.187597+0800 INFO 执行：重新供电后读取待测设备时钟，判断差值结束
2025-01-07T15:14:36.187597+0800 INFO 执行：读取事件个数
2025-01-07T15:14:36.197107+0800 INFO Send:0501263016040000
2025-01-07T15:14:36.204664+0800 INFO 发送至安全服务的明文APDU：0501263016040000

2025-01-07T15:14:36.891054+0800 INFO 安全服务返回的密文APDU：10011034D52C377B60454076534DD7813EE01700811C3310020014049476021E

2025-01-07T15:14:36.906686+0800 INFO 发送至被测设备的下行报文：682f004305030201052420a05f7510011034d52c377b60454076534dd7813ee01700811c3310020014049476021e51a016

2025-01-07T15:14:37.420875+0800 INFO 安全传输执行结果：{'ProtocolData': '682900C305030201052420A0FF44900110CB511292AFC68536B6A4F6FF032204FB010004542B5753180916'}
2025-01-07T15:14:37.426933+0800 INFO 接收到被测设备的上行报文：682900C305030201052420A0FF44900110CB511292AFC68536B6A4F6FF032204FB010004542B5753180916

2025-01-07T15:14:37.426933+0800 INFO 安全传输接收的数据：682900C305030201052420A0FF44900110CB511292AFC68536B6A4F6FF032204FB010004542B5753180916
2025-01-07T15:14:37.426933+0800 INFO 发送至安全服务的密文APDU：900110CB511292AFC68536B6A4F6FF032204FB010004542B5753

2025-01-07T15:14:38.501042+0800 INFO 安全服务返回的明文APDU：85012630160400011200010000

2025-01-07T15:14:38.516672+0800 INFO Recv:85012630160400011200010000
2025-01-07T15:14:38.516672+0800 INFO 30160400事件个数:1
2025-01-07T15:14:38.516672+0800 INFO 执行：读取事件个数结束
2025-01-07T15:14:38.532293+0800 INFO 执行：读取事件内容
2025-01-07T15:14:38.535305+0800 INFO Send:05032E3016020009010300201E02000020200200002022020000
2025-01-07T15:14:38.535305+0800 INFO 发送至安全服务的明文APDU：05032E3016020009010300201E02000020200200002022020000

2025-01-07T15:14:39.256358+0800 INFO 安全服务返回的密文APDU：10012022BAD3677829940E362DDC8CD8E839AFCC0ED5AD6B545DC136D83936997B088700811C33100200240421816623

2025-01-07T15:14:39.271986+0800 INFO 发送至被测设备的下行报文：683f004305030201052420a01a0410012022bad3677829940e362ddc8cd8e839afcc0ed5ad6b545dc136d83936997b088700811c33100200240421816623f77916

2025-01-07T15:14:39.881786+0800 INFO 安全传输执行结果：{'ProtocolData': '685900C305030201052420A0351A90014041454DB411ADD01BCC92BF75B9642AAF56D3C1D62829B30C38F129A468977C13B0F4CDDB74065DE7A178EBAE8E7BAAA565859926AF70AFABFD40D73F634885E601000476130C5BF6B616'}
2025-01-07T15:14:39.881786+0800 INFO 接收到被测设备的上行报文：685900C305030201052420A0351A90014041454DB411ADD01BCC92BF75B9642AAF56D3C1D62829B30C38F129A468977C13B0F4CDDB74065DE7A178EBAE8E7BAAA565859926AF70AFABFD40D73F634885E601000476130C5BF6B616

2025-01-07T15:14:39.881786+0800 INFO 安全传输接收的数据：685900C305030201052420A0351A90014041454DB411ADD01BCC92BF75B9642AAF56D3C1D62829B30C38F129A468977C13B0F4CDDB74065DE7A178EBAE8E7BAAA565859926AF70AFABFD40D73F634885E601000476130C5BF6B616
2025-01-07T15:14:39.881786+0800 INFO 发送至安全服务的密文APDU：90014041454DB411ADD01BCC92BF75B9642AAF56D3C1D62829B30C38F129A468977C13B0F4CDDB74065DE7A178EBAE8E7BAAA565859926AF70AFABFD40D73F634885E601000476130C5B

2025-01-07T15:14:40.363246+0800 INFO 安全服务返回的明文APDU：85032E301602000300201E02000020200200002022020001011C07E901070F01111C07E901070F011306000000000000

2025-01-07T15:14:40.363246+0800 INFO Recv:85032E301602000300201E02000020200200002022020001011C07E901070F01111C07E901070F011306000000000000
2025-01-07T15:14:40.378875+0800 INFO 事件记录号:0,事件发生时间:2025-01-07 15:01:17,事件结束时间:2025-01-07 15:01:19
2025-01-07T15:14:40.378875+0800 INFO 执行：验证事件内容结束
2025-01-07T15:14:40.378875+0800 INFO 用例:失电数据和时钟保持试验通过
2025-01-07T15:14:40.392387+0800 INFO 测试时间00天00时14分02秒
2025-01-07T15:14:40.399906+0800 INFO 执行结果: 
2025-01-07T15:14:40.399906+0800 INFO 执行时间: 842秒
2025-01-07T15:14:40.399906+0800 INFO 表位 3 完成执行测试用例: 失电数据和时钟保持试验
