2025-01-07T12:59:13.171532+0800 INFO 表位 3 执行终端维护...
2025-01-07T12:59:23.276294+0800 INFO 切换逆变器为标准逆变器成功
2025-01-07T12:59:23.276294+0800 INFO 【用例执行前序准备阶段】步骤0：获取表位配置
2025-01-07T12:59:23.276294+0800 INFO 【用例执行前序准备阶段】步骤1：读取通信地址（40010200）
2025-01-07T12:59:23.276294+0800 INFO 发送至被测设备的下行报文：6817004305030201052420a03a5a0501014001020000c60716

2025-01-07T12:59:23.795152+0800 INFO 执行结果：<mode.bean.DuringResult object at 0x0000022421405A10>
2025-01-07T12:59:23.809673+0800 INFO 接收的数据：682100C305030201052420A055F88501014001020001090620240501020300009EDA16
2025-01-07T12:59:23.815729+0800 INFO 接收到被测设备的上行报文：682100C305030201052420A055F88501014001020001090620240501020300009EDA16

2025-01-07T12:59:23.815729+0800 INFO 【用例执行前序准备阶段】步骤1：读取通信地址（40010200）,读取通信地址成功

2025-01-07T12:59:23.815729+0800 INFO 通信地址:202405010203

2025-01-07T12:59:23.815729+0800 INFO 【用例执行前序准备阶段】步骤2：读取表号（40020200）
2025-01-07T12:59:23.831255+0800 INFO 发送至被测设备的下行报文：6817004305030201052420a03a5a05010140020200000b2216

2025-01-07T12:59:24.645380+0800 INFO 执行结果：<mode.bean.DuringResult object at 0x0000022421418350>
2025-01-07T12:59:24.651536+0800 INFO 接收的数据：682100C305030201052420A055F885010140020200010906FFFFFFFFFFFF0000A95D16
2025-01-07T12:59:24.651536+0800 INFO 接收到被测设备的上行报文：682100C305030201052420A055F885010140020200010906FFFFFFFFFFFF0000A95D16

2025-01-07T12:59:24.651536+0800 INFO 【用例执行前序准备阶段】步骤2：读取表号（40020200）,读取表号成功

2025-01-07T12:59:24.651536+0800 INFO 表号:0000FFFFFFFFFFFF

2025-01-07T12:59:24.651536+0800 INFO 【用例执行前序准备阶段】步骤3：读取ESAM序列号（F1000200）
2025-01-07T12:59:24.651536+0800 INFO 发送至被测设备的下行报文：6817004305030201052420a03a5a050101f100020000bd4e16

2025-01-07T12:59:25.270857+0800 INFO 执行结果：<mode.bean.DuringResult object at 0x000002242024F310>
2025-01-07T12:59:25.274371+0800 INFO 接收的数据：682300C305030201052420A07753850101F10002000109086F0100000003CDD9000017A616
2025-01-07T12:59:25.275879+0800 INFO 接收到被测设备的上行报文：682300C305030201052420A07753850101F10002000109086F0100000003CDD9000017A616

2025-01-07T12:59:25.277902+0800 INFO 【用例执行前序准备阶段】步骤3：读取ESAM序列号（F1000200）,读取ESAM序列号成功

2025-01-07T12:59:25.277902+0800 INFO ESAM序列号:6F0100000003CDD9

2025-01-07T12:59:25.277902+0800 INFO 【用例执行前序准备阶段】步骤4：读取对称密钥版本（F1000400）
2025-01-07T12:59:25.277902+0800 INFO 发送至被测设备的下行报文：6817004305030201052420a03a5a050101f100040000649816

2025-01-07T12:59:25.899018+0800 INFO 执行结果：<mode.bean.DuringResult object at 0x0000022421348650>
2025-01-07T12:59:25.899018+0800 INFO 接收的数据：682B00C305030201052420A0DDEF850101F1000400010910000000000000000000000000000000000000F99B16
2025-01-07T12:59:25.899018+0800 INFO 接收到被测设备的上行报文：682B00C305030201052420A0DDEF850101F1000400010910000000000000000000000000000000000000F99B16

2025-01-07T12:59:25.899018+0800 INFO 【用例执行前序准备阶段】步骤4：读取对称密钥版本（F1000400）,读取对称密钥版本成功

2025-01-07T12:59:25.899018+0800 INFO 对称密钥版本:00000000000000000000

2025-01-07T12:59:25.899018+0800 INFO 【用例执行前序准备阶段】步骤5：读取计数器（F1000700）
2025-01-07T12:59:25.914644+0800 INFO 发送至被测设备的下行报文：6817004305030201052420a03a5a050101f100070000007716

2025-01-07T12:59:26.628387+0800 INFO 执行结果：<mode.bean.DuringResult object at 0x00000224213B2E90>
2025-01-07T12:59:26.628387+0800 INFO 接收的数据：682A00C305030201052420A04CBA850101F100070001020306000000A4060000000006000000000000FB9E16
2025-01-07T12:59:26.634899+0800 INFO 接收到被测设备的上行报文：682A00C305030201052420A04CBA850101F100070001020306000000A4060000000006000000000000FB9E16

2025-01-07T12:59:26.637965+0800 INFO 【用例执行前序准备阶段】步骤5：读取计数器（F1000700）,读取计数器成功

2025-01-07T12:59:26.638984+0800 INFO 计数器:000000a5

2025-01-07T12:59:26.641492+0800 INFO 【用例执行前序准备阶段】步骤6：读取安全模式参数（F1010200）
2025-01-07T12:59:26.641492+0800 INFO 发送至被测设备的下行报文：6817004305030201052420a03a5a050101f101020000065216

2025-01-07T12:59:27.149667+0800 INFO 执行结果：<mode.bean.DuringResult object at 0x000002242026D1D0>
2025-01-07T12:59:27.159172+0800 INFO 接收的数据：681B00C305030201052420A0127C850101F101020001160100007CF616
2025-01-07T12:59:27.159172+0800 INFO 接收到被测设备的上行报文：681B00C305030201052420A0127C850101F101020001160100007CF616

2025-01-07T12:59:27.159172+0800 INFO 【用例执行前序准备阶段】步骤6：读取安全模式参数（F1010200）,读取安全模式参数成功

2025-01-07T12:59:27.159172+0800 INFO 安全模式参数:01

2025-01-07T12:59:27.159172+0800 INFO 【用例执行前序准备阶段】步骤7：与加密机主站会话协商
2025-01-07T12:59:27.244671+0800 INFO 建立应用连接开始
2025-01-07T12:59:27.244671+0800 INFO 【用例执行前序准备阶段】步骤8：建立应用连接
2025-01-07T12:59:27.244671+0800 INFO 发送至被测设备的下行报文：685e004305030201052420a0047e02000010ffffffffffffffffffffffffffffffffffffffffffffffff020002000107d0000151800220a3a94b334c41d418177558c44bc822817c97a1961a5c394461384a629fe562ec0414dcc1c500705316

2025-01-07T12:59:28.373501+0800 INFO 执行结果：<mode.bean.DuringResult object at 0x000002242137B3D0>
2025-01-07T12:59:28.389132+0800 INFO 接收的数据：689000C305030201052420A010AC820000000000000000000000000000000000000000000000000000000000000000000016FFFFFFFFC0000000FFFEC400000000000000000000000000080008000107D000000708000130C6EA876EEF075051B2EEEFDADD23C35A735FCC18651DA5D1DD6CB713A933CB87D6F8897DD49B67EBADC1B47A2BB8E32E042226FDED0000247D16
2025-01-07T12:59:28.401454+0800 INFO 接收到被测设备的上行报文：689000C305030201052420A010AC820000000000000000000000000000000000000000000000000000000000000000000016FFFFFFFFC0000000FFFEC400000000000000000000000000080008000107D000000708000130C6EA876EEF075051B2EEEFDADD23C35A735FCC18651DA5D1DD6CB713A933CB87D6F8897DD49B67EBADC1B47A2BB8E32E042226FDED0000247D16

2025-01-07T12:59:28.404253+0800 INFO 【用例执行前序准备阶段】步骤8：建立应用连接,应用连接请求成功
2025-01-07T12:59:28.404253+0800 INFO 【用例执行前序准备阶段】步骤9：加密机协商验证
2025-01-07T12:59:28.520799+0800 INFO 【用例执行前序准备阶段】步骤9：加密机协商验证,密钥协商成功

2025-01-07T12:59:28.520799+0800 INFO 安全模式已启用，无需设置

2025-01-07T12:59:28.535317+0800 INFO 密钥协商成功
2025-01-07T12:59:28.650049+0800 INFO 开始执行测试用例前进行时钟校对
2025-01-07T12:59:28.656269+0800 INFO -------------------------------------------------------------------------------
2025-01-07T12:59:28.664285+0800 INFO 发送至安全服务的明文APDU：060102400002001C07e901070c3b1c00

2025-01-07T12:59:29.124923+0800 INFO 安全服务返回的密文APDU：1001202E7B01CE94C4BF93F487F7F39F02C312DDF7DF5EEBC0EE3947779567740313C500811C33100200240449FFD3AF

2025-01-07T12:59:29.124923+0800 INFO 发送至被测设备的下行报文：683f004305030201052420a01a041001202e7b01ce94c4bf93f487f7f39f02c312ddf7df5eebc0ee3947779567740313c500811c33100200240449ffd3afed5c16

2025-01-07T12:59:29.745467+0800 INFO 安全传输执行结果：{'ProtocolData': '682900C305030201052420A0FF449001104AF616942F2B8E87C1F462A4728C4642010004777CE429489016'}
2025-01-07T12:59:29.745467+0800 INFO 接收到被测设备的上行报文：682900C305030201052420A0FF449001104AF616942F2B8E87C1F462A4728C4642010004777CE429489016

2025-01-07T12:59:29.750993+0800 INFO 安全传输接收的数据：682900C305030201052420A0FF449001104AF616942F2B8E87C1F462A4728C4642010004777CE429489016
2025-01-07T12:59:29.750993+0800 INFO 发送至安全服务的密文APDU：9001104AF616942F2B8E87C1F462A4728C4642010004777CE429

2025-01-07T12:59:30.016426+0800 INFO 安全服务返回的明文APDU：86010240000200000000

2025-01-07T12:59:30.016426+0800 INFO 开始测试前设置时钟成功
2025-01-07T12:59:30.016426+0800 INFO -------------------------------------------------------------------------------
2025-01-07T12:59:30.016426+0800 INFO 7.设置事件有效标志为有效
2025-01-07T12:59:30.016426+0800 INFO 7.1.设置电能表校时事件有效标志为有效
2025-01-07T12:59:30.016426+0800 INFO 发送至安全服务的明文APDU：0601023016090003010107e901070c3b1e00000A

2025-01-07T12:59:30.471276+0800 INFO 安全服务返回的密文APDU：100120BF409E8E69ECF5B91B6D4CD22ADED7FC1E0E4345193BEEED0510D208373F50CD00811C3310020024048AFC3A0C

2025-01-07T12:59:30.471276+0800 INFO 发送至被测设备的下行报文：683f004305030201052420a01a04100120bf409e8e69ecf5b91b6d4cd22aded7fc1e0e4345193beeed0510d208373f50cd00811c3310020024048afc3a0c14ae16

2025-01-07T12:59:31.089015+0800 INFO 安全传输执行结果：{'ProtocolData': '683900C305030201052420A0BA35900120802C6FD129B6284B769BE0D0EEF431E4A0FB6E72BA65A454B1939E4E200D63C5010004E202D9D066BA16'}
2025-01-07T12:59:31.089015+0800 INFO 接收到被测设备的上行报文：683900C305030201052420A0BA35900120802C6FD129B6284B769BE0D0EEF431E4A0FB6E72BA65A454B1939E4E200D63C5010004E202D9D066BA16

2025-01-07T12:59:31.089015+0800 INFO 安全传输接收的数据：683900C305030201052420A0BA35900120802C6FD129B6284B769BE0D0EEF431E4A0FB6E72BA65A454B1939E4E200D63C5010004E202D9D066BA16
2025-01-07T12:59:31.089015+0800 INFO 发送至安全服务的密文APDU：900120802C6FD129B6284B769BE0D0EEF431E4A0FB6E72BA65A454B1939E4E200D63C5010004E202D9D0

2025-01-07T12:59:31.286740+0800 INFO 安全服务返回的明文APDU：8601023016090000000107E901070C3B1E00000A

2025-01-07T12:59:31.286740+0800 INFO 设置电能表校时事件有效标志为有效成功
2025-01-07T12:59:31.302371+0800 INFO 7.2.设置终端初始化事件有效标志为有效
2025-01-07T12:59:31.302371+0800 INFO 发送至安全服务的明文APDU：0601023100090003010107e901070c3b1e00000A

2025-01-07T12:59:31.428428+0800 INFO 安全服务返回的密文APDU：100120926A241DB01A0B0A6119FD9FCAD404368034C5AE9E47AF7EC6794E823B85870C00811C33100200240406E6632D

2025-01-07T12:59:31.443473+0800 INFO 发送至被测设备的下行报文：683f004305030201052420a01a04100120926a241db01a0b0a6119fd9fcad404368034c5ae9e47af7ec6794e823b85870c00811c33100200240406e6632d051616

2025-01-07T12:59:32.062826+0800 INFO 安全传输执行结果：{'ProtocolData': '683900C305030201052420A0BA3590012035117B7B539C47007C634D27A7B0F0A89A58B41BFFCCFF284E0217D8A46D01EB01000429A8E41398C416'}
2025-01-07T12:59:32.062826+0800 INFO 接收到被测设备的上行报文：683900C305030201052420A0BA3590012035117B7B539C47007C634D27A7B0F0A89A58B41BFFCCFF284E0217D8A46D01EB01000429A8E41398C416

2025-01-07T12:59:32.081796+0800 INFO 安全传输接收的数据：683900C305030201052420A0BA3590012035117B7B539C47007C634D27A7B0F0A89A58B41BFFCCFF284E0217D8A46D01EB01000429A8E41398C416
2025-01-07T12:59:32.083457+0800 INFO 发送至安全服务的密文APDU：90012035117B7B539C47007C634D27A7B0F0A89A58B41BFFCCFF284E0217D8A46D01EB01000429A8E413

2025-01-07T12:59:32.218417+0800 INFO 安全服务返回的明文APDU：8601023100090000000107E901070C3B1E00000A

2025-01-07T12:59:32.225942+0800 INFO 设置事件有效标志为有效标志：合格
2025-01-07T12:59:32.234075+0800 INFO 8.清空采集档案配置表
2025-01-07T12:59:32.234075+0800 INFO 发送至安全服务的明文APDU：070101600086000000

2025-01-07T12:59:32.535945+0800 INFO 安全服务返回的密文APDU：100110B503665250195F778DC327B17D7DC6B700811C331002001404E8B62ECD

2025-01-07T12:59:32.535945+0800 INFO 发送至被测设备的下行报文：682f004305030201052420a05f75100110b503665250195f778dc327b17d7dc6b700811c331002001404e8b62ecd929816

2025-01-07T12:59:33.158254+0800 INFO 安全传输执行结果：{'ProtocolData': '682900C305030201052420A0FF44900110347388C95172BA7498C02FE8B8EF04EE010004F00625CBA68716'}
2025-01-07T12:59:33.158254+0800 INFO 接收到被测设备的上行报文：682900C305030201052420A0FF44900110347388C95172BA7498C02FE8B8EF04EE010004F00625CBA68716

2025-01-07T12:59:33.163311+0800 INFO 安全传输接收的数据：682900C305030201052420A0FF44900110347388C95172BA7498C02FE8B8EF04EE010004F00625CBA68716
2025-01-07T12:59:33.163311+0800 INFO 发送至安全服务的密文APDU：900110347388C95172BA7498C02FE8B8EF04EE010004F00625CB

2025-01-07T12:59:33.292959+0800 INFO 安全服务返回的明文APDU：8701016000860000000000

2025-01-07T12:59:33.292959+0800 INFO 清空采集档案配置表:合格
2025-01-07T12:59:33.306466+0800 INFO 9.配置逆变器档案
2025-01-07T12:59:33.306466+0800 INFO 发送至安全服务的明文APDU：07010060007f000204120001020a5507050000000000011606160351f2090201090300000011041104160312089812000f020455070500000000000009001200011200010101020251403902000206160111010a076a696e6c616e671600120002110300

2025-01-07T12:59:33.746247+0800 INFO 安全服务返回的密文APDU：1001708569C27DEFB3552D0A0A890AE2197DA7639C1E2F39E6AE99BF076BF36A81A79017B51895CF85D8758EC3CF03DDA648B78ADAB20D1DE055961FE97C748CA89EFD132444B19A65FCC17ECDA0902330798108765AA47EB85BBDFBB9EE47E31E19BCF3F02EDF47B0529CB3BCF1F0ECF8B69B00811C331002007404F06CEB24

2025-01-07T12:59:33.746247+0800 INFO 发送至被测设备的下行报文：688f004305030201052420a0ce051001708569c27defb3552d0a0a890ae2197da7639c1e2f39e6ae99bf076bf36a81a79017b51895cf85d8758ec3cf03dda648b78adab20d1de055961fe97c748ca89efd132444b19a65fcc17ecda0902330798108765aa47eb85bbdfbb9ee47e31e19bcf3f02edf47b0529cb3bcf1f0ecf8b69b00811c331002007404f06ceb24631916

2025-01-07T12:59:34.573074+0800 INFO 安全传输执行结果：{'ProtocolData': '682900C305030201052420A0FF44900110AF863F29FF7C8C3F828D968B29908CE9010004D7AA2FCEC69816'}
2025-01-07T12:59:34.573074+0800 INFO 接收到被测设备的上行报文：682900C305030201052420A0FF44900110AF863F29FF7C8C3F828D968B29908CE9010004D7AA2FCEC69816

2025-01-07T12:59:34.573074+0800 INFO 安全传输接收的数据：682900C305030201052420A0FF44900110AF863F29FF7C8C3F828D968B29908CE9010004D7AA2FCEC69816
2025-01-07T12:59:34.588708+0800 INFO 发送至安全服务的密文APDU：900110AF863F29FF7C8C3F828D968B29908CE9010004D7AA2FCE

2025-01-07T12:59:34.749225+0800 INFO 安全服务返回的明文APDU：87010060007F0000000000

2025-01-07T12:59:34.755334+0800 INFO 配置逆变器档案：合格
2025-01-07T12:59:34.755334+0800 INFO 10.事件初始化，延时等待10秒
2025-01-07T12:59:34.755334+0800 INFO 发送至安全服务的明文APDU：07010a43000500000107e901070c3b2200000A

2025-01-07T12:59:35.032647+0800 INFO 安全服务返回的密文APDU：100120A545640F596D613DFDBF5DF714331C04CF346F4ED7BE9DA463DD58884838577200811C3310020024048E60A50A

2025-01-07T12:59:35.048173+0800 INFO 发送至被测设备的下行报文：683f004305030201052420a01a04100120a545640f596d613dfdbf5df714331c04cf346f4ed7be9da463dd58884838577200811c3310020024048e60a50afa0f16

2025-01-07T12:59:35.763876+0800 INFO 安全传输执行结果：{'ProtocolData': '682900C305030201052420A0FF44900110EA0BEA28D583C2137557B9A689FB3B5F010004542788EBC51216'}
2025-01-07T12:59:35.772396+0800 INFO 接收到被测设备的上行报文：682900C305030201052420A0FF44900110EA0BEA28D583C2137557B9A689FB3B5F010004542788EBC51216

2025-01-07T12:59:35.772396+0800 INFO 安全传输接收的数据：682900C305030201052420A0FF44900110EA0BEA28D583C2137557B9A689FB3B5F010004542788EBC51216
2025-01-07T12:59:35.782416+0800 INFO 发送至安全服务的密文APDU：900110EA0BEA28D583C2137557B9A689FB3B5F010004542788EB

2025-01-07T12:59:36.047417+0800 INFO 安全服务返回的明文APDU：87010A4300050000000000

2025-01-07T12:59:36.047417+0800 INFO 事件初始化：合格
2025-01-07T12:59:36.047417+0800 INFO 延时等待10秒钟
2025-01-07T12:59:46.062185+0800 INFO 11.读取校时事件
2025-01-07T12:59:46.062185+0800 INFO 发送至安全服务的明文APDU：05030830160200090102002022020000201E020000

2025-01-07T12:59:46.379924+0800 INFO 安全服务返回的密文APDU：100120E6D7CE93F3D37B0E81F76B36D83B62429DB04515C9CFC322F001494E383E49D200811C3310020024041D8BEE86

2025-01-07T12:59:46.379924+0800 INFO 发送至被测设备的下行报文：683f004305030201052420a01a04100120e6d7ce93f3d37b0e81f76b36d83b62429db04515c9cfc322f001494e383e49d200811c3310020024041d8bee8648cd16

2025-01-07T12:59:46.896272+0800 INFO 安全传输执行结果：{'ProtocolData': '683900C305030201052420A0BA3590012035A7DB00F626947A920C7AB65ACEA0EABB4040102C19A007DA49648C357BA652010004AE10A76298B516'}
2025-01-07T12:59:46.904790+0800 INFO 接收到被测设备的上行报文：683900C305030201052420A0BA3590012035A7DB00F626947A920C7AB65ACEA0EABB4040102C19A007DA49648C357BA652010004AE10A76298B516

2025-01-07T12:59:46.904790+0800 INFO 安全传输接收的数据：683900C305030201052420A0BA3590012035A7DB00F626947A920C7AB65ACEA0EABB4040102C19A007DA49648C357BA652010004AE10A76298B516
2025-01-07T12:59:46.913383+0800 INFO 发送至安全服务的密文APDU：90012035A7DB00F626947A920C7AB65ACEA0EABB4040102C19A007DA49648C357BA652010004AE10A762

2025-01-07T12:59:47.134342+0800 INFO 安全服务返回的明文APDU：8503083016020002002022020000201E020001000000

2025-01-07T12:59:47.149968+0800 INFO 校时事件个数为：0,无事件发生,合格
2025-01-07T12:59:47.156991+0800 INFO 12.设置时钟
2025-01-07T12:59:47.156991+0800 INFO 发送至安全服务的明文APDU：060102400002001C07e901070c3b2f00

2025-01-07T12:59:47.296882+0800 INFO 安全服务返回的密文APDU：1001202E7B01CE94C4BF93F487F7F39F02C3128B91070C00E4C836B461EDFE345107C600811C3310020024044C1C764D

2025-01-07T12:59:47.312933+0800 INFO 发送至被测设备的下行报文：683f004305030201052420a01a041001202e7b01ce94c4bf93f487f7f39f02c3128b91070c00e4c836b461edfe345107c600811c3310020024044c1c764d76b616

2025-01-07T12:59:47.923458+0800 INFO 安全传输执行结果：{'ProtocolData': '682900C305030201052420A0FF449001104AF616942F2B8E87C1F462A4728C4642010004777CE429489016'}
2025-01-07T12:59:47.939085+0800 INFO 接收到被测设备的上行报文：682900C305030201052420A0FF449001104AF616942F2B8E87C1F462A4728C4642010004777CE429489016

2025-01-07T12:59:47.939085+0800 INFO 发送至安全服务的密文APDU：900110C2983ADEAD55DF6063DAFF803428F1ED010004B9070439

2025-01-07T12:59:47.939085+0800 INFO 安全传输接收的数据：682900C305030201052420A0FF449001104AF616942F2B8E87C1F462A4728C4642010004777CE429489016
2025-01-07T12:59:47.939085+0800 INFO 发送至安全服务的密文APDU：9001104AF616942F2B8E87C1F462A4728C4642010004777CE429

2025-01-07T12:59:48.276611+0800 INFO 安全服务返回的明文APDU：86010240000200000000

2025-01-07T12:59:48.276611+0800 INFO 设置时钟：合格
2025-01-07T12:59:48.276611+0800 INFO 13.读取校时事件
2025-01-07T12:59:48.292240+0800 INFO 发送至安全服务的明文APDU：05030830160200090102002022020000201E020000

2025-01-07T12:59:48.544682+0800 INFO 安全服务返回的密文APDU：100120E6D7CE93F3D37B0E81F76B36D83B62429DB04515C9CFC322F001494E383E49D200811C3310020024041D8BEE86

2025-01-07T12:59:48.544682+0800 INFO 发送至被测设备的下行报文：683f004305030201052420a01a04100120e6d7ce93f3d37b0e81f76b36d83b62429db04515c9cfc322f001494e383e49d200811c3310020024041d8bee8648cd16

2025-01-07T12:59:49.174156+0800 INFO 安全传输执行结果：{'ProtocolData': '684900C305030201052420A0706B9001308488C9EF6FA6E3DEFF94D7FE69E6AF0C9ABF8CBF8C23410107FF24FD82F8ED18D7AC620D1A8EFCCBE477296FF6628262010004A0DE6C47007116'}
2025-01-07T12:59:49.174156+0800 INFO 接收到被测设备的上行报文：684900C305030201052420A0706B9001308488C9EF6FA6E3DEFF94D7FE69E6AF0C9ABF8CBF8C23410107FF24FD82F8ED18D7AC620D1A8EFCCBE477296FF6628262010004A0DE6C47007116

2025-01-07T12:59:49.183167+0800 INFO 安全传输接收的数据：684900C305030201052420A0706B9001308488C9EF6FA6E3DEFF94D7FE69E6AF0C9ABF8CBF8C23410107FF24FD82F8ED18D7AC620D1A8EFCCBE477296FF6628262010004A0DE6C47007116
2025-01-07T12:59:49.185708+0800 INFO 发送至安全服务的密文APDU：9001308488C9EF6FA6E3DEFF94D7FE69E6AF0C9ABF8CBF8C23410107FF24FD82F8ED18D7AC620D1A8EFCCBE477296FF6628262010004A0DE6C47

2025-01-07T12:59:49.310206+0800 INFO 安全服务返回的明文APDU：8503083016020002002022020000201E0200010106000000001C07E901070C3B2E0000

2025-01-07T12:59:49.310206+0800 INFO 校时事件发生时间为：2025-1-7 12:59:46,校时时间为：2025-1-7 12:59:47,事件发生时间正确
2025-01-07T12:59:49.310206+0800 INFO 读取校时事件:合格
2025-01-07T12:59:49.310206+0800 INFO 14.读取上一次终端初始化事件判断是否为无事件
2025-01-07T12:59:49.320216+0800 INFO 发送至安全服务的明文APDU：05030830160200090102002022020000201E020000

2025-01-07T12:59:49.595691+0800 INFO 安全服务返回的密文APDU：100120E6D7CE93F3D37B0E81F76B36D83B62429DB04515C9CFC322F001494E383E49D200811C3310020024041D8BEE86

2025-01-07T12:59:49.611321+0800 INFO 发送至被测设备的下行报文：683f004305030201052420a01a04100120e6d7ce93f3d37b0e81f76b36d83b62429db04515c9cfc322f001494e383e49d200811c3310020024041d8bee8648cd16

2025-01-07T12:59:50.231276+0800 INFO 安全传输执行结果：{'ProtocolData': '684900C305030201052420A0706B9001308488C9EF6FA6E3DEFF94D7FE69E6AF0C9ABF8CBF8C23410107FF24FD82F8ED18D7AC620D1A8EFCCBE477296FF6628262010004A0DE6C47007116'}
2025-01-07T12:59:50.231276+0800 INFO 接收到被测设备的上行报文：684900C305030201052420A0706B9001308488C9EF6FA6E3DEFF94D7FE69E6AF0C9ABF8CBF8C23410107FF24FD82F8ED18D7AC620D1A8EFCCBE477296FF6628262010004A0DE6C47007116

2025-01-07T12:59:50.231276+0800 INFO 安全传输接收的数据：684900C305030201052420A0706B9001308488C9EF6FA6E3DEFF94D7FE69E6AF0C9ABF8CBF8C23410107FF24FD82F8ED18D7AC620D1A8EFCCBE477296FF6628262010004A0DE6C47007116
2025-01-07T12:59:50.243391+0800 INFO 发送至安全服务的密文APDU：9001308488C9EF6FA6E3DEFF94D7FE69E6AF0C9ABF8CBF8C23410107FF24FD82F8ED18D7AC620D1A8EFCCBE477296FF6628262010004A0DE6C47

2025-01-07T12:59:50.646198+0800 INFO 安全服务返回的明文APDU：8503083016020002002022020000201E0200010106000000001C07E901070C3B2E0000

2025-01-07T12:59:50.648771+0800 INFO 上一次清零事件清零事件记录个数为：0，合格
2025-01-07T12:59:50.648771+0800 INFO 15.数据区初始化
2025-01-07T12:59:50.648771+0800 INFO 发送至安全服务的明文APDU：07010a43000300000107e901070c3b3200000A

2025-01-07T12:59:50.975548+0800 INFO 安全服务返回的密文APDU：10012079FA6AFF6D6D824AE479225B4159803E0F3A10DCD547F9F8EC6863888245CE1500811C33100200240426F4B13B

2025-01-07T12:59:50.987099+0800 INFO 发送至被测设备的下行报文：683f004305030201052420a01a0410012079fa6aff6d6d824ae479225b4159803e0f3a10dcd547f9f8ec6863888245ce1500811c33100200240426f4b13b1ba416

2025-01-07T12:59:51.606920+0800 INFO 安全传输执行结果：{'ProtocolData': '682900C305030201052420A0FF449001109DFF7CC578D5AA5456B2B4CCCC90688F010004FA4E6E2DAF7C16'}
2025-01-07T12:59:51.606920+0800 INFO 接收到被测设备的上行报文：682900C305030201052420A0FF449001109DFF7CC578D5AA5456B2B4CCCC90688F010004FA4E6E2DAF7C16

2025-01-07T12:59:51.615436+0800 INFO 安全传输接收的数据：682900C305030201052420A0FF449001109DFF7CC578D5AA5456B2B4CCCC90688F010004FA4E6E2DAF7C16
2025-01-07T12:59:51.615436+0800 INFO 发送至安全服务的密文APDU：9001109DFF7CC578D5AA5456B2B4CCCC90688F010004FA4E6E2D

2025-01-07T12:59:51.793937+0800 INFO 安全服务返回的明文APDU：87010A4300030000000000

2025-01-07T12:59:51.793937+0800 INFO 数据区初始化成功
2025-01-07T12:59:51.808504+0800 INFO 延时等待30秒
2025-01-07T13:00:21.811438+0800 INFO 17.读取校时事件
2025-01-07T13:00:21.816445+0800 INFO 发送至安全服务的明文APDU：05030830160200090102002022020000201E020000

2025-01-07T13:00:22.119359+0800 INFO 安全服务返回的密文APDU：100120E6D7CE93F3D37B0E81F76B36D83B62429DB04515C9CFC322F001494E383E49D200811C3310020024041D8BEE86

2025-01-07T13:00:22.119359+0800 INFO 发送至被测设备的下行报文：683f004305030201052420a01a04100120e6d7ce93f3d37b0e81f76b36d83b62429db04515c9cfc322f001494e383e49d200811c3310020024041d8bee8648cd16

2025-01-07T13:00:22.747637+0800 INFO 安全传输执行结果：{'ProtocolData': '683900C305030201052420A0BA3590012035A7DB00F626947A920C7AB65ACEA0EABB4040102C19A007DA49648C357BA652010004AE10A76298B516'}
2025-01-07T13:00:22.753811+0800 INFO 接收到被测设备的上行报文：683900C305030201052420A0BA3590012035A7DB00F626947A920C7AB65ACEA0EABB4040102C19A007DA49648C357BA652010004AE10A76298B516

2025-01-07T13:00:22.755877+0800 INFO 安全传输接收的数据：683900C305030201052420A0BA3590012035A7DB00F626947A920C7AB65ACEA0EABB4040102C19A007DA49648C357BA652010004AE10A76298B516
2025-01-07T13:00:22.755877+0800 INFO 发送至安全服务的密文APDU：90012035A7DB00F626947A920C7AB65ACEA0EABB4040102C19A007DA49648C357BA652010004AE10A762

2025-01-07T13:00:22.856527+0800 INFO 安全服务返回的明文APDU：8503083016020002002022020000201E020001000000

2025-01-07T13:00:22.856527+0800 INFO 校时事件个数为：0,无事件发生,合格
2025-01-07T13:00:22.856527+0800 INFO 18.读取被测样机档案
2025-01-07T13:00:22.856527+0800 INFO 发送至安全服务的明文APDU：0501016000020000

2025-01-07T13:00:23.012132+0800 INFO 安全服务返回的密文APDU：1001107D890360A66340DDEBB8283351D39EA200811C331002001404BAF86345

2025-01-07T13:00:23.012132+0800 INFO 发送至被测设备的下行报文：682f004305030201052420a05f751001107d890360a66340ddebb8283351d39ea200811c331002001404baf86345ffa916

2025-01-07T13:00:23.632690+0800 INFO 安全传输执行结果：{'ProtocolData': '689A00C305030201052420A098BB900181804C94B22702D0107CBA9E3A8D830D9BC457D4B023107287F1CC2AE64BCDD4EF911812576004DE284707C464A29257187128B17680FC5191E16C9C5E283B15E5927CED79E56C8C95BB1C687AE1C528947DDC082BB461A1CA66D059E08F562DE736BDED3F9B96308FE0B59DD44D243B3AB5B47D9AE3C34E3E4C8D9FDA1EAF9FD5C9010004AFC4C0052FC016'}
2025-01-07T13:00:23.632690+0800 INFO 接收到被测设备的上行报文：689A00C305030201052420A098BB900181804C94B22702D0107CBA9E3A8D830D9BC457D4B023107287F1CC2AE64BCDD4EF911812576004DE284707C464A29257187128B17680FC5191E16C9C5E283B15E5927CED79E56C8C95BB1C687AE1C528947DDC082BB461A1CA66D059E08F562DE736BDED3F9B96308FE0B59DD44D243B3AB5B47D9AE3C34E3E4C8D9FDA1EAF9FD5C9010004AFC4C0052FC016

2025-01-07T13:00:23.632690+0800 INFO 安全传输接收的数据：689A00C305030201052420A098BB900181804C94B22702D0107CBA9E3A8D830D9BC457D4B023107287F1CC2AE64BCDD4EF911812576004DE284707C464A29257187128B17680FC5191E16C9C5E283B15E5927CED79E56C8C95BB1C687AE1C528947DDC082BB461A1CA66D059E08F562DE736BDED3F9B96308FE0B59DD44D243B3AB5B47D9AE3C34E3E4C8D9FDA1EAF9FD5C9010004AFC4C0052FC016
2025-01-07T13:00:23.652124+0800 INFO 发送至安全服务的密文APDU：900181804C94B22702D0107CBA9E3A8D830D9BC457D4B023107287F1CC2AE64BCDD4EF911812576004DE284707C464A29257187128B17680FC5191E16C9C5E283B15E5927CED79E56C8C95BB1C687AE1C528947DDC082BB461A1CA66D059E08F562DE736BDED3F9B96308FE0B59DD44D243B3AB5B47D9AE3C34E3E4C8D9FDA1EAF9FD5C9010004AFC4C005

2025-01-07T13:00:23.803295+0800 INFO 安全服务返回的明文APDU：850101600002000101010204120001020A5507050000000000011606160351F2090201090300000011041104160312089812000F020455070500000000000009001200011200010101020251403902000206160111010A076A696E6C616E67160012000211030074BCF3F02EDF470000

2025-01-07T13:00:23.818927+0800 INFO 读取被测样机档案成功
2025-01-07T13:00:23.818927+0800 INFO 19-20.读取终端初始化事件
2025-01-07T13:00:23.818927+0800 INFO 发送至安全服务的明文APDU：05032031000200090102002022020000201E020000

2025-01-07T13:00:24.106556+0800 INFO 安全服务返回的密文APDU：100120F740AECCEACAEF8574C7EF773E8B26A62FF96CFCEA89D3389A7AB4EFDF2CD2E100811C3310020024046116FF84

2025-01-07T13:00:24.106556+0800 INFO 发送至被测设备的下行报文：683f004305030201052420a01a04100120f740aecceacaef8574c7ef773e8b26a62ff96cfcea89d3389a7ab4efdf2cd2e100811c3310020024046116ff84b18b16

2025-01-07T13:00:24.729257+0800 INFO 安全传输执行结果：{'ProtocolData': '684900C305030201052420A0706B9001306B0EE7762253892885CC56D05367D2299ABF8CBFA422570107FF24FD82F8ED188AB57A073499C984FFABDFE7565A92580100049A508865579F16'}
2025-01-07T13:00:24.729257+0800 INFO 接收到被测设备的上行报文：684900C305030201052420A0706B9001306B0EE7762253892885CC56D05367D2299ABF8CBFA422570107FF24FD82F8ED188AB57A073499C984FFABDFE7565A92580100049A508865579F16

2025-01-07T13:00:24.744951+0800 INFO 安全传输接收的数据：684900C305030201052420A0706B9001306B0EE7762253892885CC56D05367D2299ABF8CBFA422570107FF24FD82F8ED188AB57A073499C984FFABDFE7565A92580100049A508865579F16
2025-01-07T13:00:24.744951+0800 INFO 发送至安全服务的密文APDU：9001306B0EE7762253892885CC56D05367D2299ABF8CBFA422570107FF24FD82F8ED188AB57A073499C984FFABDFE7565A92580100049A508865

2025-01-07T13:00:24.864766+0800 INFO 安全服务返回的明文APDU：8503203100020002002022020000201E0200010106000000001C07E901070C3B320000

2025-01-07T13:00:24.864766+0800 INFO 清零事件发生时间为：2025-1-7 12:59:50,清零时间为：2025-1-7 12:59:50,事件发生时间正确
2025-01-07T13:00:24.880397+0800 INFO 读取校时事件:合格
2025-01-07T13:00:24.880397+0800 INFO 21.发送设备复位指令
2025-01-07T13:00:24.880397+0800 INFO 发送至安全服务的明文APDU：07012a43000100000107e901070d001800000C

2025-01-07T13:00:24.997103+0800 INFO 安全服务返回的密文APDU：10012073924B8AA2B91030ACFE5A58780F764A7623075B67AE5A4E20DA135A8C23436000811C33100200240401A51D65

2025-01-07T13:00:24.997103+0800 INFO 发送至被测设备的下行报文：683f004305030201052420a01a0410012073924b8aa2b91030acfe5a58780f764a7623075b67ae5a4e20da135a8c23436000811c33100200240401a51d650b7616

2025-01-07T13:00:25.524563+0800 INFO 安全传输执行结果：{'ProtocolData': '682900C305030201052420A0FF44900110A374F286F7BB8C7E9A04C97624917CD60100042210A7E7DB3716'}
2025-01-07T13:00:25.524563+0800 INFO 接收到被测设备的上行报文：682900C305030201052420A0FF44900110A374F286F7BB8C7E9A04C97624917CD60100042210A7E7DB3716

2025-01-07T13:00:25.540193+0800 INFO 安全传输接收的数据：682900C305030201052420A0FF44900110A374F286F7BB8C7E9A04C97624917CD60100042210A7E7DB3716
2025-01-07T13:00:25.540193+0800 INFO 发送至安全服务的密文APDU：900110A374F286F7BB8C7E9A04C97624917CD60100042210A7E7

2025-01-07T13:00:25.791025+0800 INFO 安全服务返回的明文APDU：87012A4300010000000000

2025-01-07T13:00:25.791025+0800 INFO 复位指令成功，合格
2025-01-07T13:00:25.806649+0800 INFO 设备复位延时等待10秒
2025-01-07T13:00:35.811741+0800 INFO 终端维护——事件初始化试验合格
2025-01-07T13:00:35.835889+0800 INFO 执行结果: 终端维护——事件初始化试验结束，合格
2025-01-07T13:00:35.837914+0800 INFO 执行时间: 72.535秒
2025-01-07T13:00:35.837914+0800 INFO 表位 3 完成执行测试用例: 终端维护
