2025-01-07T15:14:51.589093+0800 INFO 执行事件记录及上报(光伏越限)...
2025-01-07T15:14:51.589093+0800 INFO 执行事件记录及上报(光伏越限)...
2025-01-07T15:14:51.589093+0800 INFO 执行事件记录及上报(光伏越限)...
2025-01-07T15:14:51.589093+0800 INFO 执行事件记录及上报(光伏越限)...
2025-01-07T15:14:51.611115+0800 INFO 用例:事件记录及上报试验:光伏越限事件
2025-01-07T15:14:51.611115+0800 INFO 用例:事件记录及上报试验:光伏越限事件
2025-01-07T15:14:51.611115+0800 INFO 用例:事件记录及上报试验:光伏越限事件
2025-01-07T15:14:51.626742+0800 INFO 开始切换双模通讯方式
2025-01-07T15:14:51.636254+0800 INFO 开始切换双模通讯方式
2025-01-07T15:14:51.637776+0800 INFO 开始切换双模通讯方式
2025-01-07T15:14:51.762253+0800 INFO 切换双模通讯方式结束
2025-01-07T15:14:51.762253+0800 INFO 切换双模通讯方式结束
2025-01-07T15:14:51.762253+0800 INFO 切换双模通讯方式结束
2025-01-07T15:14:51.762253+0800 INFO 切换双模通讯方式结束
2025-01-07T15:14:51.762253+0800 INFO 切换双模通讯方式结束
2025-01-07T15:14:51.790441+0800 INFO 开始切换标准逆变器服务
2025-01-07T15:14:51.790441+0800 INFO 开始切换标准逆变器服务
2025-01-07T15:14:51.790441+0800 INFO 开始切换标准逆变器服务
2025-01-07T15:14:52.116296+0800 INFO 切换标准逆变器成功
2025-01-07T15:14:52.116296+0800 INFO 测试事件：光伏越限事件
2025-01-07T15:14:52.128905+0800 INFO 【用例执行前序准备阶段】步骤0：获取表位配置
2025-01-07T15:14:52.131915+0800 INFO 【用例执行前序准备阶段】步骤1：读取通信地址（40010200）
2025-01-07T15:14:52.142476+0800 INFO 发送至被测设备的下行报文：6817004305030201052420a03a5a0501014001020000c60716

2025-01-07T15:14:52.661649+0800 INFO 执行结果：<mode.bean.DuringResult object at 0x0000022421397950>
2025-01-07T15:14:52.665669+0800 INFO 接收的数据：682100C305030201052420A055F88501014001020001090620240501020300009EDA16
2025-01-07T15:14:52.670187+0800 INFO 接收到被测设备的上行报文：682100C305030201052420A055F88501014001020001090620240501020300009EDA16

2025-01-07T15:14:52.674189+0800 INFO 【用例执行前序准备阶段】步骤1：读取通信地址（40010200）,读取通信地址成功

2025-01-07T15:14:52.674189+0800 INFO 通信地址:202405010203

2025-01-07T15:14:52.674189+0800 INFO 【用例执行前序准备阶段】步骤2：读取表号（40020200）
2025-01-07T15:14:52.674189+0800 INFO 发送至被测设备的下行报文：6817004305030201052420a03a5a05010140020200000b2216

2025-01-07T15:14:53.200925+0800 INFO 执行结果：<mode.bean.DuringResult object at 0x00000224213FF150>
2025-01-07T15:14:53.200925+0800 INFO 接收的数据：682100C305030201052420A055F885010140020200010906FFFFFFFFFFFF0000A95D16
2025-01-07T15:14:53.206447+0800 INFO 接收到被测设备的上行报文：682100C305030201052420A055F885010140020200010906FFFFFFFFFFFF0000A95D16

2025-01-07T15:14:53.206447+0800 INFO 【用例执行前序准备阶段】步骤2：读取表号（40020200）,读取表号成功

2025-01-07T15:14:53.210957+0800 INFO 表号:0000FFFFFFFFFFFF

2025-01-07T15:14:53.213469+0800 INFO 【用例执行前序准备阶段】步骤3：读取ESAM序列号（F1000200）
2025-01-07T15:14:53.213469+0800 INFO 发送至被测设备的下行报文：6817004305030201052420a03a5a050101f100020000bd4e16

2025-01-07T15:14:53.930478+0800 INFO 执行结果：<mode.bean.DuringResult object at 0x0000022421356410>
2025-01-07T15:14:53.943013+0800 INFO 接收的数据：682300C305030201052420A07753850101F10002000109086F0100000003CDD9000017A616
2025-01-07T15:14:53.943013+0800 INFO 接收到被测设备的上行报文：682300C305030201052420A07753850101F10002000109086F0100000003CDD9000017A616

2025-01-07T15:14:53.956563+0800 INFO 【用例执行前序准备阶段】步骤3：读取ESAM序列号（F1000200）,读取ESAM序列号成功

2025-01-07T15:14:53.956563+0800 INFO 接收到被测设备的上行报文：FEFEFEFE682B00C305070201052420A0AB80850101F1000400010910000000000000000000000000000000000000F99B16

2025-01-07T15:14:53.956563+0800 INFO ESAM序列号:6F0100000003CDD9

2025-01-07T15:14:53.956563+0800 INFO 【用例执行前序准备阶段】步骤4：读取对称密钥版本（F1000400）
2025-01-07T15:14:53.972189+0800 INFO 发送至被测设备的下行报文：6817004305030201052420a03a5a050101f100040000649816

2025-01-07T15:14:54.588881+0800 INFO 执行结果：<mode.bean.DuringResult object at 0x00000224213BDD10>
2025-01-07T15:14:54.588881+0800 INFO 接收的数据：682B00C305030201052420A0DDEF850101F1000400010910000000000000000000000000000000000000F99B16
2025-01-07T15:14:54.588881+0800 INFO 接收到被测设备的上行报文：682B00C305030201052420A0DDEF850101F1000400010910000000000000000000000000000000000000F99B16

2025-01-07T15:14:54.604507+0800 INFO 【用例执行前序准备阶段】步骤4：读取对称密钥版本（F1000400）,读取对称密钥版本成功

2025-01-07T15:14:54.604507+0800 INFO 对称密钥版本:00000000000000000000

2025-01-07T15:14:54.610534+0800 INFO 【用例执行前序准备阶段】步骤5：读取计数器（F1000700）
2025-01-07T15:14:54.611037+0800 INFO 发送至被测设备的下行报文：6817004305030201052420a03a5a050101f100070000007716

2025-01-07T15:14:55.221196+0800 INFO 执行结果：<mode.bean.DuringResult object at 0x000002242025C7D0>
2025-01-07T15:14:55.221196+0800 INFO 接收的数据：682A00C305030201052420A04CBA850101F100070001020306000000B606000000000600000000000071CF16
2025-01-07T15:14:55.221196+0800 INFO 接收到被测设备的上行报文：682A00C305030201052420A04CBA850101F100070001020306000000B606000000000600000000000071CF16

2025-01-07T15:14:55.237834+0800 INFO 【用例执行前序准备阶段】步骤5：读取计数器（F1000700）,读取计数器成功

2025-01-07T15:14:55.241337+0800 INFO 计数器:000000b7

2025-01-07T15:14:55.241337+0800 INFO 【用例执行前序准备阶段】步骤6：读取安全模式参数（F1010200）
2025-01-07T15:14:55.256965+0800 INFO 发送至被测设备的下行报文：6817004305030201052420a03a5a050101f101020000065216

2025-01-07T15:14:55.972214+0800 INFO 执行结果：<mode.bean.DuringResult object at 0x00000224200D6790>
2025-01-07T15:14:55.975735+0800 INFO 接收的数据：681B00C305030201052420A0127C850101F101020001160100007CF616
2025-01-07T15:14:55.976244+0800 INFO 接收到被测设备的上行报文：681B00C305030201052420A0127C850101F101020001160100007CF616

2025-01-07T15:14:55.976244+0800 INFO 【用例执行前序准备阶段】步骤6：读取安全模式参数（F1010200）,读取安全模式参数成功

2025-01-07T15:14:55.976244+0800 INFO 安全模式参数:01

2025-01-07T15:14:55.976244+0800 INFO 【用例执行前序准备阶段】步骤7：与加密机主站会话协商
2025-01-07T15:14:56.232835+0800 INFO 建立应用连接开始
2025-01-07T15:14:56.246947+0800 INFO 【用例执行前序准备阶段】步骤8：建立应用连接
2025-01-07T15:14:56.246947+0800 INFO 发送至被测设备的下行报文：685e004305030201052420a0047e02000010ffffffffffffffffffffffffffffffffffffffffffffffff020002000107d0000151800220287d2b8d80edfbfc78d76ac7e0c1ee2c8fac247d83ea00314ba57cb8f5b9c44604386700890007cb16

2025-01-07T15:14:57.366372+0800 INFO 执行结果：<mode.bean.DuringResult object at 0x00000224213F60D0>
2025-01-07T15:14:57.366372+0800 INFO 接收的数据：689000C305030201052420A010AC820000000000000000000000000000000000000000000000000000000000000000000016FFFFFFFFC0000000FFFEC400000000000000000000000000080008000107D0000007080001301C3C7BF6ECF23F3A971784626A31B99CB407E86873EA78637B8E321C2CDE1F9E05B6F8893ECF34374B0D2E6957ADA0E304DFA313650000A7D516
2025-01-07T15:14:57.389451+0800 INFO 接收到被测设备的上行报文：689000C305030201052420A010AC820000000000000000000000000000000000000000000000000000000000000000000016FFFFFFFFC0000000FFFEC400000000000000000000000000080008000107D0000007080001301C3C7BF6ECF23F3A971784626A31B99CB407E86873EA78637B8E321C2CDE1F9E05B6F8893ECF34374B0D2E6957ADA0E304DFA313650000A7D516

2025-01-07T15:14:57.390965+0800 INFO 【用例执行前序准备阶段】步骤8：建立应用连接,应用连接请求成功
2025-01-07T15:14:57.390965+0800 INFO 【用例执行前序准备阶段】步骤9：加密机协商验证
2025-01-07T15:14:57.500959+0800 INFO 【用例执行前序准备阶段】步骤9：加密机协商验证,密钥协商成功

2025-01-07T15:14:57.500959+0800 INFO 安全模式已启用，无需设置

2025-01-07T15:14:57.505467+0800 INFO 密钥协商成功
2025-01-07T15:14:57.505467+0800 INFO 建立应用连接成功
2025-01-07T15:14:57.505467+0800 INFO 执行:用例执行前校时
2025-01-07T15:14:57.505467+0800 INFO 执行:设置时钟:2025-01-07 15:14:57.505467
2025-01-07T15:14:57.505467+0800 INFO Send:060132400002001C07E901070F0E3900
2025-01-07T15:14:57.514469+0800 INFO 发送至安全服务的明文APDU：060132400002001C07E901070F0E3900

2025-01-07T15:14:57.916068+0800 INFO 安全服务返回的密文APDU：1001205F5D6F2FB3E738B655ABA34F9D9A9C6D5F1B476F269D47207F4118081CDE9E4E00811C331002002404C9BE7977

2025-01-07T15:14:57.916068+0800 INFO 发送至被测设备的下行报文：683f004305030201052420a01a041001205f5d6f2fb3e738b655aba34f9d9a9c6d5f1b476f269d47207f4118081cde9e4e00811c331002002404c9be7977583b16

2025-01-07T15:14:58.732277+0800 INFO 安全传输执行结果：{'ProtocolData': '682900C305030201052420A0FF44900110664266BBE9B54B0AA7A78531B73B12000100041A9EC147994116'}
2025-01-07T15:14:58.741297+0800 INFO 接收到被测设备的上行报文：682900C305030201052420A0FF44900110664266BBE9B54B0AA7A78531B73B12000100041A9EC147994116

2025-01-07T15:14:58.746312+0800 INFO 安全传输接收的数据：682900C305030201052420A0FF44900110664266BBE9B54B0AA7A78531B73B12000100041A9EC147994116
2025-01-07T15:14:58.747828+0800 INFO 发送至安全服务的密文APDU：900110664266BBE9B54B0AA7A78531B73B12000100041A9EC147

2025-01-07T15:14:59.250162+0800 INFO 安全服务返回的明文APDU：86013240000200000000

2025-01-07T15:14:59.252192+0800 INFO Recv:86013240000200000000
2025-01-07T15:14:59.252192+0800 INFO 执行:设置时钟完成
2025-01-07T15:14:59.257701+0800 INFO 开始测试双模通信方式
2025-01-07T15:14:59.257701+0800 INFO 设置允许主动上报
2025-01-07T15:14:59.257701+0800 INFO Send:0601374300080003010107E901070F0E3B0000FF
2025-01-07T15:14:59.257701+0800 INFO 发送至安全服务的明文APDU：0601374300080003010107E901070F0E3B0000FF

2025-01-07T15:14:59.532686+0800 INFO 安全服务返回的密文APDU：10012054AAF0D13BB7E8C0D7B243F0CD4743A14FAD1B6C24725CC84990326B8B0F532000811C3310020024041D0ABECB

2025-01-07T15:14:59.552291+0800 INFO 发送至被测设备的下行报文：683f004305030201052420a01a0410012054aaf0d13bb7e8c0d7b243f0cd4743a14fad1b6c24725cc84990326b8b0f532000811c3310020024041d0abecbd4df16

2025-01-07T15:15:00.369699+0800 INFO 安全传输执行结果：{'ProtocolData': '683900C305030201052420A0BA35900120C26DC79CBD46BA279B1A68B22ECB105E6E975A7B1A2BE41AE7A0308593A8C480010004760D87B2AA4016'}
2025-01-07T15:15:00.376727+0800 INFO 接收到被测设备的上行报文：683900C305030201052420A0BA35900120C26DC79CBD46BA279B1A68B22ECB105E6E975A7B1A2BE41AE7A0308593A8C480010004760D87B2AA4016

2025-01-07T15:15:00.376727+0800 INFO 安全传输接收的数据：683900C305030201052420A0BA35900120C26DC79CBD46BA279B1A68B22ECB105E6E975A7B1A2BE41AE7A0308593A8C480010004760D87B2AA4016
2025-01-07T15:15:00.376727+0800 INFO 发送至安全服务的密文APDU：900120C26DC79CBD46BA279B1A68B22ECB105E6E975A7B1A2BE41AE7A0308593A8C480010004760D87B2

2025-01-07T15:15:01.067186+0800 INFO 安全服务返回的明文APDU：8601374300080000000107E901070F0E3B0000FF

2025-01-07T15:15:01.067186+0800 INFO Recv:8601374300080000000107E901070F0E3B0000FF
2025-01-07T15:15:01.078707+0800 INFO 设置允许主动上报完成
2025-01-07T15:15:01.081712+0800 INFO 执行:设置事件初始化
2025-01-07T15:15:01.081712+0800 INFO Send:07013C43000500000107E901070F0F010000FF
2025-01-07T15:15:01.081712+0800 INFO 发送至安全服务的明文APDU：07013C43000500000107E901070F0F010000FF

2025-01-07T15:15:01.350218+0800 INFO 安全服务返回的密文APDU：1001204718837C380AD978058F009B076FB00A084310FCC3E958976464D8144C3B399100811C3310020024044350022A

2025-01-07T15:15:01.350733+0800 INFO 发送至被测设备的下行报文：683f004305030201052420a01a041001204718837c380ad978058f009b076fb00a084310fcc3e958976464d8144c3b399100811c3310020024044350022acf6216

2025-01-07T15:15:02.477875+0800 INFO 安全传输执行结果：{'ProtocolData': '682900C305030201052420A0FF44900110914DCC9D473047C59B7FB278F40570A0010004A8AFA26FC05516'}
2025-01-07T15:15:02.482891+0800 INFO 接收到被测设备的上行报文：682900C305030201052420A0FF44900110914DCC9D473047C59B7FB278F40570A0010004A8AFA26FC05516

2025-01-07T15:15:02.482891+0800 INFO 安全传输接收的数据：682900C305030201052420A0FF44900110914DCC9D473047C59B7FB278F40570A0010004A8AFA26FC05516
2025-01-07T15:15:02.482891+0800 INFO 发送至安全服务的密文APDU：900110914DCC9D473047C59B7FB278F40570A0010004A8AFA26F

2025-01-07T15:15:02.628798+0800 INFO 安全服务返回的明文APDU：87013C4300050000000000

2025-01-07T15:15:02.628798+0800 INFO Recv:87013C4300050000000000
2025-01-07T15:15:02.628798+0800 INFO 执行:设置事件初始化结束
2025-01-07T15:15:02.643301+0800 INFO 等待30s
2025-01-07T15:15:32.646338+0800 INFO 执行:设置事件有效标志
2025-01-07T15:15:32.646338+0800 INFO Send:06010930940900030100
2025-01-07T15:15:32.661967+0800 INFO 发送至安全服务的明文APDU：06010930940900030100

2025-01-07T15:15:32.838073+0800 INFO 安全服务返回的密文APDU：100110A8AABD7AE94C62EBF4BBF32FC11F684C00811C331002001404A58FCF8F

2025-01-07T15:15:32.840095+0800 INFO 发送至被测设备的下行报文：682f004305030201052420a05f75100110a8aabd7ae94c62ebf4bbf32fc11f684c00811c331002001404a58fcf8fbfab16

2025-01-07T15:15:33.963125+0800 INFO 安全传输执行结果：{'ProtocolData': '682900C305030201052420A0FF44900110B4765065F1469DF89C3EA98D16599CEB0100046FA70FB6353716'}
2025-01-07T15:15:33.963125+0800 INFO 接收到被测设备的上行报文：682900C305030201052420A0FF44900110B4765065F1469DF89C3EA98D16599CEB0100046FA70FB6353716

2025-01-07T15:15:33.963125+0800 INFO 安全传输接收的数据：682900C305030201052420A0FF44900110B4765065F1469DF89C3EA98D16599CEB0100046FA70FB6353716
2025-01-07T15:15:33.978759+0800 INFO 发送至安全服务的密文APDU：900110B4765065F1469DF89C3EA98D16599CEB0100046FA70FB6

2025-01-07T15:15:34.086849+0800 INFO 安全服务返回的明文APDU：86010930940900000000

2025-01-07T15:15:34.086849+0800 INFO Recv:86010930940900000000
2025-01-07T15:15:34.086849+0800 INFO 执行:设置事件有效标志完成
2025-01-07T15:15:34.086849+0800 INFO 执行:设置事件上报标识
2025-01-07T15:15:34.102476+0800 INFO Send:06010C30940800160300
2025-01-07T15:15:34.102476+0800 INFO 发送至安全服务的明文APDU：06010C30940800160300

2025-01-07T15:15:34.388233+0800 INFO 安全服务返回的密文APDU：10011077FC00AA3D4D51402E4C115BD99C8A4E00811C3310020014047E625CBF

2025-01-07T15:15:34.403860+0800 INFO 发送至被测设备的下行报文：682f004305030201052420a05f7510011077fc00aa3d4d51402e4c115bd99c8a4e00811c3310020014047e625cbfac8d16

2025-01-07T15:15:35.126712+0800 INFO 安全传输执行结果：{'ProtocolData': '682900C305030201052420A0FF449001107B8862310D6B165339678DFC9C1860C3010004125EFF04BB8816'}
2025-01-07T15:15:35.126712+0800 INFO 接收到被测设备的上行报文：682900C305030201052420A0FF449001107B8862310D6B165339678DFC9C1860C3010004125EFF04BB8816

2025-01-07T15:15:35.144382+0800 INFO 安全传输接收的数据：682900C305030201052420A0FF449001107B8862310D6B165339678DFC9C1860C3010004125EFF04BB8816
2025-01-07T15:15:35.149385+0800 INFO 发送至安全服务的密文APDU：9001107B8862310D6B165339678DFC9C1860C3010004125EFF04

2025-01-07T15:15:35.317022+0800 INFO 安全服务返回的明文APDU：86010C30940800000000

2025-01-07T15:15:35.332654+0800 INFO Recv:86010C30940800000000
2025-01-07T15:15:35.332654+0800 INFO 执行:设置事件上报标识完成
2025-01-07T15:15:35.332654+0800 INFO 执行:设置事件上报方式为主动上报
2025-01-07T15:15:35.345687+0800 INFO Send:06011130940B00160000
2025-01-07T15:15:35.346198+0800 INFO 发送至安全服务的明文APDU：06011130940B00160000

2025-01-07T15:15:35.450713+0800 INFO 安全服务返回的密文APDU：100110C1F69985DC8E4D0A2D71881368D197A500811C33100200140443A5FF79

2025-01-07T15:15:35.466343+0800 INFO 发送至被测设备的下行报文：682f004305030201052420a05f75100110c1f69985dc8e4d0a2d71881368d197a500811c33100200140443a5ff79807116

2025-01-07T15:15:36.383795+0800 INFO 安全传输执行结果：{'ProtocolData': '682900C305030201052420A0FF4490011077A14D3171A9E12F8C55D6D9AE369D290100045C7BC24A12FB16'}
2025-01-07T15:15:36.383795+0800 INFO 接收到被测设备的上行报文：682900C305030201052420A0FF4490011077A14D3171A9E12F8C55D6D9AE369D290100045C7BC24A12FB16

2025-01-07T15:15:36.383795+0800 INFO 安全传输接收的数据：682900C305030201052420A0FF4490011077A14D3171A9E12F8C55D6D9AE369D290100045C7BC24A12FB16
2025-01-07T15:15:36.383795+0800 INFO 发送至安全服务的密文APDU：90011077A14D3171A9E12F8C55D6D9AE369D290100045C7BC24A

2025-01-07T15:15:36.658342+0800 INFO 安全服务返回的明文APDU：86011130940B00000000

2025-01-07T15:15:36.658342+0800 INFO Recv:86011130940B00000000
2025-01-07T15:15:36.673972+0800 INFO 执行:设置事件上报方式为主动上报完成
2025-01-07T15:15:36.676977+0800 INFO 执行:配置光伏越限事件配置越上限参数242V，持续时间60s
2025-01-07T15:15:36.676977+0800 INFO Send:06011630940600010102041601160112097412003C00
2025-01-07T15:15:36.676977+0800 INFO 发送至安全服务的明文APDU：06011630940600010102041601160112097412003C00

2025-01-07T15:15:36.960885+0800 INFO 安全服务返回的密文APDU：1001208D26490ECC708A9E60E40F126DCEF377E972D0987CB422EB8073A8A05CFE135400811C33100200240421DDCE8E

2025-01-07T15:15:36.978521+0800 INFO 发送至被测设备的下行报文：683f004305030201052420a01a041001208d26490ecc708a9e60e40f126dcef377e972d0987cb422eb8073a8a05cfe135400811c33100200240421ddce8e221416

2025-01-07T15:15:37.895827+0800 INFO 安全传输执行结果：{'ProtocolData': '682900C305030201052420A0FF44900110237D562FEA9692D5ECF7F8729DFEF83701000460EA1782D8E616'}
2025-01-07T15:15:37.895827+0800 INFO 接收到被测设备的上行报文：682900C305030201052420A0FF44900110237D562FEA9692D5ECF7F8729DFEF83701000460EA1782D8E616

2025-01-07T15:15:37.895827+0800 INFO 安全传输接收的数据：682900C305030201052420A0FF44900110237D562FEA9692D5ECF7F8729DFEF83701000460EA1782D8E616
2025-01-07T15:15:37.895827+0800 INFO 发送至安全服务的密文APDU：900110237D562FEA9692D5ECF7F8729DFEF83701000460EA1782

2025-01-07T15:15:38.034859+0800 INFO 安全服务返回的明文APDU：86011630940600000000

2025-01-07T15:15:38.034859+0800 INFO Recv:86011630940600000000
2025-01-07T15:15:38.047876+0800 INFO 执行:配置光伏越限事件配置越上限参数242V，持续时间65s完成
2025-01-07T15:15:38.047876+0800 INFO 执行:读取光伏越限事件配置
2025-01-07T15:15:38.047876+0800 INFO 开始读取光伏越限参数
2025-01-07T15:15:38.059394+0800 INFO Send:05011A3094060000
2025-01-07T15:15:38.059394+0800 INFO 发送至安全服务的明文APDU：05011A3094060000

2025-01-07T15:15:38.307110+0800 INFO 安全服务返回的密文APDU：100110A0EE61A40242F9E75224D172DB8CF5BF00811C331002001404F5959964

2025-01-07T15:15:38.320680+0800 INFO 发送至被测设备的下行报文：682f004305030201052420a05f75100110a0ee61a40242f9e75224d172db8cf5bf00811c331002001404f5959964291a16

2025-01-07T15:15:39.034485+0800 INFO 安全传输执行结果：{'ProtocolData': '683900C305030201052420A0BA359001203B06B9AB2F9D17437F40A35D6B9F76707021C84DEFFDECCD193D25E348BD7A240100041496B21460A816'}
2025-01-07T15:15:39.034485+0800 INFO 接收到被测设备的上行报文：683900C305030201052420A0BA359001203B06B9AB2F9D17437F40A35D6B9F76707021C84DEFFDECCD193D25E348BD7A240100041496B21460A816

2025-01-07T15:15:39.034485+0800 INFO 安全传输接收的数据：683900C305030201052420A0BA359001203B06B9AB2F9D17437F40A35D6B9F76707021C84DEFFDECCD193D25E348BD7A240100041496B21460A816
2025-01-07T15:15:39.050112+0800 INFO 发送至安全服务的密文APDU：9001203B06B9AB2F9D17437F40A35D6B9F76707021C84DEFFDECCD193D25E348BD7A240100041496B214

2025-01-07T15:15:39.380415+0800 INFO 安全服务返回的明文APDU：85011A3094060001010102041601160112097412003C0000

2025-01-07T15:15:39.380415+0800 INFO Recv:85011A3094060001010102041601160112097412003C0000
2025-01-07T15:15:39.396043+0800 INFO 越限参数:越限类型:1,越限判断条件:1,越限限值:2420,越限持续时间:60
2025-01-07T15:15:39.400548+0800 INFO 执行:读取光伏越限事件配置完成
2025-01-07T15:15:39.400548+0800 INFO 执行:控制台体电压250V,延时65s
2025-01-07T15:17:25.546163+0800 INFO 执行:控制台体电压250V,延时65s完成
2025-01-07T15:17:25.546163+0800 INFO 执行:控制台体电压250V,延时65s完成
2025-01-07T15:17:25.581260+0800 INFO 开始读取标准表电压
2025-01-07T15:17:25.581260+0800 INFO 开始读取标准表电压
2025-01-07T15:17:25.588269+0800 INFO 执行:控制台体电压250V,延时65s完成
2025-01-07T15:17:26.772399+0800 INFO 读取标准表电压值为250.018829，读取标准表电压结束
2025-01-07T15:17:26.773916+0800 INFO 读取标准表电压值为250.018829，读取标准表电压结束
2025-01-07T15:17:26.774425+0800 INFO 读取标准表电压值为250.018829，读取标准表电压结束
2025-01-07T15:17:26.774425+0800 INFO 读取标准表电压值为250.018829，读取标准表电压结束
2025-01-07T15:17:26.784436+0800 INFO 台体升源电压与设定值相符
2025-01-07T15:17:26.784436+0800 INFO 台体升源电压与设定值相符
2025-01-07T15:17:26.805015+0800 INFO 执行：等待事件主动上报120s
2025-01-07T15:17:26.805015+0800 INFO 执行：等待事件主动上报120s
2025-01-07T15:19:26.820485+0800 INFO 执行：等待事件主动上报完成
2025-01-07T15:19:26.820485+0800 INFO 执行：等待事件主动上报完成
2025-01-07T15:19:26.820485+0800 INFO 执行：等待事件主动上报完成
2025-01-07T15:19:26.836113+0800 INFO 执行：等待事件主动上报完成
2025-01-07T15:19:26.836113+0800 INFO 执行：等待事件主动上报完成
2025-01-07T15:19:26.854221+0800 INFO 执行：读取事件个数
2025-01-07T15:19:26.854221+0800 INFO 执行：读取事件个数
2025-01-07T15:19:26.854221+0800 INFO Send:0501293094040000
2025-01-07T15:19:26.869847+0800 INFO Send:05012C3094040000
2025-01-07T15:19:26.869847+0800 INFO 执行：读取事件个数
2025-01-07T15:19:26.884359+0800 INFO 发送至安全服务的明文APDU：05012C3094040000

2025-01-07T15:19:26.884359+0800 INFO 发送至安全服务的明文APDU：0501283094040000

2025-01-07T15:19:26.884359+0800 INFO Send:05012E3094040000
2025-01-07T15:19:27.586249+0800 INFO 安全服务返回的密文APDU：1001102B560CDCDE9A730847E0E0BFBF510A2E00811C33100200140427276816

2025-01-07T15:19:27.601876+0800 INFO 发送至被测设备的下行报文：682f004305030201052420a05f751001102b560cdcde9a730847e0e0bfbf510a2e00811c33100200140427276816fb4716

2025-01-07T15:19:28.520531+0800 INFO 安全传输执行结果：{'ProtocolData': '682900C305030201052420A0FF449001102BCA859B92BE8598E7B2A1748E436BFB010004C22C3A4F34FD16'}
2025-01-07T15:19:28.520531+0800 INFO 接收到被测设备的上行报文：682900C305030201052420A0FF449001102BCA859B92BE8598E7B2A1748E436BFB010004C22C3A4F34FD16

2025-01-07T15:19:28.520531+0800 INFO 安全传输接收的数据：682900C305030201052420A0FF449001102BCA859B92BE8598E7B2A1748E436BFB010004C22C3A4F34FD16
2025-01-07T15:19:28.520531+0800 INFO 发送至安全服务的密文APDU：9001102BCA859B92BE8598E7B2A1748E436BFB010004C22C3A4F

2025-01-07T15:19:29.237760+0800 INFO 安全服务返回的明文APDU：85012C30940400011200010000

2025-01-07T15:19:29.237760+0800 INFO Recv:85012C30940400011200010000
2025-01-07T15:19:29.253381+0800 INFO 30940400事件个数:1
2025-01-07T15:19:29.254891+0800 INFO 执行：读取事件个数结束
2025-01-07T15:19:29.254891+0800 INFO 执行：读取事件内容
2025-01-07T15:19:29.254891+0800 INFO Send:0503343094020009010300201E02000020200200002022020000
2025-01-07T15:19:29.269417+0800 INFO 发送至安全服务的明文APDU：0503343094020009010300201E02000020200200002022020000

2025-01-07T15:19:29.946474+0800 INFO 安全服务返回的密文APDU：100120D974D717F4261F561B4C28AE79CBDD2C3BD8DFA1354589B007DA05C48AFB92DA00811C331002002404776C0097

2025-01-07T15:19:29.962092+0800 INFO 发送至被测设备的下行报文：683f004305030201052420a01a04100120d974d717f4261f561b4c28ae79cbdd2c3bd8dfa1354589b007da05c48afb92da00811c331002002404776c0097016d16

2025-01-07T15:19:30.683250+0800 INFO 安全传输执行结果：{'ProtocolData': '684900C305030201052420A0706B9001308EE17C09A44ACB01990ED5EA931252FB42356AF12355C54A0023FB675FA74D2BE293EE77C7FC3CDFCE1AD2864C039080010004F83687FAB67316'}
2025-01-07T15:19:30.684773+0800 INFO 接收到被测设备的上行报文：684900C305030201052420A0706B9001308EE17C09A44ACB01990ED5EA931252FB42356AF12355C54A0023FB675FA74D2BE293EE77C7FC3CDFCE1AD2864C039080010004F83687FAB67316

2025-01-07T15:19:30.684773+0800 INFO 安全传输接收的数据：684900C305030201052420A0706B9001308EE17C09A44ACB01990ED5EA931252FB42356AF12355C54A0023FB675FA74D2BE293EE77C7FC3CDFCE1AD2864C039080010004F83687FAB67316
2025-01-07T15:19:30.684773+0800 INFO 发送至安全服务的密文APDU：9001308EE17C09A44ACB01990ED5EA931252FB42356AF12355C54A0023FB675FA74D2BE293EE77C7FC3CDFCE1AD2864C039080010004F83687FA

2025-01-07T15:19:30.796865+0800 INFO 安全服务返回的明文APDU：850334309402000300201E02000020200200002022020001011C07E901070F10340006000000000000

2025-01-07T15:19:30.812496+0800 INFO Recv:850334309402000300201E02000020200200002022020001011C07E901070F10340006000000000000
2025-01-07T15:19:30.812496+0800 INFO 事件记录号:0,事件发生时间:2025-01-07 15:16:52,事件结束时间:None
2025-01-07T15:19:30.826011+0800 INFO 执行：验证事件内容结束
2025-01-07T15:19:30.835554+0800 INFO 执行:控制台体电压220V,延时65s
2025-01-07T15:21:08.766231+0800 INFO 执行:控制台体电压220V,延时65s完成
2025-01-07T15:21:08.766231+0800 INFO 执行:控制台体电压220V,延时65s完成
2025-01-07T15:21:08.766231+0800 INFO 执行:控制台体电压220V,延时65s完成
2025-01-07T15:21:08.766231+0800 INFO 执行:控制台体电压220V,延时65s完成
2025-01-07T15:21:08.766231+0800 INFO 执行:控制台体电压220V,延时65s完成
2025-01-07T15:21:08.801464+0800 INFO 开始读取标准表电压
2025-01-07T15:21:08.801974+0800 INFO 开始读取标准表电压
2025-01-07T15:21:08.801974+0800 INFO 开始读取标准表电压
2025-01-07T15:21:08.801974+0800 INFO 开始读取标准表电压
2025-01-07T15:21:09.658199+0800 INFO 读取标准表电压值为220.006607，读取标准表电压结束
2025-01-07T15:21:09.658199+0800 INFO 读取标准表电压值为220.006607，读取标准表电压结束
2025-01-07T15:21:09.689329+0800 INFO 台体升源电压与设定值相符
2025-01-07T15:21:09.689329+0800 INFO 台体升源电压与设定值相符
2025-01-07T15:21:09.708413+0800 INFO 执行:配置光伏越限事件配置越下限参数198V，持续时间60s
2025-01-07T15:21:09.708413+0800 INFO 执行:配置光伏越限事件配置越下限参数198V，持续时间60s
2025-01-07T15:21:09.723917+0800 INFO Send:06013B3094060001010204160116021207BC12003C00
2025-01-07T15:21:09.723917+0800 INFO Send:06013A3094060001010204160116021207BC12003C00
2025-01-07T15:21:09.723917+0800 INFO Send:0601373094060001010204160116021207BC12003C00
2025-01-07T15:21:09.723917+0800 INFO 发送至安全服务的明文APDU：06013B3094060001010204160116021207BC12003C00

2025-01-07T15:21:09.723917+0800 INFO 发送至安全服务的明文APDU：0601393094060001010204160116021207BC12003C00

2025-01-07T15:21:10.313903+0800 INFO 安全服务返回的密文APDU：100120C8A537D6586B023FE385C2520C0CCDCFE9934D4DCDC614C4DBDA3AA98EB2AD8500811C331002002404268220F7

2025-01-07T15:21:10.313903+0800 INFO 发送至被测设备的下行报文：683f004305030201052420a01a04100120c8a537d6586b023fe385c2520c0ccdcfe9934d4dcdc614c4dbda3aa98eb2ad8500811c331002002404268220f7101b16

2025-01-07T15:21:11.033524+0800 INFO 安全传输执行结果：{'ProtocolData': '682900C305030201052420A0FF44900110D5368C1BC069ECA391D89E437C188943010004A884CEA8302816'}
2025-01-07T15:21:11.035527+0800 INFO 接收到被测设备的上行报文：682900C305030201052420A0FF44900110D5368C1BC069ECA391D89E437C188943010004A884CEA8302816

2025-01-07T15:21:11.035527+0800 INFO 安全传输接收的数据：682900C305030201052420A0FF44900110D5368C1BC069ECA391D89E437C188943010004A884CEA8302816
2025-01-07T15:21:11.051154+0800 INFO 发送至安全服务的密文APDU：900110D5368C1BC069ECA391D89E437C188943010004A884CEA8

2025-01-07T15:21:11.405858+0800 INFO 安全服务返回的明文APDU：86013B30940600000000

2025-01-07T15:21:11.405858+0800 INFO Recv:86013B30940600000000
2025-01-07T15:21:11.405858+0800 INFO 执行:配置光伏越限事件配置越下限参数198V，持续时间60s完成
2025-01-07T15:21:11.405858+0800 INFO 执行:读取光伏越限事件配置
2025-01-07T15:21:11.405858+0800 INFO 开始读取光伏越限参数
2025-01-07T15:21:11.405858+0800 INFO Send:0501003094060000
2025-01-07T15:21:11.405858+0800 INFO 发送至安全服务的明文APDU：0501003094060000

2025-01-07T15:21:11.690891+0800 INFO 安全服务返回的密文APDU：1001101644F2721E99BFA1C942B969E8B07FC900811C33100200140493771BC5

2025-01-07T15:21:11.706399+0800 INFO 发送至被测设备的下行报文：682f004305030201052420a05f751001101644f2721e99bfa1c942b969e8b07fc900811c33100200140493771bc5746616

2025-01-07T15:21:12.430145+0800 INFO 安全传输执行结果：{'ProtocolData': '683900C305030201052420A0BA359001203258FEC4E8E6FF2DCF839526A4D417F7C661B689C6E2E878E5C32A715831963B010004376369C6EB0916'}
2025-01-07T15:21:12.432161+0800 INFO 接收到被测设备的上行报文：683900C305030201052420A0BA359001203258FEC4E8E6FF2DCF839526A4D417F7C661B689C6E2E878E5C32A715831963B010004376369C6EB0916

2025-01-07T15:21:12.432161+0800 INFO 安全传输接收的数据：683900C305030201052420A0BA359001203258FEC4E8E6FF2DCF839526A4D417F7C661B689C6E2E878E5C32A715831963B010004376369C6EB0916
2025-01-07T15:21:12.432161+0800 INFO 发送至安全服务的密文APDU：9001203258FEC4E8E6FF2DCF839526A4D417F7C661B689C6E2E878E5C32A715831963B010004376369C6

2025-01-07T15:21:12.948275+0800 INFO 安全服务返回的明文APDU：850100309406000101010204160116021207BC12003C0000

2025-01-07T15:21:12.963904+0800 INFO Recv:850100309406000101010204160116021207BC12003C0000
2025-01-07T15:21:12.963904+0800 INFO 越限参数:越限类型:1,越限判断条件:2,越限限值:1980,越限持续时间:60
2025-01-07T15:21:12.963904+0800 INFO 执行:读取光伏越限事件配置完成
2025-01-07T15:21:12.963904+0800 INFO 执行:控制台体电压190V,延时65s
2025-01-07T15:22:51.852364+0800 INFO 执行:控制台体电压190V,延时65s完成
2025-01-07T15:22:51.852364+0800 INFO 执行:控制台体电压190V,延时65s完成
2025-01-07T15:22:51.871184+0800 INFO 执行:控制台体电压190V,延时65s完成
2025-01-07T15:22:51.874687+0800 INFO 执行:控制台体电压190V,延时65s完成
2025-01-07T15:22:51.874687+0800 INFO 执行:控制台体电压190V,延时65s完成
2025-01-07T15:22:51.903373+0800 INFO 开始读取标准表电压
2025-01-07T15:22:51.903373+0800 INFO 开始读取标准表电压
2025-01-07T15:22:51.903373+0800 INFO 开始读取标准表电压
2025-01-07T15:22:52.657846+0800 INFO 读取标准表电压值为189.929382，读取标准表电压结束
2025-01-07T15:22:52.673921+0800 INFO 读取标准表电压值为189.929382，读取标准表电压结束
2025-01-07T15:22:52.673921+0800 INFO 读取标准表电压值为189.929382，读取标准表电压结束
2025-01-07T15:22:52.673921+0800 INFO 读取标准表电压值为189.929382，读取标准表电压结束
2025-01-07T15:22:52.676431+0800 INFO 读取标准表电压值为189.929382，读取标准表电压结束
2025-01-07T15:22:52.681433+0800 INFO 台体升源电压与设定值相符
2025-01-07T15:22:52.702082+0800 INFO 执行：等待事件主动上报120s
2025-01-07T15:22:52.705084+0800 INFO 执行：等待事件主动上报120s
2025-01-07T15:24:52.719015+0800 INFO 执行：等待事件主动上报完成
2025-01-07T15:24:52.752706+0800 INFO 执行：读取事件个数
2025-01-07T15:24:52.752706+0800 INFO 执行：等待事件主动上报完成
2025-01-07T15:24:52.752706+0800 INFO 执行：等待事件主动上报完成
2025-01-07T15:24:52.762262+0800 INFO Send:0501053094040000
2025-01-07T15:24:52.762262+0800 INFO 执行：读取事件个数
2025-01-07T15:24:52.762262+0800 INFO 执行：读取事件个数
2025-01-07T15:24:52.784802+0800 INFO 发送至安全服务的明文APDU：0501053094040000

2025-01-07T15:24:52.784802+0800 INFO Send:05010B3094040000
2025-01-07T15:24:52.878615+0800 INFO 安全服务返回的密文APDU：100110009E16DEF0E4583011A21AEADC256C1B00811C3310020014046A82BF32

2025-01-07T15:24:52.888150+0800 INFO 发送至被测设备的下行报文：682f004305030201052420a05f75100110009e16def0e4583011a21aeadc256c1b00811c3310020014046a82bf32702716

2025-01-07T15:24:53.609044+0800 INFO 安全传输执行结果：{'ProtocolData': '682900C305030201052420A0FF449001105E45B7F118F8000FC907AA3FB64D5ED4010004D0567715CCF416'}
2025-01-07T15:24:53.609044+0800 INFO 接收到被测设备的上行报文：682900C305030201052420A0FF449001105E45B7F118F8000FC907AA3FB64D5ED4010004D0567715CCF416

2025-01-07T15:24:53.613558+0800 INFO 安全传输接收的数据：682900C305030201052420A0FF449001105E45B7F118F8000FC907AA3FB64D5ED4010004D0567715CCF416
2025-01-07T15:24:53.616065+0800 INFO 发送至安全服务的密文APDU：9001105E45B7F118F8000FC907AA3FB64D5ED4010004D0567715

2025-01-07T15:24:54.043451+0800 INFO 安全服务返回的明文APDU：85010530940400011200020000

2025-01-07T15:24:54.045977+0800 INFO Recv:85010530940400011200020000
2025-01-07T15:24:54.045977+0800 INFO 30940400事件个数:2
2025-01-07T15:24:54.061000+0800 INFO 执行：读取事件个数结束
2025-01-07T15:24:54.061000+0800 INFO 执行：读取事件内容
2025-01-07T15:24:54.061000+0800 INFO Send:05030D3094020009010300201E02000020200200002022020000
2025-01-07T15:24:54.072044+0800 INFO 发送至安全服务的明文APDU：05030D3094020009010300201E02000020200200002022020000

2025-01-07T15:24:54.439460+0800 INFO 安全服务返回的密文APDU：100120C151A1037E2B3869ACD39D9982FC906741FEABBDA91A39E84AF8C1414FFF597B00811C33100200240470BEF0D1

2025-01-07T15:24:54.447997+0800 INFO 发送至被测设备的下行报文：683f004305030201052420a01a04100120c151a1037e2b3869acd39d9982fc906741feabbda91a39e84af8c1414fff597b00811c33100200240470bef0d124db16

2025-01-07T15:24:55.168459+0800 INFO 安全传输执行结果：{'ProtocolData': '684900C305030201052420A0706B9001304770AC863D5A66B7F6080AC7283B47D042356AF11A55C54A0023FB675FA74D2B60D11541E8FEA66D5CAF0DF0402A6FA7010004541CEECAE5F816'}
2025-01-07T15:24:55.168459+0800 INFO 接收到被测设备的上行报文：684900C305030201052420A0706B9001304770AC863D5A66B7F6080AC7283B47D042356AF11A55C54A0023FB675FA74D2B60D11541E8FEA66D5CAF0DF0402A6FA7010004541CEECAE5F816

2025-01-07T15:24:55.168459+0800 INFO 安全传输接收的数据：684900C305030201052420A0706B9001304770AC863D5A66B7F6080AC7283B47D042356AF11A55C54A0023FB675FA74D2B60D11541E8FEA66D5CAF0DF0402A6FA7010004541CEECAE5F816
2025-01-07T15:24:55.168459+0800 INFO 发送至安全服务的密文APDU：9001304770AC863D5A66B7F6080AC7283B47D042356AF11A55C54A0023FB675FA74D2B60D11541E8FEA66D5CAF0DF0402A6FA7010004541CEECA

2025-01-07T15:24:56.010225+0800 INFO 安全服务返回的明文APDU：85030D309402000300201E02000020200200002022020001011C07E901070F16100006000000010000

2025-01-07T15:24:56.010225+0800 INFO Recv:85030D309402000300201E02000020200200002022020001011C07E901070F16100006000000010000
2025-01-07T15:24:56.022787+0800 INFO 事件记录号:1,事件发生时间:2025-01-07 15:22:16,事件结束时间:None
2025-01-07T15:24:56.031296+0800 INFO 执行：验证事件内容结束
2025-01-07T15:24:56.036834+0800 INFO 测试事件：光伏越限事件完成
2025-01-07T15:24:56.036834+0800 INFO 执行:控制台体电压220V
2025-01-07T15:25:29.449321+0800 INFO 用例:事件记录及上报:光伏越限事件通过
2025-01-07T15:25:29.449321+0800 INFO 用例:事件记录及上报:光伏越限事件通过
2025-01-07T15:25:29.449321+0800 INFO 用例:事件记录及上报:光伏越限事件通过
2025-01-07T15:25:29.465961+0800 INFO 用例:事件记录及上报:光伏越限事件通过
2025-01-07T15:25:29.467479+0800 INFO 用例:事件记录及上报:光伏越限事件通过
2025-01-07T15:25:29.491121+0800 INFO 测试时间00天00时10分37秒
2025-01-07T15:25:29.491121+0800 INFO 测试时间00天00时10分37秒
2025-01-07T15:25:29.540433+0800 INFO 执行结果: 
2025-01-07T15:25:29.541444+0800 INFO 表位 1 完成执行测试用例: 事件记录及上报(光伏越限)
2025-01-07T15:25:29.541444+0800 INFO 执行时间: 637秒
2025-01-07T15:25:29.541444+0800 INFO 表位 3 完成执行测试用例: 事件记录及上报(光伏越限)
2025-01-07T15:27:17.633053+0800 INFO 完成第 1 轮检测 成功 15 项, 失败 2 项
2025-01-07T15:27:17.633053+0800 INFO 完成第 1 轮检测 成功 17 项, 失败 0 项
2025-01-07T15:27:17.633053+0800 INFO 完成第 1 轮检测 成功 17 项, 失败 0 项
2025-01-07T15:27:17.633053+0800 INFO 完成第 1 轮检测 成功 16 项, 失败 1 项
