2025-01-07T09:00:51.276064+0800 INFO 表位 3 执行下行链路监测试验...
2025-01-07T09:01:01.284813+0800 INFO 
2025-01-07T09:01:01.284813+0800 INFO =============================
2025-01-07T09:01:01.284813+0800 INFO 下行链路监测试验
2025-01-07T09:01:01.284813+0800 INFO =============================
2025-01-07T09:01:01.394590+0800 INFO 切换为标准协议逆变器，成功
2025-01-07T09:01:06.398146+0800 INFO 
2025-01-07T09:01:06.398146+0800 INFO -----------------------------
2025-01-07T09:01:06.398146+0800 INFO 步骤1 上行通信方式RS-485
2025-01-07T09:01:06.398146+0800 INFO -----------------------------
2025-01-07T09:01:06.508290+0800 INFO 步骤1 执行成功
2025-01-07T09:01:06.510301+0800 INFO 
2025-01-07T09:01:06.512824+0800 INFO -----------------------------
2025-01-07T09:01:06.512824+0800 INFO 步骤2 通信协商 建立链接
2025-01-07T09:01:06.512824+0800 INFO -----------------------------
2025-01-07T09:01:06.512824+0800 INFO 【用例执行前序准备阶段】步骤0：获取表位配置
2025-01-07T09:01:06.512824+0800 INFO 【用例执行前序准备阶段】步骤1：读取通信地址（40010200）
2025-01-07T09:01:06.512824+0800 INFO 发送至被测设备的下行报文：6817004305030201052420a03a5a0501014001020000c60716

2025-01-07T09:01:06.930092+0800 INFO 执行结果：<mode.bean.DuringResult object at 0x000002241E445F50>
2025-01-07T09:01:06.930092+0800 INFO 接收的数据：682100C305030201052420A055F88501014001020001090620240501020300009EDA16
2025-01-07T09:01:06.930092+0800 INFO 接收到被测设备的上行报文：682100C305030201052420A055F88501014001020001090620240501020300009EDA16

2025-01-07T09:01:06.930092+0800 INFO 【用例执行前序准备阶段】步骤1：读取通信地址（40010200）,读取通信地址成功

2025-01-07T09:01:06.930092+0800 INFO 通信地址:202405010203

2025-01-07T09:01:06.945719+0800 INFO 【用例执行前序准备阶段】步骤2：读取表号（40020200）
2025-01-07T09:01:06.948723+0800 INFO 发送至被测设备的下行报文：6817004305030201052420a03a5a05010140020200000b2216

2025-01-07T09:01:07.354141+0800 INFO 执行结果：<mode.bean.DuringResult object at 0x000002242022F0D0>
2025-01-07T09:01:07.354141+0800 INFO 接收的数据：682100C305030201052420A055F885010140020200010906FFFFFFFFFFFF0000A95D16
2025-01-07T09:01:07.354141+0800 INFO 接收到被测设备的上行报文：682100C305030201052420A055F885010140020200010906FFFFFFFFFFFF0000A95D16

2025-01-07T09:01:07.354141+0800 INFO 【用例执行前序准备阶段】步骤2：读取表号（40020200）,读取表号成功

2025-01-07T09:01:07.354141+0800 INFO 表号:0000FFFFFFFFFFFF

2025-01-07T09:01:07.354141+0800 INFO 【用例执行前序准备阶段】步骤3：读取ESAM序列号（F1000200）
2025-01-07T09:01:07.354141+0800 INFO 发送至被测设备的下行报文：6817004305030201052420a03a5a050101f100020000bd4e16

2025-01-07T09:01:07.772482+0800 INFO 执行结果：<mode.bean.DuringResult object at 0x000002242022EB10>
2025-01-07T09:01:07.772482+0800 INFO 接收的数据：682300C305030201052420A07753850101F10002000109086F0100000003CDD9000017A616
2025-01-07T09:01:07.772482+0800 INFO 接收到被测设备的上行报文：682300C305030201052420A07753850101F10002000109086F0100000003CDD9000017A616

2025-01-07T09:01:07.772482+0800 INFO 【用例执行前序准备阶段】步骤3：读取ESAM序列号（F1000200）,读取ESAM序列号成功

2025-01-07T09:01:07.772482+0800 INFO ESAM序列号:6F0100000003CDD9

2025-01-07T09:01:07.772482+0800 INFO 【用例执行前序准备阶段】步骤4：读取对称密钥版本（F1000400）
2025-01-07T09:01:07.772482+0800 INFO 发送至被测设备的下行报文：6817004305030201052420a03a5a050101f100040000649816

2025-01-07T09:01:08.189309+0800 INFO 执行结果：<mode.bean.DuringResult object at 0x00000224201B3310>
2025-01-07T09:01:08.190401+0800 INFO 接收的数据：682B00C305030201052420A0DDEF850101F1000400010910000000000000000000000000000000000000F99B16
2025-01-07T09:01:08.190401+0800 INFO 接收到被测设备的上行报文：682B00C305030201052420A0DDEF850101F1000400010910000000000000000000000000000000000000F99B16

2025-01-07T09:01:08.190401+0800 INFO 【用例执行前序准备阶段】步骤4：读取对称密钥版本（F1000400）,读取对称密钥版本成功

2025-01-07T09:01:08.190401+0800 INFO 对称密钥版本:00000000000000000000

2025-01-07T09:01:08.190401+0800 INFO 【用例执行前序准备阶段】步骤5：读取计数器（F1000700）
2025-01-07T09:01:08.190401+0800 INFO 发送至被测设备的下行报文：6817004305030201052420a03a5a050101f100070000007716

2025-01-07T09:01:08.607104+0800 INFO 执行结果：<mode.bean.DuringResult object at 0x000002242022FD10>
2025-01-07T09:01:08.611119+0800 INFO 接收的数据：682A00C305030201052420A04CBA850101F1000700010203060000000906000000000600000000000088D316
2025-01-07T09:01:08.611119+0800 INFO 接收到被测设备的上行报文：682A00C305030201052420A04CBA850101F1000700010203060000000906000000000600000000000088D316

2025-01-07T09:01:08.611119+0800 INFO 【用例执行前序准备阶段】步骤5：读取计数器（F1000700）,读取计数器成功

2025-01-07T09:01:08.611119+0800 INFO 计数器:0000000a

2025-01-07T09:01:08.611119+0800 INFO 【用例执行前序准备阶段】步骤6：读取安全模式参数（F1010200）
2025-01-07T09:01:08.611119+0800 INFO 发送至被测设备的下行报文：6817004305030201052420a03a5a050101f101020000065216

2025-01-07T09:01:08.928314+0800 INFO 执行结果：<mode.bean.DuringResult object at 0x00000224201B3310>
2025-01-07T09:01:08.928314+0800 INFO 接收的数据：681B00C305030201052420A0127C850101F101020001160100007CF616
2025-01-07T09:01:08.928314+0800 INFO 接收到被测设备的上行报文：681B00C305030201052420A0127C850101F101020001160100007CF616

2025-01-07T09:01:08.928314+0800 INFO 【用例执行前序准备阶段】步骤6：读取安全模式参数（F1010200）,读取安全模式参数成功

2025-01-07T09:01:08.928314+0800 INFO 安全模式参数:01

2025-01-07T09:01:08.928314+0800 INFO 【用例执行前序准备阶段】步骤7：与加密机主站会话协商
2025-01-07T09:01:09.160733+0800 INFO 建立应用连接开始
2025-01-07T09:01:09.163741+0800 INFO 【用例执行前序准备阶段】步骤8：建立应用连接
2025-01-07T09:01:09.163741+0800 INFO 发送至被测设备的下行报文：685e004305030201052420a0047e02000010ffffffffffffffffffffffffffffffffffffffffffffffff020002000107d0000151800220a0f7727fcb09c2ec311a869326f4e5a5c2ce35875e09929c5f42a1075b13cd7d048fba748600081f16

2025-01-07T09:01:10.073347+0800 INFO 执行结果：<mode.bean.DuringResult object at 0x00000224201EBA50>
2025-01-07T09:01:10.073347+0800 INFO 接收的数据：689000C305030201052420A010AC820000000000000000000000000000000000000000000000000000000000000000000016FFFFFFFFC0000000FFFEC400000000000000000000000000080008000107D00000070800013061059AEA31C3FDCF26086C93FF40F1481E6CF24DDC97CB63CE03675C4531AD9FD931B13F4F963498C53F48D106675F0904680DD44300007AB316
2025-01-07T09:01:10.073347+0800 INFO 接收到被测设备的上行报文：689000C305030201052420A010AC820000000000000000000000000000000000000000000000000000000000000000000016FFFFFFFFC0000000FFFEC400000000000000000000000000080008000107D00000070800013061059AEA31C3FDCF26086C93FF40F1481E6CF24DDC97CB63CE03675C4531AD9FD931B13F4F963498C53F48D106675F0904680DD44300007AB316

2025-01-07T09:01:10.073347+0800 INFO 【用例执行前序准备阶段】步骤8：建立应用连接,应用连接请求成功
2025-01-07T09:01:10.085859+0800 INFO 【用例执行前序准备阶段】步骤9：加密机协商验证
2025-01-07T09:01:10.221757+0800 INFO 【用例执行前序准备阶段】步骤9：加密机协商验证,密钥协商成功

2025-01-07T09:01:10.221757+0800 INFO 安全模式已启用，无需设置

2025-01-07T09:01:10.221757+0800 INFO 密钥协商成功
2025-01-07T09:01:10.221757+0800 INFO 步骤2 执行成功
2025-01-07T09:01:10.221757+0800 INFO 
2025-01-07T09:01:10.235282+0800 INFO -----------------------------
2025-01-07T09:01:10.236794+0800 INFO 步骤3 系统对时
2025-01-07T09:01:10.236794+0800 INFO -----------------------------
2025-01-07T09:01:10.246804+0800 INFO 发送至安全服务的明文APDU：060100400002001c07e9010709010a00

2025-01-07T09:01:10.357305+0800 INFO 安全服务返回的密文APDU：1001202CA9CDADBDCBB3CED5D840813787BAB4096E8986D10CEB6F5FC45FCA4CFCDE3700811C331002002404DC17B5EB

2025-01-07T09:01:10.357305+0800 INFO 发送至被测设备的下行报文：683f004305030201052420a01a041001202ca9cdadbdcbb3ced5d840813787bab4096e8986d10ceb6f5fc45fca4cfcde3700811c331002002404dc17b5eb984816

2025-01-07T09:01:10.976744+0800 INFO 安全传输执行结果：{'ProtocolData': '682900C305030201052420A0FF44900110C8AB9DB42DFCE1CAB04EDC6AFC2C074E010004475F8AC8244F16'}
2025-01-07T09:01:10.979752+0800 INFO 接收到被测设备的上行报文：682900C305030201052420A0FF44900110C8AB9DB42DFCE1CAB04EDC6AFC2C074E010004475F8AC8244F16

2025-01-07T09:01:10.979752+0800 INFO 安全传输接收的数据：682900C305030201052420A0FF44900110C8AB9DB42DFCE1CAB04EDC6AFC2C074E010004475F8AC8244F16
2025-01-07T09:01:10.979752+0800 INFO 发送至安全服务的密文APDU：900110C8AB9DB42DFCE1CAB04EDC6AFC2C074E010004475F8AC8

2025-01-07T09:01:11.080132+0800 INFO 安全服务返回的明文APDU：86010040000200000000

2025-01-07T09:01:11.092203+0800 INFO common_stop结果(0, '86010040000200000000', '安全传输成功')
2025-01-07T09:01:11.092203+0800 INFO 步骤3 执行成功
2025-01-07T09:01:11.092203+0800 INFO 
2025-01-07T09:01:11.092203+0800 INFO -----------------------------
2025-01-07T09:01:11.092203+0800 INFO 步骤4 事件初始化
2025-01-07T09:01:11.092203+0800 INFO -----------------------------
2025-01-07T09:01:11.092203+0800 INFO 发送至安全服务的明文APDU：07010143000500000107e9010709010b00000f

2025-01-07T09:01:11.228134+0800 INFO 安全服务返回的密文APDU：1001205DCA26E680F04AFF7AEEC81D275AB49E0DD3B0C2515921AF0A9DC107309CECA200811C331002002404D0E02124

2025-01-07T09:01:11.228134+0800 INFO 发送至被测设备的下行报文：683f004305030201052420a01a041001205dca26e680f04aff7aeec81d275ab49e0dd3b0c2515921af0a9dc107309ceca200811c331002002404d0e02124b0a016

2025-01-07T09:01:11.843832+0800 INFO 安全传输执行结果：{'ProtocolData': '682900C305030201052420A0FF4490011022BA39E1F3F2E405C605D04272A7584D0100042266E5B47B1216'}
2025-01-07T09:01:11.843832+0800 INFO 接收到被测设备的上行报文：682900C305030201052420A0FF4490011022BA39E1F3F2E405C605D04272A7584D0100042266E5B47B1216

2025-01-07T09:01:11.848854+0800 INFO 安全传输接收的数据：682900C305030201052420A0FF4490011022BA39E1F3F2E405C605D04272A7584D0100042266E5B47B1216
2025-01-07T09:01:11.853868+0800 INFO 发送至安全服务的密文APDU：90011022BA39E1F3F2E405C605D04272A7584D0100042266E5B4

2025-01-07T09:01:11.984387+0800 INFO 安全服务返回的明文APDU：8701014300050000000000

2025-01-07T09:01:11.984387+0800 INFO common_stop结果(0, '8701014300050000000000', '安全传输成功')
2025-01-07T09:01:12.000412+0800 INFO 延时30s
2025-01-07T09:01:42.004424+0800 INFO 步骤4 执行成功
2025-01-07T09:01:42.004424+0800 INFO 
2025-01-07T09:01:42.020055+0800 INFO -----------------------------
2025-01-07T09:01:42.023083+0800 INFO 步骤5 设置光伏逆变器通信异常事件有效标志为有效
2025-01-07T09:01:42.023083+0800 INFO -----------------------------
2025-01-07T09:01:42.023083+0800 INFO 发送至安全服务的明文APDU：06010230960900030100

2025-01-07T09:01:42.196105+0800 INFO 安全服务返回的密文APDU：1001108D2894859D1A1B70FC3D0B8F632052CD00811C33100200140495E55F7C

2025-01-07T09:01:42.196105+0800 INFO 发送至被测设备的下行报文：682f004305030201052420a05f751001108d2894859d1a1b70fc3d0b8f632052cd00811c33100200140495e55f7c2d4216

2025-01-07T09:01:42.719215+0800 INFO 安全传输执行结果：{'ProtocolData': '682900C305030201052420A0FF44900110768C6C18AE40A3194A30CA09F161B2BB01000444D24BE9958316'}
2025-01-07T09:01:42.727721+0800 INFO 接收到被测设备的上行报文：682900C305030201052420A0FF44900110768C6C18AE40A3194A30CA09F161B2BB01000444D24BE9958316

2025-01-07T09:01:42.727721+0800 INFO 安全传输接收的数据：682900C305030201052420A0FF44900110768C6C18AE40A3194A30CA09F161B2BB01000444D24BE9958316
2025-01-07T09:01:42.727721+0800 INFO 发送至安全服务的密文APDU：900110768C6C18AE40A3194A30CA09F161B2BB01000444D24BE9

2025-01-07T09:01:42.879197+0800 INFO 安全服务返回的明文APDU：86010230960900000000

2025-01-07T09:01:42.879197+0800 INFO common_stop结果(0, '86010230960900000000', '安全传输成功')
2025-01-07T09:01:42.879197+0800 INFO 步骤5 执行成功
2025-01-07T09:01:42.879197+0800 INFO 
2025-01-07T09:01:42.894828+0800 INFO -----------------------------
2025-01-07T09:01:42.899484+0800 INFO 步骤6 下发逆变器档案
2025-01-07T09:01:42.902858+0800 INFO -----------------------------
2025-01-07T09:01:42.902858+0800 INFO 发送至安全服务的明文APDU：070103600086000000

2025-01-07T09:01:43.030377+0800 INFO 安全服务返回的密文APDU：100110C1373D39072D183C99DB50FC39F6682400811C331002001404FB40CD99

2025-01-07T09:01:43.030377+0800 INFO 发送至被测设备的下行报文：682f004305030201052420a05f75100110c1373d39072d183c99db50fc39f6682400811c331002001404fb40cd99bc9a16

2025-01-07T09:01:43.652990+0800 INFO 安全传输执行结果：{'ProtocolData': '682900C305030201052420A0FF44900110AD29ECFA355A5B147A8E1871BFDEA7C901000413ADEF177AAE16'}
2025-01-07T09:01:43.660114+0800 INFO 接收到被测设备的上行报文：682900C305030201052420A0FF44900110AD29ECFA355A5B147A8E1871BFDEA7C901000413ADEF177AAE16

2025-01-07T09:01:43.660114+0800 INFO 安全传输接收的数据：682900C305030201052420A0FF44900110AD29ECFA355A5B147A8E1871BFDEA7C901000413ADEF177AAE16
2025-01-07T09:01:43.660114+0800 INFO 发送至安全服务的密文APDU：900110AD29ECFA355A5B147A8E1871BFDEA7C901000413ADEF17

2025-01-07T09:01:43.760934+0800 INFO 安全服务返回的明文APDU：8701036000860000000000

2025-01-07T09:01:43.760934+0800 INFO common_stop结果(0, '8701036000860000000000', '安全传输成功')
2025-01-07T09:01:43.760934+0800 INFO 发送至安全服务的明文APDU：07010460007f000204120001020a55070500000000010216061603510102030409030102031102110116031200dc1200320204550705000000000000090610101010101012006412000a0101020251403902000206160111010a036162631600120001110200

2025-01-07T09:01:43.939354+0800 INFO 安全服务返回的密文APDU：100170C1172EFAE0EFF9A2886F16A13C6E9DDA3B4934300E1A683017580853F400F07131EE375E4021196C04A6CF2CD43A22C4C57978F28643364616CBD11D0CE14C2438CE2E6EE6D2207E49814202D848315F582ECC521EE2246C9DEF00B3436ACA7B19CD94D02851BC17DE1FBB669859BFDF00811C33100200740425FADA7F

2025-01-07T09:01:43.939354+0800 INFO 发送至被测设备的下行报文：688f004305030201052420a0ce05100170c1172efae0eff9a2886f16a13c6e9dda3b4934300e1a683017580853f400f07131ee375e4021196c04a6cf2cd43a22c4c57978f28643364616cbd11d0ce14c2438ce2e6ee6d2207e49814202d848315f582ecc521ee2246c9def00b3436aca7b19cd94d02851bc17de1fbb669859bfdf00811c33100200740425fada7f97d516

2025-01-07T09:01:44.756126+0800 INFO 安全传输执行结果：{'ProtocolData': '682900C305030201052420A0FF44900110E919D5175999338EA03C3FE91E119FD701000453B79793421A16'}
2025-01-07T09:01:44.756126+0800 INFO 接收到被测设备的上行报文：682900C305030201052420A0FF44900110E919D5175999338EA03C3FE91E119FD701000453B79793421A16

2025-01-07T09:01:44.756126+0800 INFO 安全传输接收的数据：682900C305030201052420A0FF44900110E919D5175999338EA03C3FE91E119FD701000453B79793421A16
2025-01-07T09:01:44.765643+0800 INFO 发送至安全服务的密文APDU：900110E919D5175999338EA03C3FE91E119FD701000453B79793

2025-01-07T09:01:44.868880+0800 INFO 安全服务返回的明文APDU：87010460007F0000000000

2025-01-07T09:01:44.868880+0800 INFO common_stop结果(0, '87010460007F0000000000', '安全传输成功')
2025-01-07T09:01:44.868880+0800 INFO 延时30s
2025-01-07T09:02:14.878775+0800 INFO 步骤6 执行成功
2025-01-07T09:02:14.878775+0800 INFO 
2025-01-07T09:02:14.878775+0800 INFO -----------------------------
2025-01-07T09:02:14.878775+0800 INFO 步骤7 读取光伏逆变器通信异常事件判断是否无事件,事件记录个数是否为0
2025-01-07T09:02:14.878775+0800 INFO -----------------------------
2025-01-07T09:02:14.878775+0800 INFO 发送至安全服务的明文APDU：05030530960200090102002022020000201e020000

2025-01-07T09:02:15.247585+0800 INFO 安全服务返回的密文APDU：10012026747AED0E7B06337D77DC50172C231F179ED25DA652B216FC16F22D2345BD3E00811C331002002404F1BDB9B5

2025-01-07T09:02:15.255619+0800 INFO 发送至被测设备的下行报文：683f004305030201052420a01a0410012026747aed0e7b06337d77dc50172c231f179ed25da652b216fc16f22d2345bd3e00811c331002002404f1bdb9b5639616

2025-01-07T09:02:15.880875+0800 INFO 安全传输执行结果：{'ProtocolData': '683900C305030201052420A0BA35900120916F5D0335B81B7C7631CA8D9278346FD2FDCCA7DD44FD4F2278195B7AEE080C010004A6EC4ABFD23C16'}
2025-01-07T09:02:15.885932+0800 INFO 接收到被测设备的上行报文：683900C305030201052420A0BA35900120916F5D0335B81B7C7631CA8D9278346FD2FDCCA7DD44FD4F2278195B7AEE080C010004A6EC4ABFD23C16

2025-01-07T09:02:15.885932+0800 INFO 安全传输接收的数据：683900C305030201052420A0BA35900120916F5D0335B81B7C7631CA8D9278346FD2FDCCA7DD44FD4F2278195B7AEE080C010004A6EC4ABFD23C16
2025-01-07T09:02:15.885932+0800 INFO 发送至安全服务的密文APDU：900120916F5D0335B81B7C7631CA8D9278346FD2FDCCA7DD44FD4F2278195B7AEE080C010004A6EC4ABF

2025-01-07T09:02:16.012245+0800 INFO 安全服务返回的明文APDU：8503053096020002002022020000201E020001000000

2025-01-07T09:02:16.012245+0800 INFO common_stop结果(0, '8503053096020002002022020000201E020001000000', '安全传输成功')
2025-01-07T09:02:16.012245+0800 INFO 发送至安全服务的明文APDU：0501063096040000

2025-01-07T09:02:16.305014+0800 INFO 安全服务返回的密文APDU：100110751D52495A8F7D60D874643B1CB5A0C800811C331002001404F3158955

2025-01-07T09:02:16.305014+0800 INFO 发送至被测设备的下行报文：682f004305030201052420a05f75100110751d52495a8f7d60d874643b1cb5a0c800811c331002001404f3158955cbda16

2025-01-07T09:02:16.819234+0800 INFO 安全传输执行结果：{'ProtocolData': '682900C305030201052420A0FF44900110A1C9BC2DB8F801F8033DD8257397275601000417E61352F1BA16'}
2025-01-07T09:02:16.829258+0800 INFO 接收到被测设备的上行报文：682900C305030201052420A0FF44900110A1C9BC2DB8F801F8033DD8257397275601000417E61352F1BA16

2025-01-07T09:02:16.831770+0800 INFO 安全传输接收的数据：682900C305030201052420A0FF44900110A1C9BC2DB8F801F8033DD8257397275601000417E61352F1BA16
2025-01-07T09:02:16.831770+0800 INFO 发送至安全服务的密文APDU：900110A1C9BC2DB8F801F8033DD8257397275601000417E61352

2025-01-07T09:02:16.980615+0800 INFO 安全服务返回的明文APDU：85010630960400011200000000

2025-01-07T09:02:16.983126+0800 INFO common_stop结果(0, '85010630960400011200000000', '安全传输成功')
2025-01-07T09:02:16.989653+0800 INFO 无事件记录
2025-01-07T09:02:16.993192+0800 INFO 事件记录条数检查 实际值:0 正确值:0 判断 合格
2025-01-07T09:02:16.993695+0800 INFO 步骤7 执行成功
2025-01-07T09:02:16.993695+0800 INFO 
2025-01-07T09:02:16.993695+0800 INFO -----------------------------
2025-01-07T09:02:16.993695+0800 INFO 步骤8 断开前读取逆变器电压,读取到则合格
2025-01-07T09:02:17.010836+0800 INFO -----------------------------
2025-01-07T09:02:17.010836+0800 INFO 发送至安全服务的明文APDU：0501072000020000

2025-01-07T09:02:17.263223+0800 INFO 安全服务返回的密文APDU：1001107EEB536DE206AED1A6B30E6B36057B8400811C331002001404B65BC460

2025-01-07T09:02:17.263223+0800 INFO 发送至被测设备的下行报文：683000432602030201052420a0a5001001107eeb536de206aed1a6b30e6b36057b8400811c331002001404b65bc460bef416

2025-01-07T09:02:17.894457+0800 INFO 安全传输执行结果：{'ProtocolData': '683A00C32602030201052420A004AA9001209010902DD4D9F1A4A26C96E1013E3EE81C8C0DF39B1FA7A924BE9F729EF0A9A80100047C8A77D0996816'}
2025-01-07T09:02:17.900292+0800 INFO 接收到被测设备的上行报文：683A00C32602030201052420A004AA9001209010902DD4D9F1A4A26C96E1013E3EE81C8C0DF39B1FA7A924BE9F729EF0A9A80100047C8A77D0996816

2025-01-07T09:02:17.901347+0800 INFO 安全传输接收的数据：683A00C32602030201052420A004AA9001209010902DD4D9F1A4A26C96E1013E3EE81C8C0DF39B1FA7A924BE9F729EF0A9A80100047C8A77D0996816
2025-01-07T09:02:17.901347+0800 INFO 发送至安全服务的密文APDU：9001209010902DD4D9F1A4A26C96E1013E3EE81C8C0DF39B1FA7A924BE9F729EF0A9A80100047C8A77D0

2025-01-07T09:02:18.003456+0800 INFO 安全服务返回的明文APDU：850107200002000101031208981208981208980000

2025-01-07T09:02:18.020594+0800 INFO common_stop结果(0, '850107200002000101031208981208981208980000', '安全传输成功')
2025-01-07T09:02:18.020594+0800 INFO 步骤8 执行成功
2025-01-07T09:02:18.020594+0800 INFO 
2025-01-07T09:02:18.036279+0800 INFO -----------------------------
2025-01-07T09:02:18.039861+0800 INFO 步骤9 设置光伏逆变器通信异常事件参数为监测起止时间为12-13点、监测间隔5min、日发生最大次数为2
2025-01-07T09:02:18.042476+0800 INFO -----------------------------
2025-01-07T09:02:18.042476+0800 INFO 发送至安全服务的明文APDU：0601083096060002041b0c00001b0d000054010005110200

2025-01-07T09:02:18.307830+0800 INFO 安全服务返回的密文APDU：10012004A8EA27B5F1771ABBE31D1A4BC6931F92E0C2A7006407D893A362D6B278DB9100811C3310020024043577764D

2025-01-07T09:02:18.307830+0800 INFO 发送至被测设备的下行报文：683f004305030201052420a01a0410012004a8ea27b5f1771abbe31d1a4bc6931f92e0c2a7006407d893a362d6b278db9100811c3310020024043577764d8e5f16

2025-01-07T09:02:18.831808+0800 INFO 安全传输执行结果：{'ProtocolData': '682900C305030201052420A0FF449001101522AB343B642411DF442C7D74052328010004990B57AA28E116'}
2025-01-07T09:02:18.831808+0800 INFO 接收到被测设备的上行报文：682900C305030201052420A0FF449001101522AB343B642411DF442C7D74052328010004990B57AA28E116

2025-01-07T09:02:18.849228+0800 INFO 安全传输接收的数据：682900C305030201052420A0FF449001101522AB343B642411DF442C7D74052328010004990B57AA28E116
2025-01-07T09:02:18.852884+0800 INFO 发送至安全服务的密文APDU：9001101522AB343B642411DF442C7D74052328010004990B57AA

2025-01-07T09:02:19.010044+0800 INFO 安全服务返回的明文APDU：86010830960600000000

2025-01-07T09:02:19.010044+0800 INFO common_stop结果(0, '86010830960600000000', '安全传输成功')
2025-01-07T09:02:19.010044+0800 INFO 步骤9 执行成功
2025-01-07T09:02:19.010044+0800 INFO 
2025-01-07T09:02:19.025674+0800 INFO -----------------------------
2025-01-07T09:02:19.025674+0800 INFO 步骤10 设置时钟为12:00:00
2025-01-07T09:02:19.029684+0800 INFO -----------------------------
2025-01-07T09:02:19.029684+0800 INFO 发送至安全服务的明文APDU：060109400002001c07e901070c000000

2025-01-07T09:02:19.162255+0800 INFO 安全服务返回的密文APDU：10012088ACFB0FE4298FCDB2D89E177012873D363E0B36427391D9EDC59CB1C1D56EEA00811C331002002404F83DAC81

2025-01-07T09:02:19.166279+0800 INFO 发送至被测设备的下行报文：683f004305030201052420a01a0410012088acfb0fe4298fcdb2d89e177012873d363e0b36427391d9edc59cb1c1d56eea00811c331002002404f83dac81338016

2025-01-07T09:02:19.786826+0800 INFO 安全传输执行结果：{'ProtocolData': '682900C305030201052420A0FF44900110D4AD6A7C2F549CE11B41288C284A4F0B0100044C167CD5802616'}
2025-01-07T09:02:19.786826+0800 INFO 接收到被测设备的上行报文：682900C305030201052420A0FF44900110D4AD6A7C2F549CE11B41288C284A4F0B0100044C167CD5802616

2025-01-07T09:02:19.806543+0800 INFO 安全传输接收的数据：682900C305030201052420A0FF44900110D4AD6A7C2F549CE11B41288C284A4F0B0100044C167CD5802616
2025-01-07T09:02:19.810770+0800 INFO 发送至安全服务的密文APDU：900110D4AD6A7C2F549CE11B41288C284A4F0B0100044C167CD5

2025-01-07T09:02:19.938292+0800 INFO 安全服务返回的明文APDU：86010940000200000000

2025-01-07T09:02:19.938292+0800 INFO common_stop结果(0, '86010940000200000000', '安全传输成功')
2025-01-07T09:02:19.953922+0800 INFO 步骤10 执行成功
2025-01-07T09:02:19.959591+0800 INFO 
2025-01-07T09:02:19.964264+0800 INFO -----------------------------
2025-01-07T09:02:19.965917+0800 INFO 步骤11 断开模拟逆变器等待6分钟
2025-01-07T09:02:19.968997+0800 INFO -----------------------------
2025-01-07T09:02:20.081275+0800 INFO 延时360s
2025-01-07T09:08:20.091032+0800 INFO 断开逆变器返回 True
2025-01-07T09:08:20.101562+0800 INFO 步骤11 执行成功
2025-01-07T09:08:20.105136+0800 INFO 
2025-01-07T09:08:20.105653+0800 INFO -----------------------------
2025-01-07T09:08:20.105653+0800 INFO 步骤12 读取逆变器电压,读取不到则合格
2025-01-07T09:08:20.105653+0800 INFO -----------------------------
2025-01-07T09:08:20.121159+0800 INFO 发送至安全服务的明文APDU：05010a2000020000

2025-01-07T09:08:20.256444+0800 INFO 安全服务返回的密文APDU：100110350A0C9C23EF4903EB6992149CC5121A00811C33100200140454D9BE44

2025-01-07T09:08:20.268987+0800 INFO 发送至被测设备的下行报文：683000432602030201052420a0a500100110350a0c9c23ef4903eb6992149cc5121a00811c33100200140454d9be44d87116

2025-01-07T09:08:20.978714+0800 INFO 安全传输执行结果：{'ProtocolData': '683A00C32602030201052420A004AA900120A4395B1B2CDB75B4972845231321A38FC35558360F94D8A4FA345DFD4C1F86DB01000472A60CB56D0916'}
2025-01-07T09:08:20.978714+0800 INFO 接收到被测设备的上行报文：683A00C32602030201052420A004AA900120A4395B1B2CDB75B4972845231321A38FC35558360F94D8A4FA345DFD4C1F86DB01000472A60CB56D0916

2025-01-07T09:08:20.978714+0800 INFO 安全传输接收的数据：683A00C32602030201052420A004AA900120A4395B1B2CDB75B4972845231321A38FC35558360F94D8A4FA345DFD4C1F86DB01000472A60CB56D0916
2025-01-07T09:08:20.978714+0800 INFO 发送至安全服务的密文APDU：900120A4395B1B2CDB75B4972845231321A38FC35558360F94D8A4FA345DFD4C1F86DB01000472A60CB5

2025-01-07T09:08:21.129629+0800 INFO 安全服务返回的明文APDU：85010A200002000101030000000000

2025-01-07T09:08:21.139135+0800 INFO common_stop结果(0, '85010A200002000101030000000000', '安全传输成功')
2025-01-07T09:08:21.139135+0800 INFO 步骤12 执行成功
2025-01-07T09:08:21.139135+0800 INFO 
2025-01-07T09:08:21.139135+0800 INFO -----------------------------
2025-01-07T09:08:21.154818+0800 INFO 步骤13 读取光伏逆变器通信异常事件,判断是否有事件发生、事件记录号是否为0、事件发生时间是否正确,判断事件个数是否为1
2025-01-07T09:08:21.154818+0800 INFO -----------------------------
2025-01-07T09:08:21.164221+0800 INFO 发送至安全服务的明文APDU：05030b30960200090102002022020000201e020000

2025-01-07T09:08:21.265981+0800 INFO 安全服务返回的密文APDU：100120AE0485CFCD61FC29288A50C4C59137EC25F658995FCD35B346025316F8AAB15400811C3310020024043E5EC7F2

2025-01-07T09:08:21.265981+0800 INFO 发送至被测设备的下行报文：683f004305030201052420a01a04100120ae0485cfcd61fc29288a50c4c59137ec25f658995fcd35b346025316f8aab15400811c3310020024043e5ec7f207f616

2025-01-07T09:08:21.889583+0800 INFO 安全传输执行结果：{'ProtocolData': '684900C305030201052420A0706B9001302FC7300FDA504EB7FED7244D8F2B0B039966DCAE23ECF8246CED59681C5C4935144819543896D83503CC1C4FB3F01A70010004C543DC09674D16'}
2025-01-07T09:08:21.897115+0800 INFO 接收到被测设备的上行报文：684900C305030201052420A0706B9001302FC7300FDA504EB7FED7244D8F2B0B039966DCAE23ECF8246CED59681C5C4935144819543896D83503CC1C4FB3F01A70010004C543DC09674D16

2025-01-07T09:08:21.897115+0800 INFO 安全传输接收的数据：684900C305030201052420A0706B9001302FC7300FDA504EB7FED7244D8F2B0B039966DCAE23ECF8246CED59681C5C4935144819543896D83503CC1C4FB3F01A70010004C543DC09674D16
2025-01-07T09:08:21.897115+0800 INFO 发送至安全服务的密文APDU：9001302FC7300FDA504EB7FED7244D8F2B0B039966DCAE23ECF8246CED59681C5C4935144819543896D83503CC1C4FB3F01A70010004C543DC09

2025-01-07T09:08:21.997782+0800 INFO 安全服务返回的明文APDU：85030B3096020002002022020000201E0200010106000000001C07E901070C05000000

2025-01-07T09:08:21.997782+0800 INFO common_stop结果(0, '85030B3096020002002022020000201E0200010106000000001C07E901070C05000000', '安全传输成功')
2025-01-07T09:08:21.997782+0800 INFO 发送至安全服务的明文APDU：05010c3096040000

2025-01-07T09:08:22.149343+0800 INFO 安全服务返回的密文APDU：100110319E6F4155371D8C17F4A388950FEA9A00811C331002001404CE29DE43

2025-01-07T09:08:22.149343+0800 INFO 发送至被测设备的下行报文：682f004305030201052420a05f75100110319e6f4155371d8c17f4a388950fea9a00811c331002001404ce29de43020716

2025-01-07T09:08:22.682526+0800 INFO 安全传输执行结果：{'ProtocolData': '682900C305030201052420A0FF44900110FAD940DC625EE7995ACB85D4B393DF5701000450152048F7CE16'}
2025-01-07T09:08:22.685579+0800 INFO 接收到被测设备的上行报文：682900C305030201052420A0FF44900110FAD940DC625EE7995ACB85D4B393DF5701000450152048F7CE16

2025-01-07T09:08:22.685579+0800 INFO 安全传输接收的数据：682900C305030201052420A0FF44900110FAD940DC625EE7995ACB85D4B393DF5701000450152048F7CE16
2025-01-07T09:08:22.693595+0800 INFO 发送至安全服务的密文APDU：900110FAD940DC625EE7995ACB85D4B393DF5701000450152048

2025-01-07T09:08:22.805805+0800 INFO 安全服务返回的明文APDU：85010C30960400011200010000

2025-01-07T09:08:22.805805+0800 INFO common_stop结果(0, '85010C30960400011200010000', '安全传输成功')
2025-01-07T09:08:22.805805+0800 INFO 存在事件记录
2025-01-07T09:08:22.805805+0800 INFO 事件序列号检查 实际值:0 正确值:0 判断 合格
2025-01-07T09:08:22.821435+0800 INFO 事件发生时间差(秒)检查 实际值:300.0 取值范围:(0,360] 判断 合格
2025-01-07T09:08:22.821435+0800 INFO 事件记录条数检查 实际值:1 正确值:1 判断 合格
2025-01-07T09:08:22.825498+0800 INFO 步骤13 执行成功
2025-01-07T09:08:22.827024+0800 INFO 
2025-01-07T09:08:22.827024+0800 INFO -----------------------------
2025-01-07T09:08:22.827024+0800 INFO 步骤14 设置光伏逆变器通信异常事件有效标志为无效
2025-01-07T09:08:22.827024+0800 INFO -----------------------------
2025-01-07T09:08:22.827024+0800 INFO 发送至安全服务的明文APDU：06010d30960900030100

2025-01-07T09:08:22.945630+0800 INFO 安全服务返回的密文APDU：10011071B9C7F38156076AEEA2A3659BDFFF1A00811C3310020014043D422350

2025-01-07T09:08:22.945630+0800 INFO 发送至被测设备的下行报文：682f004305030201052420a05f7510011071b9c7f38156076aeea2a3659bdfff1a00811c3310020014043d42235019f816

2025-01-07T09:08:23.464100+0800 INFO 安全传输执行结果：{'ProtocolData': '682900C305030201052420A0FF449001104697D921BCD9B816F12FFB66E08A1F64010004D928E5ABB49F16'}
2025-01-07T09:08:23.475129+0800 INFO 接收到被测设备的上行报文：682900C305030201052420A0FF449001104697D921BCD9B816F12FFB66E08A1F64010004D928E5ABB49F16

2025-01-07T09:08:23.482040+0800 INFO 安全传输接收的数据：682900C305030201052420A0FF449001104697D921BCD9B816F12FFB66E08A1F64010004D928E5ABB49F16
2025-01-07T09:08:23.485618+0800 INFO 发送至安全服务的密文APDU：9001104697D921BCD9B816F12FFB66E08A1F64010004D928E5AB

2025-01-07T09:08:23.613955+0800 INFO 安全服务返回的明文APDU：86010D30960900000000

2025-01-07T09:08:23.633222+0800 INFO common_stop结果(0, '86010D30960900000000', '安全传输成功')
2025-01-07T09:08:23.740946+0800 INFO 步骤14 执行成功
2025-01-07T09:08:23.740946+0800 INFO 
2025-01-07T09:08:23.752994+0800 INFO =============================
2025-01-07T09:08:23.752994+0800 INFO 下行链路监测试验完成 耗时442.46 秒
2025-01-07T09:08:23.752994+0800 INFO 成功步数:14 失败步数：0
2025-01-07T09:08:23.752994+0800 INFO 测试结论: 合格
2025-01-07T09:08:23.765063+0800 INFO 执行结果: 测试结论: 合格
2025-01-07T09:08:23.765063+0800 INFO 执行时间: 442.46秒
2025-01-07T09:08:23.765063+0800 INFO 表位 3 完成执行测试用例: 下行链路监测试验
