2025-01-07T14:47:22.836781+0800 INFO 表位 3 执行跟随上报...
2025-01-07T14:47:32.849855+0800 INFO 用例:事件记录及上报试验:参数变更事件(跟随上报)
2025-01-07T14:47:32.849855+0800 INFO 开始切换485通讯方式
2025-01-07T14:47:32.966683+0800 INFO 切换485通讯方式结束
2025-01-07T14:47:32.966683+0800 INFO 开始切换标准逆变器服务
2025-01-07T14:47:33.086894+0800 INFO 切换标准逆变器成功
2025-01-07T14:47:33.090943+0800 INFO 测试事件：参数变更事件
2025-01-07T14:47:33.090943+0800 INFO 【用例执行前序准备阶段】步骤0：获取表位配置
2025-01-07T14:47:33.090943+0800 INFO 【用例执行前序准备阶段】步骤1：读取通信地址（40010200）
2025-01-07T14:47:33.090943+0800 INFO 发送至被测设备的下行报文：6817004305030201052420a03a5a0501014001020000c60716

2025-01-07T14:47:33.510412+0800 INFO 执行结果：<mode.bean.DuringResult object at 0x0000022422567850>
2025-01-07T14:47:33.510412+0800 INFO 接收的数据：682100C305030201052420A055F88501014001020001090620240501020300009EDA16
2025-01-07T14:47:33.526095+0800 INFO 接收到被测设备的上行报文：682100C305030201052420A055F88501014001020001090620240501020300009EDA16

2025-01-07T14:47:33.529182+0800 INFO 【用例执行前序准备阶段】步骤1：读取通信地址（40010200）,读取通信地址成功

2025-01-07T14:47:33.529182+0800 INFO 通信地址:202405010203

2025-01-07T14:47:33.540395+0800 INFO 【用例执行前序准备阶段】步骤2：读取表号（40020200）
2025-01-07T14:47:33.540419+0800 INFO 发送至被测设备的下行报文：6817004305030201052420a03a5a05010140020200000b2216

2025-01-07T14:47:33.951101+0800 INFO 执行结果：<mode.bean.DuringResult object at 0x00000224213A6CD0>
2025-01-07T14:47:33.951101+0800 INFO 接收的数据：682100C305030201052420A055F885010140020200010906FFFFFFFFFFFF0000A95D16
2025-01-07T14:47:33.966731+0800 INFO 接收到被测设备的上行报文：682100C305030201052420A055F885010140020200010906FFFFFFFFFFFF0000A95D16

2025-01-07T14:47:33.966731+0800 INFO 【用例执行前序准备阶段】步骤2：读取表号（40020200）,读取表号成功

2025-01-07T14:47:33.966731+0800 INFO 表号:0000FFFFFFFFFFFF

2025-01-07T14:47:33.966731+0800 INFO 【用例执行前序准备阶段】步骤3：读取ESAM序列号（F1000200）
2025-01-07T14:47:33.982406+0800 INFO 发送至被测设备的下行报文：6817004305030201052420a03a5a050101f100020000bd4e16

2025-01-07T14:47:34.394697+0800 INFO 执行结果：<mode.bean.DuringResult object at 0x00000224201E1490>
2025-01-07T14:47:34.398359+0800 INFO 接收的数据：682300C305030201052420A07753850101F10002000109086F0100000003CDD9000017A616
2025-01-07T14:47:34.406091+0800 INFO 接收到被测设备的上行报文：682300C305030201052420A07753850101F10002000109086F0100000003CDD9000017A616

2025-01-07T14:47:34.406091+0800 INFO 【用例执行前序准备阶段】步骤3：读取ESAM序列号（F1000200）,读取ESAM序列号成功

2025-01-07T14:47:34.406091+0800 INFO ESAM序列号:6F0100000003CDD9

2025-01-07T14:47:34.406091+0800 INFO 【用例执行前序准备阶段】步骤4：读取对称密钥版本（F1000400）
2025-01-07T14:47:34.423390+0800 INFO 发送至被测设备的下行报文：6817004305030201052420a03a5a050101f100040000649816

2025-01-07T14:47:34.831107+0800 INFO 执行结果：<mode.bean.DuringResult object at 0x0000022421375110>
2025-01-07T14:47:34.831107+0800 INFO 接收的数据：682B00C305030201052420A0DDEF850101F1000400010910000000000000000000000000000000000000F99B16
2025-01-07T14:47:34.846793+0800 INFO 接收到被测设备的上行报文：682B00C305030201052420A0DDEF850101F1000400010910000000000000000000000000000000000000F99B16

2025-01-07T14:47:34.848873+0800 INFO 【用例执行前序准备阶段】步骤4：读取对称密钥版本（F1000400）,读取对称密钥版本成功

2025-01-07T14:47:34.852120+0800 INFO 对称密钥版本:00000000000000000000

2025-01-07T14:47:34.852120+0800 INFO 【用例执行前序准备阶段】步骤5：读取计数器（F1000700）
2025-01-07T14:47:34.852120+0800 INFO 发送至被测设备的下行报文：6817004305030201052420a03a5a050101f100070000007716

2025-01-07T14:47:35.264961+0800 INFO 执行结果：<mode.bean.DuringResult object at 0x00000224201EB410>
2025-01-07T14:47:35.264961+0800 INFO 接收的数据：682A00C305030201052420A04CBA850101F100070001020306000000B2060000000006000000000000C5D916
2025-01-07T14:47:35.280646+0800 INFO 接收到被测设备的上行报文：682A00C305030201052420A04CBA850101F100070001020306000000B2060000000006000000000000C5D916

2025-01-07T14:47:35.280646+0800 INFO 【用例执行前序准备阶段】步骤5：读取计数器（F1000700）,读取计数器成功

2025-01-07T14:47:35.280646+0800 INFO 计数器:000000b3

2025-01-07T14:47:35.280646+0800 INFO 【用例执行前序准备阶段】步骤6：读取安全模式参数（F1010200）
2025-01-07T14:47:35.296780+0800 INFO 发送至被测设备的下行报文：6817004305030201052420a03a5a050101f101020000065216

2025-01-07T14:47:35.710786+0800 INFO 执行结果：<mode.bean.DuringResult object at 0x00000224225BE310>
2025-01-07T14:47:35.719311+0800 INFO 接收的数据：681B00C305030201052420A0127C850101F101020001160100007CF616
2025-01-07T14:47:35.719311+0800 INFO 接收到被测设备的上行报文：681B00C305030201052420A0127C850101F101020001160100007CF616

2025-01-07T14:47:35.719311+0800 INFO 【用例执行前序准备阶段】步骤6：读取安全模式参数（F1010200）,读取安全模式参数成功

2025-01-07T14:47:35.719311+0800 INFO 安全模式参数:01

2025-01-07T14:47:35.734938+0800 INFO 【用例执行前序准备阶段】步骤7：与加密机主站会话协商
2025-01-07T14:47:35.835556+0800 INFO 建立应用连接开始
2025-01-07T14:47:35.835556+0800 INFO 【用例执行前序准备阶段】步骤8：建立应用连接
2025-01-07T14:47:35.835556+0800 INFO 发送至被测设备的下行报文：685e004305030201052420a0047e02000010ffffffffffffffffffffffffffffffffffffffffffffffff020002000107d0000151800220cb0daf5a740dfd15c6c9b5b9b446ea81074185694eebd7dedc85aabd7d559dbd04747732fa007fba16

2025-01-07T14:47:36.771423+0800 INFO 执行结果：<mode.bean.DuringResult object at 0x0000022421366CD0>
2025-01-07T14:47:36.775433+0800 INFO 接收的数据：689000C305030201052420A010AC820000000000000000000000000000000000000000000000000000000000000000000016FFFFFFFFC0000000FFFEC400000000000000000000000000080008000107D00000070800013089908C9A08E56BB36B186D070F28F27BF166004D0A18CF6F4C5E0DAFB64A189728827256D857E6303D435D550F72F02B04D905CD79000039A716
2025-01-07T14:47:36.779962+0800 INFO 接收到被测设备的上行报文：689000C305030201052420A010AC820000000000000000000000000000000000000000000000000000000000000000000016FFFFFFFFC0000000FFFEC400000000000000000000000000080008000107D00000070800013089908C9A08E56BB36B186D070F28F27BF166004D0A18CF6F4C5E0DAFB64A189728827256D857E6303D435D550F72F02B04D905CD79000039A716

2025-01-07T14:47:36.779962+0800 INFO 【用例执行前序准备阶段】步骤8：建立应用连接,应用连接请求成功
2025-01-07T14:47:36.779962+0800 INFO 【用例执行前序准备阶段】步骤9：加密机协商验证
2025-01-07T14:47:36.872280+0800 INFO 【用例执行前序准备阶段】步骤9：加密机协商验证,密钥协商成功

2025-01-07T14:47:36.879847+0800 INFO 安全模式已启用，无需设置

2025-01-07T14:47:36.880850+0800 INFO 密钥协商成功
2025-01-07T14:47:36.880850+0800 INFO 建立应用连接成功
2025-01-07T14:47:36.880850+0800 INFO 执行:用例执行前校时
2025-01-07T14:47:36.880850+0800 INFO 执行:设置时钟:2025-01-07 14:47:36.880850
2025-01-07T14:47:36.880850+0800 INFO Send:060137400002001C07E901070E2F2400
2025-01-07T14:47:36.880850+0800 INFO 发送至安全服务的明文APDU：060137400002001C07E901070E2F2400

2025-01-07T14:47:37.018072+0800 INFO 安全服务返回的密文APDU：1001203EFE2FEAE877AC366223CF79786E1D1BE33A738F406716A183A6BBA009938DA900811C331002002404B5562621

2025-01-07T14:47:37.023136+0800 INFO 发送至被测设备的下行报文：683f004305030201052420a01a041001203efe2feae877ac366223cf79786e1d1be33a738f406716a183a6bba009938da900811c331002002404b5562621f36116

2025-01-07T14:47:37.637581+0800 INFO 安全传输执行结果：{'ProtocolData': '682900C305030201052420A0FF44900110BD438165DB2D46099400ECAFFD171B73010004DA24EC696C9516'}
2025-01-07T14:47:37.637581+0800 INFO 接收到被测设备的上行报文：682900C305030201052420A0FF44900110BD438165DB2D46099400ECAFFD171B73010004DA24EC696C9516

2025-01-07T14:47:37.653212+0800 INFO 安全传输接收的数据：682900C305030201052420A0FF44900110BD438165DB2D46099400ECAFFD171B73010004DA24EC696C9516
2025-01-07T14:47:37.653212+0800 INFO 发送至安全服务的密文APDU：900110BD438165DB2D46099400ECAFFD171B73010004DA24EC69

2025-01-07T14:47:37.754344+0800 INFO 安全服务返回的明文APDU：86013740000200000000

2025-01-07T14:47:37.754344+0800 INFO Recv:86013740000200000000
2025-01-07T14:47:37.769965+0800 INFO 执行:设置时钟完成
2025-01-07T14:47:37.769965+0800 INFO 执行：开始测试485通信方式
2025-01-07T14:47:37.778475+0800 INFO 设置允许跟随上报
2025-01-07T14:47:37.781502+0800 INFO Send:0601384300070003010107E901070E2F250000FF
2025-01-07T14:47:37.781502+0800 INFO 发送至安全服务的明文APDU：0601384300070003010107E901070E2F250000FF

2025-01-07T14:47:37.907296+0800 INFO 安全服务返回的密文APDU：1001208EE4F05B68DE0F991A7E64F4DC2A485A7306315455F69CC2A0CE309D6160AEE300811C33100200240439AE4538

2025-01-07T14:47:37.907296+0800 INFO 发送至被测设备的下行报文：683f004305030201052420a01a041001208ee4f05b68de0f991a7e64f4dc2a485a7306315455f69cc2a0ce309d6160aee300811c33100200240439ae4538ba4316

2025-01-07T14:47:38.538070+0800 INFO 安全传输执行结果：{'ProtocolData': '683900C305030201052420A0BA359001204AC39A13F92810F812E6259EDF765BBC4A99386E6CDBC4BB6B070A55B70FADB3010004A55549EC893516'}
2025-01-07T14:47:38.538070+0800 INFO 接收到被测设备的上行报文：683900C305030201052420A0BA359001204AC39A13F92810F812E6259EDF765BBC4A99386E6CDBC4BB6B070A55B70FADB3010004A55549EC893516

2025-01-07T14:47:38.547097+0800 INFO 安全传输接收的数据：683900C305030201052420A0BA359001204AC39A13F92810F812E6259EDF765BBC4A99386E6CDBC4BB6B070A55B70FADB3010004A55549EC893516
2025-01-07T14:47:38.547097+0800 INFO 发送至安全服务的密文APDU：9001204AC39A13F92810F812E6259EDF765BBC4A99386E6CDBC4BB6B070A55B70FADB3010004A55549EC

2025-01-07T14:47:38.663972+0800 INFO 安全服务返回的明文APDU：8601384300070000000107E901070E2F250000FF

2025-01-07T14:47:38.663972+0800 INFO Recv:8601384300070000000107E901070E2F250000FF
2025-01-07T14:47:38.663972+0800 INFO 设置允许跟随上报完成
2025-01-07T14:47:38.679592+0800 INFO 执行：开始跟随上报完成
2025-01-07T14:47:38.679592+0800 INFO 执行:设置事件初始化
2025-01-07T14:47:38.689121+0800 INFO Send:07013943000500000107E901070E2F260000FF
2025-01-07T14:47:38.689121+0800 INFO 发送至安全服务的明文APDU：07013943000500000107E901070E2F260000FF

2025-01-07T14:47:38.813197+0800 INFO 安全服务返回的密文APDU：100120847DB41DF3D602371522057BEFBEA315D01336963EE1778C963916204A192E5F00811C3310020024049A725AEC

2025-01-07T14:47:38.813197+0800 INFO 发送至被测设备的下行报文：683f004305030201052420a01a04100120847db41df3d602371522057befbea315d01336963ee1778c963916204a192e5f00811c3310020024049a725aec0e8f16

2025-01-07T14:47:39.443004+0800 INFO 安全传输执行结果：{'ProtocolData': '682900C305030201052420A0FF449001101B0385B22558D703444A6A695D2B17E3010004A5C97D06F04716'}
2025-01-07T14:47:39.446991+0800 INFO 接收到被测设备的上行报文：682900C305030201052420A0FF449001101B0385B22558D703444A6A695D2B17E3010004A5C97D06F04716

2025-01-07T14:47:39.452278+0800 INFO 安全传输接收的数据：682900C305030201052420A0FF449001101B0385B22558D703444A6A695D2B17E3010004A5C97D06F04716
2025-01-07T14:47:39.457315+0800 INFO 发送至安全服务的密文APDU：9001101B0385B22558D703444A6A695D2B17E3010004A5C97D06

2025-01-07T14:47:39.597764+0800 INFO 安全服务返回的明文APDU：8701394300050000000000

2025-01-07T14:47:39.599277+0800 INFO Recv:8701394300050000000000
2025-01-07T14:47:39.599277+0800 INFO 执行:设置事件初始化结束
2025-01-07T14:47:39.609338+0800 INFO 等待30s
2025-01-07T14:48:09.613541+0800 INFO 执行:设置事件有效标志
2025-01-07T14:48:09.613541+0800 INFO Send:06013A311E0900030100
2025-01-07T14:48:09.629197+0800 INFO 发送至安全服务的明文APDU：06013A311E0900030100

2025-01-07T14:48:09.769245+0800 INFO 安全服务返回的密文APDU：100110F74ED7FF12B5B35BB31101B4F04FD2A000811C33100200140404D478AA

2025-01-07T14:48:09.782275+0800 INFO 发送至被测设备的下行报文：682f004305030201052420a05f75100110f74ed7ff12b5b35bb31101b4f04fd2a000811c33100200140404d478aa70a916

2025-01-07T14:48:10.296626+0800 INFO 安全传输执行结果：{'ProtocolData': '682900C305030201052420A0FF44900110EBEAFD49F91D839B86F71EC4262789FB010004DE771A56AC2216'}
2025-01-07T14:48:10.296626+0800 INFO 接收到被测设备的上行报文：682900C305030201052420A0FF44900110EBEAFD49F91D839B86F71EC4262789FB010004DE771A56AC2216

2025-01-07T14:48:10.312255+0800 INFO 安全传输接收的数据：682900C305030201052420A0FF44900110EBEAFD49F91D839B86F71EC4262789FB010004DE771A56AC2216
2025-01-07T14:48:10.312255+0800 INFO 发送至安全服务的密文APDU：900110EBEAFD49F91D839B86F71EC4262789FB010004DE771A56

2025-01-07T14:48:10.473105+0800 INFO 安全服务返回的明文APDU：86013A311E0900000000

2025-01-07T14:48:10.477047+0800 INFO Recv:86013A311E0900000000
2025-01-07T14:48:10.479040+0800 INFO 执行:设置事件有效标志完成
2025-01-07T14:48:10.481033+0800 INFO 执行:设置事件上报标识
2025-01-07T14:48:10.483027+0800 INFO Send:06013B311E0800160300
2025-01-07T14:48:10.486017+0800 INFO 发送至安全服务的明文APDU：06013B311E0800160300

2025-01-07T14:48:10.715147+0800 INFO 安全服务返回的密文APDU：100110D90AA49C360FED14E5000BD8266D320300811C331002001404AE0B37D6

2025-01-07T14:48:10.730826+0800 INFO 发送至被测设备的下行报文：682f004305030201052420a05f75100110d90aa49c360fed14e5000bd8266d320300811c331002001404ae0b37d6b68916

2025-01-07T14:48:11.241150+0800 INFO 安全传输执行结果：{'ProtocolData': '682900C305030201052420A0FF449001107F0B4F9CBCA634FAB61F717665CC63240100049351B9994FD616'}
2025-01-07T14:48:11.253188+0800 INFO 接收到被测设备的上行报文：682900C305030201052420A0FF449001107F0B4F9CBCA634FAB61F717665CC63240100049351B9994FD616

2025-01-07T14:48:11.256000+0800 INFO 安全传输接收的数据：682900C305030201052420A0FF449001107F0B4F9CBCA634FAB61F717665CC63240100049351B9994FD616
2025-01-07T14:48:11.256000+0800 INFO 发送至安全服务的密文APDU：9001107F0B4F9CBCA634FAB61F717665CC63240100049351B999

2025-01-07T14:48:11.490104+0800 INFO 安全服务返回的明文APDU：86013B311E0800000000

2025-01-07T14:48:11.490104+0800 INFO Recv:86013B311E0800000000
2025-01-07T14:48:11.508192+0800 INFO 执行:设置事件上报标识完成
2025-01-07T14:48:11.508192+0800 INFO 执行:设置事件上报方式为跟随上报
2025-01-07T14:48:11.508192+0800 INFO Send:06013C311E0B00160100
2025-01-07T14:48:11.508192+0800 INFO 发送至安全服务的明文APDU：06013C311E0B00160100

2025-01-07T14:48:11.777462+0800 INFO 安全服务返回的密文APDU：10011077334F32A87B96C0CE3BEA1E57EC50FF00811C331002001404D8007A3B

2025-01-07T14:48:11.793091+0800 INFO 发送至被测设备的下行报文：682f004305030201052420a05f7510011077334f32a87b96c0ce3bea1e57ec50ff00811c331002001404d8007a3bc01f16

2025-01-07T14:48:12.316309+0800 INFO 安全传输执行结果：{'ProtocolData': '682900C305030201052420A0FF4490011049AACD1E62EB29B2B54777C15EF837A7010004536D2FC2CC2516'}
2025-01-07T14:48:12.316309+0800 INFO 接收到被测设备的上行报文：682900C305030201052420A0FF4490011049AACD1E62EB29B2B54777C15EF837A7010004536D2FC2CC2516

2025-01-07T14:48:12.316309+0800 INFO 安全传输接收的数据：682900C305030201052420A0FF4490011049AACD1E62EB29B2B54777C15EF837A7010004536D2FC2CC2516
2025-01-07T14:48:12.331937+0800 INFO 发送至安全服务的密文APDU：90011049AACD1E62EB29B2B54777C15EF837A7010004536D2FC2

2025-01-07T14:48:12.489677+0800 INFO 安全服务返回的明文APDU：86013C311E0B00000000

2025-01-07T14:48:12.489677+0800 INFO Recv:86013C311E0B00000000
2025-01-07T14:48:12.489677+0800 INFO 执行:设置事件上报方式为跟随上报完成
2025-01-07T14:48:12.505301+0800 INFO 执行:设置事件初始化
2025-01-07T14:48:12.505301+0800 INFO Send:07013D43000500000107E901070E300C0000FF
2025-01-07T14:48:12.505301+0800 INFO 发送至安全服务的明文APDU：07013D43000500000107E901070E300C0000FF

2025-01-07T14:48:12.626344+0800 INFO 安全服务返回的密文APDU：10012001BF519A705BF7FC57A4EE573017950936A59DBED582E4C9227C964DF79502CA00811C331002002404F2AB7964

2025-01-07T14:48:12.641975+0800 INFO 发送至被测设备的下行报文：683f004305030201052420a01a0410012001bf519a705bf7fc57a4ee573017950936a59dbed582e4c9227c964df79502ca00811c331002002404f2ab7964639416

2025-01-07T14:48:13.251905+0800 INFO 安全传输执行结果：{'ProtocolData': '682900C305030201052420A0FF4490011033FC50AC710DA503A7A0183D88C7635F01000496166A98592116'}
2025-01-07T14:48:13.251905+0800 INFO 接收到被测设备的上行报文：682900C305030201052420A0FF4490011033FC50AC710DA503A7A0183D88C7635F01000496166A98592116

2025-01-07T14:48:13.267593+0800 INFO 安全传输接收的数据：682900C305030201052420A0FF4490011033FC50AC710DA503A7A0183D88C7635F01000496166A98592116
2025-01-07T14:48:13.267593+0800 INFO 发送至安全服务的密文APDU：90011033FC50AC710DA503A7A0183D88C7635F01000496166A98

2025-01-07T14:48:13.384466+0800 INFO 安全服务返回的明文APDU：87013D4300050000000000

2025-01-07T14:48:13.384466+0800 INFO Recv:87013D4300050000000000
2025-01-07T14:48:13.400098+0800 INFO 执行:设置事件初始化结束
2025-01-07T14:48:13.400098+0800 INFO 等待30s
2025-01-07T14:48:43.409656+0800 INFO 设置被测样机资产管理编码
2025-01-07T14:48:43.418165+0800 INFO Send:06013E410302000A20313233343536373831323334353637383132333435363738313233343536373800
2025-01-07T14:48:43.418165+0800 INFO 发送至安全服务的明文APDU：06013E410302000A20313233343536373831323334353637383132333435363738313233343536373800

2025-01-07T14:48:43.568801+0800 INFO 安全服务返回的密文APDU：1001302ADE822827C912C330784C461BEE2BF950CFB88683B51F3E656B3816629E517FF9CEBAB6D545DEB3366D302DC0389E5500811C331002003404854394E3

2025-01-07T14:48:43.568801+0800 INFO 发送至被测设备的下行报文：684f004305030201052420a0d05a1001302ade822827c912c330784c461bee2bf950cfb88683b51f3e656b3816629e517ff9cebab6d545deb3366d302dc0389e5500811c331002003404854394e3ea1816

2025-01-07T14:48:44.208896+0800 INFO 安全传输执行结果：{'ProtocolData': '683900C305030201052420A0BA35900120BBCFEE1152D49412723A9C18899B4248EE8D79BBB8AFC684F077EF527424BB8A0100048780B95480F016'}
2025-01-07T14:48:44.209444+0800 INFO 接收到被测设备的上行报文：683900C305030201052420A0BA35900120BBCFEE1152D49412723A9C18899B4248EE8D79BBB8AFC684F077EF527424BB8A0100048780B95480F016

2025-01-07T14:48:44.213455+0800 INFO 安全传输接收的数据：683900C305030201052420A0BA35900120BBCFEE1152D49412723A9C18899B4248EE8D79BBB8AFC684F077EF527424BB8A0100048780B95480F016
2025-01-07T14:48:44.213455+0800 INFO 发送至安全服务的密文APDU：900120BBCFEE1152D49412723A9C18899B4248EE8D79BBB8AFC684F077EF527424BB8A0100048780B954

2025-01-07T14:48:44.314212+0800 INFO 安全服务返回的明文APDU：86013E41030200000101013320020001010151311E020000

2025-01-07T14:48:44.314212+0800 INFO Recv:86013E41030200000101013320020001010151311E020000
2025-01-07T14:48:44.314212+0800 INFO 设置资产编号时间记录:2025-01-07 14:48:44
2025-01-07T14:48:44.314212+0800 INFO 开始在120秒内抄读电压等待跟随上报
2025-01-07T14:48:47.332083+0800 INFO 读取交流电压采样数据,等待跟随上报...
2025-01-07T14:48:47.341099+0800 INFO Send:0501002000020000
2025-01-07T14:48:47.341099+0800 INFO 发送至安全服务的明文APDU：0501002000020000

2025-01-07T14:48:47.432474+0800 INFO 安全服务返回的密文APDU：100110005039F5CEAF6BE5C9A74D01F40274A300811C331002001404085DB2B9

2025-01-07T14:48:47.441498+0800 INFO 发送至被测设备的下行报文：682f004305030201052420a05f75100110005039f5ceaf6be5c9a74d01f40274a300811c331002001404085db2b95fc416

2025-01-07T14:48:47.958658+0800 INFO 安全传输执行结果：{'ProtocolData': '684900C305030201052420A0706B900130A08772BC0AAA8E457462D6B9C3B7D0C50D1F59C825FBEC5C54EA3956AE72CB520BD118AB58FD12FD58664278BEF1A08C010004BC32A4D77E8516'}
2025-01-07T14:48:47.962698+0800 INFO 接收到被测设备的上行报文：684900C305030201052420A0706B900130A08772BC0AAA8E457462D6B9C3B7D0C50D1F59C825FBEC5C54EA3956AE72CB520BD118AB58FD12FD58664278BEF1A08C010004BC32A4D77E8516

2025-01-07T14:48:47.962698+0800 INFO 安全传输接收的数据：684900C305030201052420A0706B900130A08772BC0AAA8E457462D6B9C3B7D0C50D1F59C825FBEC5C54EA3956AE72CB520BD118AB58FD12FD58664278BEF1A08C010004BC32A4D77E8516
2025-01-07T14:48:47.971201+0800 INFO 发送至安全服务的密文APDU：900130A08772BC0AAA8E457462D6B9C3B7D0C50D1F59C825FBEC5C54EA3956AE72CB520BD118AB58FD12FD58664278BEF1A08C010004BC32A4D7

2025-01-07T14:48:48.087903+0800 INFO 安全服务返回的明文APDU：850100200002000101031208981200001200000101013320020001010151311E020000

2025-01-07T14:48:48.097428+0800 INFO Recv:850100200002000101031208981200001200000101013320020001010151311E020000
2025-01-07T14:48:48.097428+0800 INFO 发现跟随上报信息域
2025-01-07T14:48:48.097428+0800 INFO 311E0200产生跟随事件上报
2025-01-07T14:48:48.113464+0800 INFO 执行：读取事件个数
2025-01-07T14:48:48.113464+0800 INFO Send:050101311E040000
2025-01-07T14:48:48.113464+0800 INFO 发送至安全服务的明文APDU：050101311E040000

2025-01-07T14:48:48.222847+0800 INFO 安全服务返回的密文APDU：1001102E84D0E3FFCF0CB961D4D120B8DAAEC000811C3310020014040DBE5D73

2025-01-07T14:48:48.222847+0800 INFO 发送至被测设备的下行报文：682f004305030201052420a05f751001102e84d0e3ffcf0cb961d4d120b8daaec000811c3310020014040dbe5d73784f16

2025-01-07T14:48:48.750979+0800 INFO 安全传输执行结果：{'ProtocolData': '683900C305030201052420A0BA35900120BF6498FD2D9DBCA44931F170DB8361E3527025C7D6004056C694FDC34AB8A766010004821E402492B716'}
2025-01-07T14:48:48.751993+0800 INFO 接收到被测设备的上行报文：683900C305030201052420A0BA35900120BF6498FD2D9DBCA44931F170DB8361E3527025C7D6004056C694FDC34AB8A766010004821E402492B716

2025-01-07T14:48:48.751993+0800 INFO 安全传输接收的数据：683900C305030201052420A0BA35900120BF6498FD2D9DBCA44931F170DB8361E3527025C7D6004056C694FDC34AB8A766010004821E402492B716
2025-01-07T14:48:48.762590+0800 INFO 发送至安全服务的密文APDU：900120BF6498FD2D9DBCA44931F170DB8361E3527025C7D6004056C694FDC34AB8A766010004821E4024

2025-01-07T14:48:48.878969+0800 INFO 安全服务返回的明文APDU：850101311E0400011200010101013320020001010151311E020000

2025-01-07T14:48:48.878969+0800 INFO Recv:850101311E0400011200010101013320020001010151311E020000
2025-01-07T14:48:48.895117+0800 INFO 311E0400事件个数:1
2025-01-07T14:48:48.895117+0800 INFO 执行：读取事件个数结束
2025-01-07T14:48:48.903124+0800 INFO 执行：读取事件内容
2025-01-07T14:48:48.903124+0800 INFO Send:050302311E020009010300201E02000020200200002022020000
2025-01-07T14:48:48.903124+0800 INFO 发送至安全服务的明文APDU：050302311E020009010300201E02000020200200002022020000

2025-01-07T14:48:49.046064+0800 INFO 安全服务返回的密文APDU：1001201ED17E34C5CD5FCC17E07E37390F7E257920B2DFACF1ED042F8D53D29FB283DA00811C331002002404E28A67BA

2025-01-07T14:48:49.046064+0800 INFO 发送至被测设备的下行报文：683f004305030201052420a01a041001201ed17e34c5cd5fcc17e07e37390f7e257920b2dfacf1ed042f8d53d29fb283da00811c331002002404e28a67bade1a16

2025-01-07T14:48:49.665888+0800 INFO 安全传输执行结果：{'ProtocolData': '685900C305030201052420A0351A9001401D08AB4A424DA5631023FA43F05F774382AC9F60311B327A775928335A93A04EA28ADF9CC99400F296EF11641CBD49E742CC5911E7AD5D1AE89F6CAED18B5C2E010004DF79BE882FE716'}
2025-01-07T14:48:49.665888+0800 INFO 接收到被测设备的上行报文：685900C305030201052420A0351A9001401D08AB4A424DA5631023FA43F05F774382AC9F60311B327A775928335A93A04EA28ADF9CC99400F296EF11641CBD49E742CC5911E7AD5D1AE89F6CAED18B5C2E010004DF79BE882FE716

2025-01-07T14:48:49.679270+0800 INFO 安全传输接收的数据：685900C305030201052420A0351A9001401D08AB4A424DA5631023FA43F05F774382AC9F60311B327A775928335A93A04EA28ADF9CC99400F296EF11641CBD49E742CC5911E7AD5D1AE89F6CAED18B5C2E010004DF79BE882FE716
2025-01-07T14:48:49.679851+0800 INFO 发送至安全服务的密文APDU：9001401D08AB4A424DA5631023FA43F05F774382AC9F60311B327A775928335A93A04EA28ADF9CC99400F296EF11641CBD49E742CC5911E7AD5D1AE89F6CAED18B5C2E010004DF79BE88

2025-01-07T14:48:49.787303+0800 INFO 安全服务返回的明文APDU：850302311E02000300201E02000020200200002022020001011C07E901070E302A1C07E901070E302A06000000000000

2025-01-07T14:48:49.787303+0800 INFO Recv:850302311E02000300201E02000020200200002022020001011C07E901070E302A1C07E901070E302A06000000000000
2025-01-07T14:48:49.787303+0800 INFO 事件记录号:0,事件发生时间:2025-01-07 14:48:42,事件结束时间:2025-01-07 14:48:42
2025-01-07T14:48:49.787303+0800 INFO 执行：验证事件内容结束
2025-01-07T14:48:49.787303+0800 INFO 测试事件：参数变更事件完成
2025-01-07T14:48:49.803451+0800 INFO 用例:事件记录及上报:参数变更事件通过(跟随上报)
2025-01-07T14:48:49.804966+0800 INFO 测试时间00天00时01分16秒
2025-01-07T14:48:49.804966+0800 INFO 用例:事件记录及上报试验:本地调控事件(跟随上报)
2025-01-07T14:48:49.810526+0800 INFO 开始切换485通讯方式
2025-01-07T14:48:49.912355+0800 INFO 切换485通讯方式结束
2025-01-07T14:48:49.912355+0800 INFO 开始切换标准逆变器服务
2025-01-07T14:48:50.032279+0800 INFO 切换标准逆变器成功
2025-01-07T14:48:50.038840+0800 INFO 测试事件：调试事件
2025-01-07T14:48:50.038840+0800 INFO 【用例执行前序准备阶段】步骤0：获取表位配置
2025-01-07T14:48:50.038840+0800 INFO 【用例执行前序准备阶段】步骤1：读取通信地址（40010200）
2025-01-07T14:48:50.038840+0800 INFO 发送至被测设备的下行报文：6817004305030201052420a03a5a0501014001020000c60716

2025-01-07T14:48:50.457168+0800 INFO 执行结果：<mode.bean.DuringResult object at 0x0000022421367BD0>
2025-01-07T14:48:50.461163+0800 INFO 接收的数据：682100C305030201052420A055F88501014001020001090620240501020300009EDA16
2025-01-07T14:48:50.466146+0800 INFO 接收到被测设备的上行报文：682100C305030201052420A055F88501014001020001090620240501020300009EDA16

2025-01-07T14:48:50.470132+0800 INFO 【用例执行前序准备阶段】步骤1：读取通信地址（40010200）,读取通信地址成功

2025-01-07T14:48:50.473851+0800 INFO 通信地址:202405010203

2025-01-07T14:48:50.477838+0800 INFO 【用例执行前序准备阶段】步骤2：读取表号（40020200）
2025-01-07T14:48:50.480828+0800 INFO 发送至被测设备的下行报文：6817004305030201052420a03a5a05010140020200000b2216

2025-01-07T14:48:50.896348+0800 INFO 执行结果：<mode.bean.DuringResult object at 0x0000022421399990>
2025-01-07T14:48:50.896348+0800 INFO 接收的数据：682100C305030201052420A055F885010140020200010906FFFFFFFFFFFF0000A95D16
2025-01-07T14:48:50.896348+0800 INFO 接收到被测设备的上行报文：682100C305030201052420A055F885010140020200010906FFFFFFFFFFFF0000A95D16

2025-01-07T14:48:50.912038+0800 INFO 【用例执行前序准备阶段】步骤2：读取表号（40020200）,读取表号成功

2025-01-07T14:48:50.914695+0800 INFO 表号:0000FFFFFFFFFFFF

2025-01-07T14:48:50.914695+0800 INFO 【用例执行前序准备阶段】步骤3：读取ESAM序列号（F1000200）
2025-01-07T14:48:50.920756+0800 INFO 发送至被测设备的下行报文：6817004305030201052420a03a5a050101f100020000bd4e16

2025-01-07T14:48:51.343489+0800 INFO 执行结果：<mode.bean.DuringResult object at 0x0000022422567C90>
2025-01-07T14:48:51.345040+0800 INFO 接收的数据：682300C305030201052420A07753850101F10002000109086F0100000003CDD9000017A616
2025-01-07T14:48:51.350546+0800 INFO 接收到被测设备的上行报文：682300C305030201052420A07753850101F10002000109086F0100000003CDD9000017A616

2025-01-07T14:48:51.350546+0800 INFO 【用例执行前序准备阶段】步骤3：读取ESAM序列号（F1000200）,读取ESAM序列号成功

2025-01-07T14:48:51.350546+0800 INFO ESAM序列号:6F0100000003CDD9

2025-01-07T14:48:51.366230+0800 INFO 【用例执行前序准备阶段】步骤4：读取对称密钥版本（F1000400）
2025-01-07T14:48:51.368895+0800 INFO 发送至被测设备的下行报文：6817004305030201052420a03a5a050101f100040000649816

2025-01-07T14:48:51.778541+0800 INFO 执行结果：<mode.bean.DuringResult object at 0x00000224213A5410>
2025-01-07T14:48:51.778541+0800 INFO 接收的数据：682B00C305030201052420A0DDEF850101F1000400010910000000000000000000000000000000000000F99B16
2025-01-07T14:48:51.794172+0800 INFO 接收到被测设备的上行报文：682B00C305030201052420A0DDEF850101F1000400010910000000000000000000000000000000000000F99B16

2025-01-07T14:48:51.797325+0800 INFO 【用例执行前序准备阶段】步骤4：读取对称密钥版本（F1000400）,读取对称密钥版本成功

2025-01-07T14:48:51.801088+0800 INFO 对称密钥版本:00000000000000000000

2025-01-07T14:48:51.803650+0800 INFO 【用例执行前序准备阶段】步骤5：读取计数器（F1000700）
2025-01-07T14:48:51.803650+0800 INFO 发送至被测设备的下行报文：6817004305030201052420a03a5a050101f100070000007716

2025-01-07T14:48:52.212016+0800 INFO 执行结果：<mode.bean.DuringResult object at 0x0000022422567F90>
2025-01-07T14:48:52.224124+0800 INFO 接收的数据：682A00C305030201052420A04CBA850101F100070001020306000000B306000000000600000000000068DC16
2025-01-07T14:48:52.225205+0800 INFO 接收到被测设备的上行报文：682A00C305030201052420A04CBA850101F100070001020306000000B306000000000600000000000068DC16

2025-01-07T14:48:52.232762+0800 INFO 【用例执行前序准备阶段】步骤5：读取计数器（F1000700）,读取计数器成功

2025-01-07T14:48:52.232762+0800 INFO 计数器:000000b4

2025-01-07T14:48:52.232762+0800 INFO 【用例执行前序准备阶段】步骤6：读取安全模式参数（F1010200）
2025-01-07T14:48:52.232762+0800 INFO 发送至被测设备的下行报文：6817004305030201052420a03a5a050101f101020000065216

2025-01-07T14:48:52.660899+0800 INFO 执行结果：<mode.bean.DuringResult object at 0x00000224225BD410>
2025-01-07T14:48:52.660899+0800 INFO 接收的数据：681B00C305030201052420A0127C850101F101020001160100007CF616
2025-01-07T14:48:52.660899+0800 INFO 接收到被测设备的上行报文：681B00C305030201052420A0127C850101F101020001160100007CF616

2025-01-07T14:48:52.678158+0800 INFO 【用例执行前序准备阶段】步骤6：读取安全模式参数（F1010200）,读取安全模式参数成功

2025-01-07T14:48:52.680320+0800 INFO 安全模式参数:01

2025-01-07T14:48:52.680320+0800 INFO 【用例执行前序准备阶段】步骤7：与加密机主站会话协商
2025-01-07T14:48:52.788552+0800 INFO 建立应用连接开始
2025-01-07T14:48:52.809795+0800 INFO 【用例执行前序准备阶段】步骤8：建立应用连接
2025-01-07T14:48:52.812308+0800 INFO 发送至被测设备的下行报文：685e004305030201052420a0047e02000010ffffffffffffffffffffffffffffffffffffffffffffffff020002000107d0000151800220b3f14d4bc613de1f409650f98cf3f83bd177985b599b38662e693bea652b8ee404a8164e05003e3616

2025-01-07T14:48:53.727365+0800 INFO 执行结果：<mode.bean.DuringResult object at 0x00000224213A5410>
2025-01-07T14:48:53.737889+0800 INFO 接收的数据：689000C305030201052420A010AC820000000000000000000000000000000000000000000000000000000000000000000016FFFFFFFFC0000000FFFEC400000000000000000000000000080008000107D000000708000130EE386204E8696CC0783116D950AA50D2C7FD7960DBBE6B9703FB5B7BC287D28D7E147E6840CC55EE95C57F29DEB1046A0495F6F47C0000387416
2025-01-07T14:48:53.737889+0800 INFO 接收到被测设备的上行报文：689000C305030201052420A010AC820000000000000000000000000000000000000000000000000000000000000000000016FFFFFFFFC0000000FFFEC400000000000000000000000000080008000107D000000708000130EE386204E8696CC0783116D950AA50D2C7FD7960DBBE6B9703FB5B7BC287D28D7E147E6840CC55EE95C57F29DEB1046A0495F6F47C0000387416

2025-01-07T14:48:53.747891+0800 INFO 【用例执行前序准备阶段】步骤8：建立应用连接,应用连接请求成功
2025-01-07T14:48:53.747891+0800 INFO 【用例执行前序准备阶段】步骤9：加密机协商验证
2025-01-07T14:48:53.838774+0800 INFO 【用例执行前序准备阶段】步骤9：加密机协商验证,密钥协商成功

2025-01-07T14:48:53.838774+0800 INFO 安全模式已启用，无需设置

2025-01-07T14:48:53.838774+0800 INFO 密钥协商成功
2025-01-07T14:48:53.838774+0800 INFO 建立应用连接成功
2025-01-07T14:48:53.848776+0800 INFO 执行:用例执行前校时
2025-01-07T14:48:53.848776+0800 INFO 执行:设置时钟:2025-01-07 14:48:53.848776
2025-01-07T14:48:53.848776+0800 INFO Send:060103400002001C07E901070E303500
2025-01-07T14:48:53.848776+0800 INFO 发送至安全服务的明文APDU：060103400002001C07E901070E303500

2025-01-07T14:48:54.000008+0800 INFO 安全服务返回的密文APDU：10012067FFE9CA6B14CCE72239E6835ADB9799DD9CEC91FF01718B8B05C15C548BE5A900811C331002002404557CE395

2025-01-07T14:48:54.000008+0800 INFO 发送至被测设备的下行报文：683f004305030201052420a01a0410012067ffe9ca6b14cce72239e6835adb9799dd9cec91ff01718b8b05c15c548be5a900811c331002002404557ce395f22716

2025-01-07T14:48:54.625347+0800 INFO 安全传输执行结果：{'ProtocolData': '682900C305030201052420A0FF449001101BF9A0970A941A414FEB71D274FA620401000491BE2940C84116'}
2025-01-07T14:48:54.625347+0800 INFO 接收到被测设备的上行报文：682900C305030201052420A0FF449001101BF9A0970A941A414FEB71D274FA620401000491BE2940C84116

2025-01-07T14:48:54.625347+0800 INFO 安全传输接收的数据：682900C305030201052420A0FF449001101BF9A0970A941A414FEB71D274FA620401000491BE2940C84116
2025-01-07T14:48:54.640979+0800 INFO 发送至安全服务的密文APDU：9001101BF9A0970A941A414FEB71D274FA620401000491BE2940

2025-01-07T14:48:54.757948+0800 INFO 安全服务返回的明文APDU：86010340000200000000

2025-01-07T14:48:54.757948+0800 INFO Recv:86010340000200000000
2025-01-07T14:48:54.776118+0800 INFO 执行:设置时钟完成
2025-01-07T14:48:54.776118+0800 INFO 执行:设置有功功率控制有效标志位为无效
2025-01-07T14:48:54.776118+0800 INFO Send:06010430610900030000
2025-01-07T14:48:54.787627+0800 INFO 发送至安全服务的明文APDU：06010430610900030000

2025-01-07T14:48:54.908909+0800 INFO 安全服务返回的密文APDU：1001106B4A179E7678146877E61258CACCC8AD00811C33100200140433BFD70F

2025-01-07T14:48:54.908909+0800 INFO 发送至被测设备的下行报文：682f004305030201052420a05f751001106b4a179e7678146877e61258caccc8ad00811c33100200140433bfd70f2b1016

2025-01-07T14:48:55.437758+0800 INFO 安全传输执行结果：{'ProtocolData': '682900C305030201052420A0FF4490011099623393038F7F73B7395FCFFE640246010004E79CC1120C5116'}
2025-01-07T14:48:55.441607+0800 INFO 接收到被测设备的上行报文：682900C305030201052420A0FF4490011099623393038F7F73B7395FCFFE640246010004E79CC1120C5116

2025-01-07T14:48:55.446842+0800 INFO 安全传输接收的数据：682900C305030201052420A0FF4490011099623393038F7F73B7395FCFFE640246010004E79CC1120C5116
2025-01-07T14:48:55.446842+0800 INFO 发送至安全服务的密文APDU：90011099623393038F7F73B7395FCFFE640246010004E79CC112

2025-01-07T14:48:55.590837+0800 INFO 安全服务返回的明文APDU：86010430610900000000

2025-01-07T14:48:55.604880+0800 INFO Recv:86010430610900000000
2025-01-07T14:48:55.604880+0800 INFO 执行:设置有功功率有效标志位为无效完成
2025-01-07T14:48:55.616383+0800 INFO 执行：开始测试485通信方式
2025-01-07T14:48:55.616383+0800 INFO 设置允许跟随上报
2025-01-07T14:48:55.616383+0800 INFO Send:0601054300070003010107E901070E30370000FF
2025-01-07T14:48:55.616383+0800 INFO 发送至安全服务的明文APDU：0601054300070003010107E901070E30370000FF

2025-01-07T14:48:55.734970+0800 INFO 安全服务返回的密文APDU：1001205784A670764090F9F0FCF819D6C93CC8CA95C2D3050547759EB68F5E5BEED1E200811C33100200240417DE3772

2025-01-07T14:48:55.734970+0800 INFO 发送至被测设备的下行报文：683f004305030201052420a01a041001205784a670764090f9f0fcf819d6c93cc8ca95c2d3050547759eb68f5e5beed1e200811c33100200240417de37726e6816

2025-01-07T14:48:56.362590+0800 INFO 安全传输执行结果：{'ProtocolData': '683900C305030201052420A0BA35900120B92B7E45165EA9C9AC9F6C3E436C6691A0E31D4CEE257B6B421581918B7A0BCC01000496A5A805393916'}
2025-01-07T14:48:56.362590+0800 INFO 接收到被测设备的上行报文：683900C305030201052420A0BA35900120B92B7E45165EA9C9AC9F6C3E436C6691A0E31D4CEE257B6B421581918B7A0BCC01000496A5A805393916

2025-01-07T14:48:56.375118+0800 INFO 安全传输接收的数据：683900C305030201052420A0BA35900120B92B7E45165EA9C9AC9F6C3E436C6691A0E31D4CEE257B6B421581918B7A0BCC01000496A5A805393916
2025-01-07T14:48:56.375118+0800 INFO 发送至安全服务的密文APDU：900120B92B7E45165EA9C9AC9F6C3E436C6691A0E31D4CEE257B6B421581918B7A0BCC01000496A5A805

2025-01-07T14:48:56.477351+0800 INFO 安全服务返回的明文APDU：8601054300070000000107E901070E30370000FF

2025-01-07T14:48:56.484328+0800 INFO Recv:8601054300070000000107E901070E30370000FF
2025-01-07T14:48:56.488314+0800 INFO 设置允许跟随上报完成
2025-01-07T14:48:56.491882+0800 INFO 执行：开始跟随上报完成
2025-01-07T14:48:56.493420+0800 INFO 执行:设置事件初始化
2025-01-07T14:48:56.493420+0800 INFO Send:07010643000500000107E901070E30380000FF
2025-01-07T14:48:56.493420+0800 INFO 发送至安全服务的明文APDU：07010643000500000107E901070E30380000FF

2025-01-07T14:48:56.609930+0800 INFO 安全服务返回的密文APDU：1001200EBED2917AFF049926611676CB33ED3EE50985073D1D097A5C16EC928D18D66400811C331002002404A01E373C

2025-01-07T14:48:56.614451+0800 INFO 发送至被测设备的下行报文：683f004305030201052420a01a041001200ebed2917aff049926611676cb33ed3ee50985073d1d097a5c16ec928d18d66400811c331002002404a01e373c6d0716

2025-01-07T14:48:57.233965+0800 INFO 安全传输执行结果：{'ProtocolData': '682900C305030201052420A0FF44900110199069F15E64F2A36902758C26D4119A0100040D9D232A5A0716'}
2025-01-07T14:48:57.248483+0800 INFO 接收到被测设备的上行报文：682900C305030201052420A0FF44900110199069F15E64F2A36902758C26D4119A0100040D9D232A5A0716

2025-01-07T14:48:57.252599+0800 INFO 安全传输接收的数据：682900C305030201052420A0FF44900110199069F15E64F2A36902758C26D4119A0100040D9D232A5A0716
2025-01-07T14:48:57.252599+0800 INFO 发送至安全服务的密文APDU：900110199069F15E64F2A36902758C26D4119A0100040D9D232A

2025-01-07T14:48:57.397912+0800 INFO 安全服务返回的明文APDU：8701064300050000000000

2025-01-07T14:48:57.403501+0800 INFO Recv:8701064300050000000000
2025-01-07T14:48:57.403501+0800 INFO 执行:设置事件初始化结束
2025-01-07T14:48:57.403501+0800 INFO 等待30s
2025-01-07T14:49:27.419643+0800 INFO 执行:设置事件有效标志
2025-01-07T14:49:27.430164+0800 INFO Send:06010730920900030100
2025-01-07T14:49:27.434686+0800 INFO 发送至安全服务的明文APDU：06010730920900030100

2025-01-07T14:49:27.535346+0800 INFO 安全服务返回的密文APDU：100110BD28EF289288E8C2C813F19636E0B25B00811C331002001404D9DBEE23

2025-01-07T14:49:27.535346+0800 INFO 发送至被测设备的下行报文：682f004305030201052420a05f75100110bd28ef289288e8c2c813f19636e0b25b00811c331002001404d9dbee23d3aa16

2025-01-07T14:49:28.062679+0800 INFO 安全传输执行结果：{'ProtocolData': '682900C305030201052420A0FF4490011085145C2D0916E655B403A08F86BE0CBB01000463222D8F549816'}
2025-01-07T14:49:28.062679+0800 INFO 接收到被测设备的上行报文：682900C305030201052420A0FF4490011085145C2D0916E655B403A08F86BE0CBB01000463222D8F549816

2025-01-07T14:49:28.062679+0800 INFO 安全传输接收的数据：682900C305030201052420A0FF4490011085145C2D0916E655B403A08F86BE0CBB01000463222D8F549816
2025-01-07T14:49:28.076200+0800 INFO 发送至安全服务的密文APDU：90011085145C2D0916E655B403A08F86BE0CBB01000463222D8F

2025-01-07T14:49:28.212093+0800 INFO 安全服务返回的明文APDU：86010730920900000000

2025-01-07T14:49:28.212093+0800 INFO Recv:86010730920900000000
2025-01-07T14:49:28.227610+0800 INFO 执行:设置事件有效标志完成
2025-01-07T14:49:28.227610+0800 INFO 执行:设置事件上报标识
2025-01-07T14:49:28.236628+0800 INFO Send:06010830920800160300
2025-01-07T14:49:28.241638+0800 INFO 发送至安全服务的明文APDU：06010830920800160300

2025-01-07T14:49:28.363287+0800 INFO 安全服务返回的密文APDU：100110BDAEB22220924BE7C36B4162BCA3666000811C3310020014049D9255C8

2025-01-07T14:49:28.370801+0800 INFO 发送至被测设备的下行报文：682f004305030201052420a05f75100110bdaeb22220924be7c36b4162bca3666000811c3310020014049d9255c8f2a116

2025-01-07T14:49:28.883500+0800 INFO 安全传输执行结果：{'ProtocolData': '682900C305030201052420A0FF44900110572E4E8B139ECFCD2FF5283580E4EFB0010004315B1E964CA716'}
2025-01-07T14:49:28.896523+0800 INFO 接收到被测设备的上行报文：682900C305030201052420A0FF44900110572E4E8B139ECFCD2FF5283580E4EFB0010004315B1E964CA716

2025-01-07T14:49:28.896523+0800 INFO 安全传输接收的数据：682900C305030201052420A0FF44900110572E4E8B139ECFCD2FF5283580E4EFB0010004315B1E964CA716
2025-01-07T14:49:28.896523+0800 INFO 发送至安全服务的密文APDU：900110572E4E8B139ECFCD2FF5283580E4EFB0010004315B1E96

2025-01-07T14:49:28.997369+0800 INFO 安全服务返回的明文APDU：86010830920800000000

2025-01-07T14:49:28.997369+0800 INFO Recv:86010830920800000000
2025-01-07T14:49:28.997369+0800 INFO 执行:设置事件上报标识完成
2025-01-07T14:49:28.997369+0800 INFO 执行:设置事件上报方式为跟随上报
2025-01-07T14:49:29.014148+0800 INFO Send:06010930920B00160100
2025-01-07T14:49:29.017695+0800 INFO 发送至安全服务的明文APDU：06010930920B00160100

2025-01-07T14:49:29.143565+0800 INFO 安全服务返回的密文APDU：100110D8E32B879FD14B4B8FC9F1F69E70549900811C331002001404759C856B

2025-01-07T14:49:29.143565+0800 INFO 发送至被测设备的下行报文：682f004305030201052420a05f75100110d8e32b879fd14b4b8fc9f1f69e70549900811c331002001404759c856bb5d016

2025-01-07T14:49:29.653067+0800 INFO 安全传输执行结果：{'ProtocolData': '682900C305030201052420A0FF449001103C3D8A98C60078888F76DEEAF8A96887010004A95A5EB5863116'}
2025-01-07T14:49:29.653067+0800 INFO 接收到被测设备的上行报文：682900C305030201052420A0FF449001103C3D8A98C60078888F76DEEAF8A96887010004A95A5EB5863116

2025-01-07T14:49:29.653067+0800 INFO 安全传输接收的数据：682900C305030201052420A0FF449001103C3D8A98C60078888F76DEEAF8A96887010004A95A5EB5863116
2025-01-07T14:49:29.668698+0800 INFO 发送至安全服务的密文APDU：9001103C3D8A98C60078888F76DEEAF8A96887010004A95A5EB5

2025-01-07T14:49:29.804579+0800 INFO 安全服务返回的明文APDU：86010930920B00000000

2025-01-07T14:49:29.804579+0800 INFO Recv:86010930920B00000000
2025-01-07T14:49:29.804579+0800 INFO 执行:设置事件上报方式为跟随上报完成
2025-01-07T14:49:29.820209+0800 INFO 执行:清空采集档案配置表
2025-01-07T14:49:29.827264+0800 INFO Send:07010A600086000000
2025-01-07T14:49:29.827264+0800 INFO 发送至安全服务的明文APDU：07010A600086000000

2025-01-07T14:49:29.955674+0800 INFO 安全服务返回的密文APDU：100110CA31FA510ED6DE7AB00A71939BCE394900811C3310020014045478C0CA

2025-01-07T14:49:29.955674+0800 INFO 发送至被测设备的下行报文：682f004305030201052420a05f75100110ca31fa510ed6de7ab00a71939bce394900811c3310020014045478c0caa2fa16

2025-01-07T14:49:30.584073+0800 INFO 安全传输执行结果：{'ProtocolData': '682900C305030201052420A0FF44900110D363B4BE866908B90E9A0D2FEF6DB805010004AA33F5EB102216'}
2025-01-07T14:49:30.584073+0800 INFO 接收到被测设备的上行报文：682900C305030201052420A0FF44900110D363B4BE866908B90E9A0D2FEF6DB805010004AA33F5EB102216

2025-01-07T14:49:30.584073+0800 INFO 安全传输接收的数据：682900C305030201052420A0FF44900110D363B4BE866908B90E9A0D2FEF6DB805010004AA33F5EB102216
2025-01-07T14:49:30.600107+0800 INFO 发送至安全服务的密文APDU：900110D363B4BE866908B90E9A0D2FEF6DB805010004AA33F5EB

2025-01-07T14:49:30.735342+0800 INFO 安全服务返回的明文APDU：87010A6000860000000000

2025-01-07T14:49:30.735342+0800 INFO Recv:87010A6000860000000000
2025-01-07T14:49:30.750866+0800 INFO 执行:清空采集档案配置表完成
2025-01-07T14:49:30.750866+0800 INFO 执行:配置标准逆变器
2025-01-07T14:49:30.750866+0800 INFO 开始下发采集器档案
2025-01-07T14:49:30.760378+0800 INFO Send:07010B60007F000204120001020A5507050000000000011606160551F20102030900110411E91601120898120032020455070500000000000009001200011200010101020251403902000206160011010A086269616F7A68756E1600120001110200
2025-01-07T14:49:30.764889+0800 INFO 发送至安全服务的明文APDU：07010B60007F000204120001020A5507050000000000011606160551F20102030900110411E91601120898120032020455070500000000000009001200011200010101020251403902000206160011010A086269616F7A68756E1600120001110200

2025-01-07T14:49:30.916180+0800 INFO 安全服务返回的密文APDU：100170F51811282CC5C48639D6F3EE31DB06D494474B073F6184340255EF6EB13FEDCDF1A8FAC86B1491D414160EE1D2CAACAD5FAD2BA5E32B6619AC92F7257667CEEB4CFBC91E74A946F6261C7DB9CEDAA64E722B97DDA70E7B4D19E919CFFCDC324436318788E3A5B6E95C327B231E9462FC00811C331002007404B8C63072

2025-01-07T14:49:30.916180+0800 INFO 发送至被测设备的下行报文：688f004305030201052420a0ce05100170f51811282cc5c48639d6f3ee31db06d494474b073f6184340255ef6eb13fedcdf1a8fac86b1491d414160ee1d2caacad5fad2ba5e32b6619ac92f7257667ceeb4cfbc91e74a946f6261c7db9cedaa64e722b97dda70e7b4d19e919cffcdc324436318788e3a5b6e95c327b231e9462fc00811c331002007404b8c63072118c16

2025-01-07T14:49:31.745583+0800 INFO 安全传输执行结果：{'ProtocolData': '682900C305030201052420A0FF449001105E5A15615FFE512431F7E9C079E7D4880100043631077C429616'}
2025-01-07T14:49:31.745583+0800 INFO 接收到被测设备的上行报文：682900C305030201052420A0FF449001105E5A15615FFE512431F7E9C079E7D4880100043631077C429616

2025-01-07T14:49:31.760605+0800 INFO 安全传输接收的数据：682900C305030201052420A0FF449001105E5A15615FFE512431F7E9C079E7D4880100043631077C429616
2025-01-07T14:49:31.760605+0800 INFO 发送至安全服务的密文APDU：9001105E5A15615FFE512431F7E9C079E7D4880100043631077C

2025-01-07T14:49:31.896774+0800 INFO 安全服务返回的明文APDU：87010B60007F0000000000

2025-01-07T14:49:31.896774+0800 INFO Recv:87010B60007F0000000000
2025-01-07T14:49:31.912337+0800 INFO 执行:配置标准逆变器完成
2025-01-07T14:49:31.912337+0800 INFO 执行:设置时钟:2025-01-07 07:00:00
2025-01-07T14:49:31.921364+0800 INFO Send:06010C400002001C07E9010707000000
2025-01-07T14:49:31.921364+0800 INFO 发送至安全服务的明文APDU：06010C400002001C07E9010707000000

2025-01-07T14:49:32.047862+0800 INFO 安全服务返回的密文APDU：100120BC04C5395276DC680B60E7BDC55871BABC9F0BABC43508088D1F950D9C5317A000811C331002002404431478BC

2025-01-07T14:49:32.047862+0800 INFO 发送至被测设备的下行报文：683f004305030201052420a01a04100120bc04c5395276dc680b60e7bdc55871babc9f0babc43508088d1f950d9c5317a000811c331002002404431478bc168916

2025-01-07T14:49:32.669093+0800 INFO 安全传输执行结果：{'ProtocolData': '682900C305030201052420A0FF4490011050575B2862CF79E5750A361A321C8C87010004A375A8AA122716'}
2025-01-07T14:49:32.682778+0800 INFO 接收到被测设备的上行报文：682900C305030201052420A0FF4490011050575B2862CF79E5750A361A321C8C87010004A375A8AA122716

2025-01-07T14:49:32.682778+0800 INFO 安全传输接收的数据：682900C305030201052420A0FF4490011050575B2862CF79E5750A361A321C8C87010004A375A8AA122716
2025-01-07T14:49:32.688356+0800 INFO 发送至安全服务的密文APDU：90011050575B2862CF79E5750A361A321C8C87010004A375A8AA

2025-01-07T14:49:32.850625+0800 INFO 安全服务返回的明文APDU：86010C40000200000000

2025-01-07T14:49:32.854698+0800 INFO Recv:86010C40000200000000
2025-01-07T14:49:32.854698+0800 INFO 执行:设置时钟完成
2025-01-07T14:49:32.854698+0800 INFO 执行:清除调控计划
2025-01-07T14:49:32.870235+0800 INFO Send:07010D482281000000
2025-01-07T14:49:32.870235+0800 INFO 发送至安全服务的明文APDU：07010D482281000000

2025-01-07T14:49:33.006418+0800 INFO 安全服务返回的密文APDU：100110A718AE222B1E0E1B906E32C92790F91100811C3310020014049D181270

2025-01-07T14:49:33.006418+0800 INFO 发送至被测设备的下行报文：682f004305030201052420a05f75100110a718ae222b1e0e1b906e32c92790f91100811c3310020014049d181270e15016

2025-01-07T14:49:33.536069+0800 INFO 安全传输执行结果：{'ProtocolData': '682900C305030201052420A0FF4490011068233A2580560F93BE9776ABE680F336010004C003C3AEA00016'}
2025-01-07T14:49:33.539156+0800 INFO 接收到被测设备的上行报文：682900C305030201052420A0FF4490011068233A2580560F93BE9776ABE680F336010004C003C3AEA00016

2025-01-07T14:49:33.544733+0800 INFO 安全传输接收的数据：682900C305030201052420A0FF4490011068233A2580560F93BE9776ABE680F336010004C003C3AEA00016
2025-01-07T14:49:33.544733+0800 INFO 发送至安全服务的密文APDU：90011068233A2580560F93BE9776ABE680F336010004C003C3AE

2025-01-07T14:49:33.690813+0800 INFO 安全服务返回的明文APDU：87010D4822810000000000

2025-01-07T14:49:33.692318+0800 INFO Recv:87010D4822810000000000
2025-01-07T14:49:33.692318+0800 INFO 执行:清除调控计划完成
2025-01-07T14:49:33.692318+0800 INFO 执行:设置时段控制参数
2025-01-07T14:49:33.692318+0800 INFO Send:07010E48227F0001010205120001110216021A07E9010702010202031602020411091100110A110001010202160105000249F0020316010204110B1100110C11000101020216020500030D4000
2025-01-07T14:49:33.692318+0800 INFO 发送至安全服务的明文APDU：07010E48227F0001010205120001110216021A07E9010702010202031602020411091100110A110001010202160105000249F0020316010204110B1100110C11000101020216020500030D4000

2025-01-07T14:49:33.842041+0800 INFO 安全服务返回的密文APDU：10015015C39410F4F7CCFDEAF84956F15D6EFA093D1DA93291CF173BFAECBD5A2B9708B73BF6D97BAC7D27A2A9EBF673DCC1E8CD341D4C8B250B1364237301EEE53F918E6A072C80275AC23F175652FB2D4A9E00811C33100200540439ADED88

2025-01-07T14:49:33.842041+0800 INFO 发送至被测设备的下行报文：686f004305030201052420a05ab810015015c39410f4f7ccfdeaf84956f15d6efa093d1da93291cf173bfaecbd5a2b9708b73bf6d97bac7d27a2a9ebf673dcc1e8cd341d4c8b250b1364237301eee53f918e6a072c80275ac23f175652fb2d4a9e00811c33100200540439aded88b04116

2025-01-07T14:49:34.469095+0800 INFO 安全传输执行结果：{'ProtocolData': '682900C305030201052420A0FF449001103CEF658DC26DB1487BE92A523B859107010004A73ACDB6AFAE16'}
2025-01-07T14:49:34.473986+0800 INFO 接收到被测设备的上行报文：682900C305030201052420A0FF449001103CEF658DC26DB1487BE92A523B859107010004A73ACDB6AFAE16

2025-01-07T14:49:34.477971+0800 INFO 安全传输接收的数据：682900C305030201052420A0FF449001103CEF658DC26DB1487BE92A523B859107010004A73ACDB6AFAE16
2025-01-07T14:49:34.481958+0800 INFO 发送至安全服务的密文APDU：9001103CEF658DC26DB1487BE92A523B859107010004A73ACDB6

2025-01-07T14:49:34.599520+0800 INFO 安全服务返回的明文APDU：87010E48227F0000000000

2025-01-07T14:49:34.599520+0800 INFO Recv:87010E48227F0000000000
2025-01-07T14:49:34.599520+0800 INFO 执行:设置时段控制参数完成
2025-01-07T14:49:34.615150+0800 INFO 执行:设置时钟:2025-01-07 08:59:50
2025-01-07T14:49:34.620181+0800 INFO Send:06010F400002001C07E90107083B3200
2025-01-07T14:49:34.620181+0800 INFO 发送至安全服务的明文APDU：06010F400002001C07E90107083B3200

2025-01-07T14:49:34.750444+0800 INFO 安全服务返回的密文APDU：10012095B104718DC22D73EF5FB30B7E2B6070AB57581999466A6BFFC79C4577158F0800811C331002002404AD2410A9

2025-01-07T14:49:34.750444+0800 INFO 发送至被测设备的下行报文：683f004305030201052420a01a0410012095b104718dc22d73ef5fb30b7e2b6070ab57581999466a6bffc79c4577158f0800811c331002002404ad2410a9887f16

2025-01-07T14:49:35.377013+0800 INFO 安全传输执行结果：{'ProtocolData': '682900C305030201052420A0FF44900110B67036EBA661E4EBB315858ACCA574F5010004FC01DD167C7E16'}
2025-01-07T14:49:35.377013+0800 INFO 接收到被测设备的上行报文：682900C305030201052420A0FF44900110B67036EBA661E4EBB315858ACCA574F5010004FC01DD167C7E16

2025-01-07T14:49:35.392644+0800 INFO 安全传输接收的数据：682900C305030201052420A0FF44900110B67036EBA661E4EBB315858ACCA574F5010004FC01DD167C7E16
2025-01-07T14:49:35.396155+0800 INFO 发送至安全服务的密文APDU：900110B67036EBA661E4EBB315858ACCA574F5010004FC01DD16

2025-01-07T14:49:35.527710+0800 INFO 安全服务返回的明文APDU：86010F40000200000000

2025-01-07T14:49:35.527710+0800 INFO Recv:86010F40000200000000
2025-01-07T14:49:35.543340+0800 INFO 执行:设置时钟完成
2025-01-07T14:49:35.543340+0800 INFO 开始在180秒内抄读电压等待跟随上报
2025-01-07T14:49:38.548370+0800 INFO 读取交流电压采样数据,等待跟随上报...
2025-01-07T14:49:38.557977+0800 INFO Send:0501102000020000
2025-01-07T14:49:38.563684+0800 INFO 发送至安全服务的明文APDU：0501102000020000

2025-01-07T14:49:38.696429+0800 INFO 安全服务返回的密文APDU：100110FDBDED5BA79DB71A779477FD658D47CD00811C3310020014047A97A6BD

2025-01-07T14:49:38.704439+0800 INFO 发送至被测设备的下行报文：682f004305030201052420a05f75100110fdbded5ba79db71a779477fd658d47cd00811c3310020014047a97a6bd47ec16

2025-01-07T14:49:39.222319+0800 INFO 安全传输执行结果：{'ProtocolData': '683900C305030201052420A0BA35900120B29BD29A763930CB7DAB814724A8B959F29ABBF02803B1F98BA3559D3F2CC51F0100047CBFF950C91216'}
2025-01-07T14:49:39.222319+0800 INFO 接收到被测设备的上行报文：683900C305030201052420A0BA35900120B29BD29A763930CB7DAB814724A8B959F29ABBF02803B1F98BA3559D3F2CC51F0100047CBFF950C91216

2025-01-07T14:49:39.222319+0800 INFO 安全传输接收的数据：683900C305030201052420A0BA35900120B29BD29A763930CB7DAB814724A8B959F29ABBF02803B1F98BA3559D3F2CC51F0100047CBFF950C91216
2025-01-07T14:49:39.236954+0800 INFO 发送至安全服务的密文APDU：900120B29BD29A763930CB7DAB814724A8B959F29ABBF02803B1F98BA3559D3F2CC51F0100047CBFF950

2025-01-07T14:49:39.374326+0800 INFO 安全服务返回的明文APDU：850110200002000101031208981200001200000000

2025-01-07T14:49:39.374326+0800 INFO Recv:850110200002000101031208981200001200000000
2025-01-07T14:49:39.388342+0800 INFO 未发现跟随上报信息域,继续
2025-01-07T14:49:42.393596+0800 INFO 读取交流电压采样数据,等待跟随上报...
2025-01-07T14:49:42.402627+0800 INFO Send:0501112000020000
2025-01-07T14:49:42.411661+0800 INFO 发送至安全服务的明文APDU：0501112000020000

2025-01-07T14:49:42.514461+0800 INFO 安全服务返回的密文APDU：100110DB87A018874B2E478905947B09F1D06400811C331002001404B9A6D67F

2025-01-07T14:49:42.514461+0800 INFO 发送至被测设备的下行报文：682f004305030201052420a05f75100110db87a018874b2e478905947b09f1d06400811c331002001404b9a6d67f9db816

2025-01-07T14:49:43.038184+0800 INFO 安全传输执行结果：{'ProtocolData': '683900C305030201052420A0BA359001204E6C7B51738FC7D1A8C61249CECD18315122794D911F21713B22E01E2FA32AA70100047A20497B5B2D16'}
2025-01-07T14:49:43.038184+0800 INFO 接收到被测设备的上行报文：683900C305030201052420A0BA359001204E6C7B51738FC7D1A8C61249CECD18315122794D911F21713B22E01E2FA32AA70100047A20497B5B2D16

2025-01-07T14:49:43.053813+0800 INFO 安全传输接收的数据：683900C305030201052420A0BA359001204E6C7B51738FC7D1A8C61249CECD18315122794D911F21713B22E01E2FA32AA70100047A20497B5B2D16
2025-01-07T14:49:43.058824+0800 INFO 发送至安全服务的密文APDU：9001204E6C7B51738FC7D1A8C61249CECD18315122794D911F21713B22E01E2FA32AA70100047A20497B

2025-01-07T14:49:43.154597+0800 INFO 安全服务返回的明文APDU：850111200002000101031208981200001200000000

2025-01-07T14:49:43.159608+0800 INFO Recv:850111200002000101031208981200001200000000
2025-01-07T14:49:43.159608+0800 INFO 未发现跟随上报信息域,继续
2025-01-07T14:49:46.173069+0800 INFO 读取交流电压采样数据,等待跟随上报...
2025-01-07T14:49:46.173069+0800 INFO Send:0501122000020000
2025-01-07T14:49:46.188701+0800 INFO 发送至安全服务的明文APDU：0501122000020000

2025-01-07T14:49:46.324384+0800 INFO 安全服务返回的密文APDU：10011094996D46A89A254493B42902702CB88D00811C331002001404758DF5AA

2025-01-07T14:49:46.324384+0800 INFO 发送至被测设备的下行报文：682f004305030201052420a05f7510011094996d46a89a254493b42902702cb88d00811c331002001404758df5aa251816

2025-01-07T14:49:46.848918+0800 INFO 安全传输执行结果：{'ProtocolData': '684900C305030201052420A0706B9001305CD293A7C18A24E76BB1D258E7B756DAF28C24722794EA234926073E1C9AB9FED22D8ECBDDBDBA6BAB156B6DEF4C37B8010004F0172A1A403C16'}
2025-01-07T14:49:46.854431+0800 INFO 接收到被测设备的上行报文：684900C305030201052420A0706B9001305CD293A7C18A24E76BB1D258E7B756DAF28C24722794EA234926073E1C9AB9FED22D8ECBDDBDBA6BAB156B6DEF4C37B8010004F0172A1A403C16

2025-01-07T14:49:46.854431+0800 INFO 安全传输接收的数据：684900C305030201052420A0706B9001305CD293A7C18A24E76BB1D258E7B756DAF28C24722794EA234926073E1C9AB9FED22D8ECBDDBDBA6BAB156B6DEF4C37B8010004F0172A1A403C16
2025-01-07T14:49:46.864962+0800 INFO 发送至安全服务的密文APDU：9001305CD293A7C18A24E76BB1D258E7B756DAF28C24722794EA234926073E1C9AB9FED22D8ECBDDBDBA6BAB156B6DEF4C37B8010004F0172A1A

2025-01-07T14:49:46.982617+0800 INFO 安全服务返回的明文APDU：8501122000020001010312089812000012000001010133200200010101513092020000

2025-01-07T14:49:47.000268+0800 INFO Recv:8501122000020001010312089812000012000001010133200200010101513092020000
2025-01-07T14:49:47.000268+0800 INFO 发现跟随上报信息域
2025-01-07T14:49:47.000268+0800 INFO 30920200产生跟随事件上报
2025-01-07T14:49:47.000268+0800 INFO 执行：读取事件个数
2025-01-07T14:49:47.016806+0800 INFO Send:0501133092040000
2025-01-07T14:49:47.016806+0800 INFO 发送至安全服务的明文APDU：0501133092040000

2025-01-07T14:49:47.117708+0800 INFO 安全服务返回的密文APDU：10011033B130EC68A9C7122C431D1F10243C6E00811C331002001404ACBCFE4A

2025-01-07T14:49:47.117708+0800 INFO 发送至被测设备的下行报文：682f004305030201052420a05f7510011033b130ec68a9c7122c431d1f10243c6e00811c331002001404acbcfe4aa7a116

2025-01-07T14:49:47.641678+0800 INFO 安全传输执行结果：{'ProtocolData': '683900C305030201052420A0BA35900120231550343262D7E133AFD2C388CBB83CBE7F1889B3B41FB50FF7AF1A6719DC2A0100042E6E46CF357616'}
2025-01-07T14:49:47.656738+0800 INFO 接收到被测设备的上行报文：683900C305030201052420A0BA35900120231550343262D7E133AFD2C388CBB83CBE7F1889B3B41FB50FF7AF1A6719DC2A0100042E6E46CF357616

2025-01-07T14:49:47.657747+0800 INFO 安全传输接收的数据：683900C305030201052420A0BA35900120231550343262D7E133AFD2C388CBB83CBE7F1889B3B41FB50FF7AF1A6719DC2A0100042E6E46CF357616
2025-01-07T14:49:47.657747+0800 INFO 发送至安全服务的密文APDU：900120231550343262D7E133AFD2C388CBB83CBE7F1889B3B41FB50FF7AF1A6719DC2A0100042E6E46CF

2025-01-07T14:49:47.758250+0800 INFO 安全服务返回的明文APDU：850113309204000112000101010133200200010101513092020000

2025-01-07T14:49:47.774799+0800 INFO Recv:850113309204000112000101010133200200010101513092020000
2025-01-07T14:49:47.774799+0800 INFO 30920400事件个数:1
2025-01-07T14:49:47.774799+0800 INFO 执行：读取事件个数结束
2025-01-07T14:49:47.774799+0800 INFO 执行：读取事件内容
2025-01-07T14:49:47.791342+0800 INFO Send:0503143092020009010300201E02000020200200002022020000
2025-01-07T14:49:47.791342+0800 INFO 发送至安全服务的明文APDU：0503143092020009010300201E02000020200200002022020000

2025-01-07T14:49:47.893207+0800 INFO 安全服务返回的密文APDU：1001200137CCBC2F082CD4FE4C029F00A578412A4A4B5164D654837BEF66DE728A6C5D00811C331002002404070EE456

2025-01-07T14:49:47.893207+0800 INFO 发送至被测设备的下行报文：683f004305030201052420a01a041001200137ccbc2f082cd4fe4c029f00a578412a4a4b5164d654837bef66de728a6c5d00811c331002002404070ee4564a5e16

2025-01-07T14:49:48.518641+0800 INFO 安全传输执行结果：{'ProtocolData': '685900C305030201052420A0351A9001401F3BADC09E88450FDB84A2D63CC614912D5A7CF27265C2EDBDAD4D248231334010119D3F391AECA0E82917ECBBCB4C446DC9623E65983E70DCD3C7B5225D5C560100044D20F9DF697F16'}
2025-01-07T14:49:48.534185+0800 INFO 接收到被测设备的上行报文：685900C305030201052420A0351A9001401F3BADC09E88450FDB84A2D63CC614912D5A7CF27265C2EDBDAD4D248231334010119D3F391AECA0E82917ECBBCB4C446DC9623E65983E70DCD3C7B5225D5C560100044D20F9DF697F16

2025-01-07T14:49:48.534185+0800 INFO 安全传输接收的数据：685900C305030201052420A0351A9001401F3BADC09E88450FDB84A2D63CC614912D5A7CF27265C2EDBDAD4D248231334010119D3F391AECA0E82917ECBBCB4C446DC9623E65983E70DCD3C7B5225D5C560100044D20F9DF697F16
2025-01-07T14:49:48.534185+0800 INFO 发送至安全服务的密文APDU：9001401F3BADC09E88450FDB84A2D63CC614912D5A7CF27265C2EDBDAD4D248231334010119D3F391AECA0E82917ECBBCB4C446DC9623E65983E70DCD3C7B5225D5C560100044D20F9DF

2025-01-07T14:49:48.635185+0800 INFO 安全服务返回的明文APDU：850314309202000300201E02000020200200002022020001011C07E901070900001C07E9010709000006000000000000

2025-01-07T14:49:48.649824+0800 INFO Recv:850314309202000300201E02000020200200002022020001011C07E901070900001C07E9010709000006000000000000
2025-01-07T14:49:48.649824+0800 INFO 事件记录号:0,事件发生时间:2025-01-07 09:00:00,事件结束时间:2025-01-07 09:00:00
2025-01-07T14:49:48.649824+0800 INFO 执行：验证事件内容结束
2025-01-07T14:49:48.649824+0800 INFO 执行:清除调控计划
2025-01-07T14:49:48.649824+0800 INFO Send:070115482281000000
2025-01-07T14:49:48.649824+0800 INFO 发送至安全服务的明文APDU：070115482281000000

2025-01-07T14:49:48.767352+0800 INFO 安全服务返回的密文APDU：100110BCAEA6109C6D514492D6109D550DC76A00811C3310020014040F776FD1

2025-01-07T14:49:48.767352+0800 INFO 发送至被测设备的下行报文：682f004305030201052420a05f75100110bcaea6109c6d514492d6109d550dc76a00811c3310020014040f776fd19e5216

2025-01-07T14:49:49.294451+0800 INFO 安全传输执行结果：{'ProtocolData': '682900C305030201052420A0FF44900110C5860E9A920E0C04E2E14099278FFB9C0100042C4923ABDBBB16'}
2025-01-07T14:49:49.307482+0800 INFO 接收到被测设备的上行报文：682900C305030201052420A0FF44900110C5860E9A920E0C04E2E14099278FFB9C0100042C4923ABDBBB16

2025-01-07T14:49:49.307482+0800 INFO 安全传输接收的数据：682900C305030201052420A0FF44900110C5860E9A920E0C04E2E14099278FFB9C0100042C4923ABDBBB16
2025-01-07T14:49:49.307482+0800 INFO 发送至安全服务的密文APDU：900110C5860E9A920E0C04E2E14099278FFB9C0100042C4923AB

2025-01-07T14:49:49.431758+0800 INFO 安全服务返回的明文APDU：8701154822810000000000

2025-01-07T14:49:49.436159+0800 INFO Recv:8701154822810000000000
2025-01-07T14:49:49.440417+0800 INFO 执行:清除调控计划完成
2025-01-07T14:49:49.444496+0800 INFO 测试事件：调控事件完成
2025-01-07T14:49:49.444496+0800 INFO 用例:事件记录及上报:本地调控事件通过(跟随上报)
2025-01-07T14:49:49.444496+0800 INFO 测试时间00天00时00分59秒
2025-01-07T14:49:49.463887+0800 INFO 执行结果: 
2025-01-07T14:49:49.465880+0800 INFO 执行时间: 135秒
2025-01-07T14:49:49.467873+0800 INFO 表位 3 完成执行测试用例: 跟随上报
